Using pre-set license
Built from '2020.3/staging' branch; Version is '2020.3.19f1 (68f137dc9bbe) revision 6877495'; Using compiler version '192528614'; Build Type 'Release'
OS: 'Windows 10 Pro; OS build 19042.1288; Version 2009; 64bit' Language: 'ru' Physical Memory: 8002 MB
BatchMode: 1, IsHumanControllingUs: 0, StartBugReporterOnCrash: 0, Is64bit: 1, IsPro: 0

COMMAND LINE ARGUMENTS:
C:\Program Files\Unity\Hub\Editor\2020.3.19f1\Editor\Unity.exe
-adb2
-batchMode
-noUpm
-name
AssetImportWorker5
-projectPath
D:/GameDev/Portfolio/Project/Summary
-logFile
Logs/AssetImportWorker5.log
-srvPort
54035
Successfully changed project path to: D:/GameDev/Portfolio/Project/Summary
D:/GameDev/Portfolio/Project/Summary
Using Asset Import Pipeline V2.
Refreshing native plugins compatible for Editor in 82.97 ms, found 2 plugins.
Preloading 0 native plugins for Editor in 0.00 ms.
Initialize engine version: 2020.3.19f1 (68f137dc9bbe)
[Subsystems] Discovering subsystems at path C:/Program Files/Unity/Hub/Editor/2020.3.19f1/Editor/Data/Resources/UnitySubsystems
[Subsystems] Discovering subsystems at path D:/GameDev/Portfolio/Project/Summary/Assets
GfxDevice: creating device client; threaded=0
Direct3D:
    Version:  Direct3D 11.0 [level 11.1]
    Renderer: Radeon RX 560X (ID=0x67ef)
    Vendor:   
    VRAM:     4076 MB
    Driver:   26.20.12036.4002
Initialize mono
Mono path[0] = 'C:/Program Files/Unity/Hub/Editor/2020.3.19f1/Editor/Data/Managed'
Mono path[1] = 'C:/Program Files/Unity/Hub/Editor/2020.3.19f1/Editor/Data/MonoBleedingEdge/lib/mono/unityjit'
Mono config path = 'C:/Program Files/Unity/Hub/Editor/2020.3.19f1/Editor/Data/MonoBleedingEdge/etc'
Using monoOptions --debugger-agent=transport=dt_socket,embedding=1,server=y,suspend=n,address=127.0.0.1:56352
Begin MonoManager ReloadAssembly
Registering precompiled unity dll's ...
Register platform support module: C:/Program Files/Unity/Hub/Editor/2020.3.19f1/Editor/Data/PlaybackEngines/WebGLSupport/UnityEditor.WebGL.Extensions.dll
Register platform support module: C:/Program Files/Unity/Hub/Editor/2020.3.19f1/Editor/Data/PlaybackEngines/WindowsStandaloneSupport/UnityEditor.WindowsStandalone.Extensions.dll
Registered in 0.003277 seconds.
Native extension for WindowsStandalone target not found
Native extension for WebGL target not found
Refreshing native plugins compatible for Editor in 81.43 ms, found 2 plugins.
Preloading 0 native plugins for Editor in 0.00 ms.
Mono: successfully reloaded assembly
- Completed reload, in  2.945 seconds
Domain Reload Profiling:
	ReloadAssembly (2945ms)
		BeginReloadAssembly (79ms)
			ExecutionOrderSort (0ms)
			DisableScriptedObjects (0ms)
			BackupInstance (0ms)
			ReleaseScriptingObjects (0ms)
			CreateAndSetChildDomain (1ms)
		EndReloadAssembly (580ms)
			LoadAssemblies (76ms)
			RebuildTransferFunctionScriptingTraits (0ms)
			SetupTypeCache (194ms)
			ReleaseScriptCaches (0ms)
			RebuildScriptCaches (40ms)
			SetupLoadedEditorAssemblies (261ms)
				LogAssemblyErrors (0ms)
				InitializePlatformSupportModulesInManaged (8ms)
				SetLoadedEditorAssemblies (0ms)
				RefreshPlugins (82ms)
				BeforeProcessingInitializeOnLoad (24ms)
				ProcessInitializeOnLoadAttributes (107ms)
				ProcessInitializeOnLoadMethodAttributes (40ms)
				AfterProcessingInitializeOnLoad (0ms)
				EditorAssembliesLoaded (0ms)
			ExecutionOrderSort2 (0ms)
			AwakeInstancesAfterBackupRestoration (0ms)
Platform modules already initialized, skipping
Registering precompiled user dll's ...
Registered in 0.005347 seconds.
Begin MonoManager ReloadAssembly
Native extension for WindowsStandalone target not found
Native extension for WebGL target not found
Refreshing native plugins compatible for Editor in 129.71 ms, found 2 plugins.
Preloading 0 native plugins for Editor in 0.00 ms.
Mono: successfully reloaded assembly
- Completed reload, in  3.494 seconds
Domain Reload Profiling:
	ReloadAssembly (3499ms)
		BeginReloadAssembly (200ms)
			ExecutionOrderSort (0ms)
			DisableScriptedObjects (6ms)
			BackupInstance (0ms)
			ReleaseScriptingObjects (0ms)
			CreateAndSetChildDomain (24ms)
		EndReloadAssembly (3178ms)
			LoadAssemblies (1675ms)
			RebuildTransferFunctionScriptingTraits (0ms)
			SetupTypeCache (556ms)
			ReleaseScriptCaches (1ms)
			RebuildScriptCaches (72ms)
			SetupLoadedEditorAssemblies (719ms)
				LogAssemblyErrors (0ms)
				InitializePlatformSupportModulesInManaged (8ms)
				SetLoadedEditorAssemblies (0ms)
				RefreshPlugins (130ms)
				BeforeProcessingInitializeOnLoad (174ms)
				ProcessInitializeOnLoadAttributes (392ms)
				ProcessInitializeOnLoadMethodAttributes (6ms)
				AfterProcessingInitializeOnLoad (9ms)
				EditorAssembliesLoaded (0ms)
			ExecutionOrderSort2 (0ms)
			AwakeInstancesAfterBackupRestoration (11ms)
Platform modules already initialized, skipping
========================================================================
Worker process is ready to serve import requests
Launched and connected shader compiler UnityShaderCompiler.exe after 0.14 seconds
Refreshing native plugins compatible for Editor in 0.77 ms, found 2 plugins.
Preloading 0 native plugins for Editor in 0.00 ms.
Unloading 2998 Unused Serialized files (Serialized files now loaded: 0)
System memory in use before: 187.1 MB.
System memory in use after: 187.3 MB.

Unloading 25 unused Assets to reduce memory usage. Loaded Objects now: 3445.
Total: 5.460000 ms (FindLiveObjects: 0.930700 ms CreateObjectMapping: 0.255200 ms MarkObjects: 4.167200 ms  DeleteObjects: 0.105300 ms)

AssetImportParameters requested are different than current active one (requested -> active):
  custom:framework-win-MediaFoundation: 216162199b28c13a410421893ffa2e32 -> 
  custom:video-decoder-ogg-theora: a1e56fd34408186e4bbccfd4996cb3dc -> 
  custom:container-muxer-webm: aa71ff27fc2769a1b78a27578f13a17b -> 
  custom:container-demuxer-webm: 4f35f7cbe854078d1ac9338744f61a02 -> 
  custom:container-demuxer-ogg: 62fdf1f143b41e24485cea50d1cbac27 -> 
  custom:video-encoder-webm-vp8: eb34c28f22e8b96e1ab97ce403110664 -> 
  custom:video-decoder-webm-vp8: 9c59270c3fd7afecdb556c50c9e8de78 -> 
  custom:audio-decoder-ogg-vorbis: bf7c407c2cedff20999df2af8eb42d56 -> 
  custom:audio-encoder-webm-vorbis: bf7c407c2cedff20999df2af8eb42d56 -> 
========================================================================
Received Import Request.
  path: Assets/Textures/Fill_station_house.png
  artifactKey: Guid(b9dbd40190eebae4b8f17cb097577e91) Importer(815301076,1909f56bfc062723c751e8b465ee728b)
Start importing Assets/Textures/Fill_station_house.png using Guid(b9dbd40190eebae4b8f17cb097577e91) Importer(815301076,1909f56bfc062723c751e8b465ee728b)  -> (artifact id: '374ea20e33ad50e5872777b9980df064') in 0.289287 seconds 
  Import took 0.369505 seconds .

========================================================================
Received Import Request.
  Time since last request: 2103.164346 seconds.
  path: Assets/Textures/Roof_Up.png
  artifactKey: Guid(6b18e554278ec52448489fa3514fdeff) Importer(815301076,1909f56bfc062723c751e8b465ee728b)
Start importing Assets/Textures/Roof_Up.png using Guid(6b18e554278ec52448489fa3514fdeff) Importer(815301076,1909f56bfc062723c751e8b465ee728b)  -> (artifact id: '248a195a076dd31dce27079b5996b729') in 0.052670 seconds 
  Import took 0.123718 seconds .

========================================================================
Received Import Request.
  Time since last request: 3379.819573 seconds.
  path: Assets/Textures/Burrel_tex.png
  artifactKey: Guid(6f6147650d26cd448892ffea6cdb0182) Importer(815301076,1909f56bfc062723c751e8b465ee728b)
Start importing Assets/Textures/Burrel_tex.png using Guid(6f6147650d26cd448892ffea6cdb0182) Importer(815301076,1909f56bfc062723c751e8b465ee728b)  -> (artifact id: '904d129775d994501df5488dcefb4c5c') in 0.075414 seconds 
  Import took 0.166585 seconds .

========================================================================
Received Import Request.
  Time since last request: 0.000319 seconds.
  path: Assets/Textures/Sign_tex.png
  artifactKey: Guid(b158334e96e9ff44db0d1fd644ba384d) Importer(815301076,1909f56bfc062723c751e8b465ee728b)
Start importing Assets/Textures/Sign_tex.png using Guid(b158334e96e9ff44db0d1fd644ba384d) Importer(815301076,1909f56bfc062723c751e8b465ee728b)  -> (artifact id: '83f8c78df02ff43e510384d8f87c9c88') in 0.062825 seconds 
  Import took 0.108246 seconds .

========================================================================
Received Import Request.
  Time since last request: 0.000295 seconds.
  path: Assets/Textures/Oil_Pumps_Platform_tex.png
  artifactKey: Guid(53b942eba16cc1849a677a4c66a57a65) Importer(815301076,1909f56bfc062723c751e8b465ee728b)
Start importing Assets/Textures/Oil_Pumps_Platform_tex.png using Guid(53b942eba16cc1849a677a4c66a57a65) Importer(815301076,1909f56bfc062723c751e8b465ee728b)  -> (artifact id: 'a052e312ea5f0fd54b700c4c4fcce976') in 0.036774 seconds 
  Import took 0.056904 seconds .

========================================================================
Received Import Request.
  Time since last request: 0.000803 seconds.
  path: Assets/Textures/Under_Gas_Station_tex.png
  artifactKey: Guid(fe4ef4f6a66de7e4d8d37bcd30b10263) Importer(815301076,1909f56bfc062723c751e8b465ee728b)
Start importing Assets/Textures/Under_Gas_Station_tex.png using Guid(fe4ef4f6a66de7e4d8d37bcd30b10263) Importer(815301076,1909f56bfc062723c751e8b465ee728b)  -> (artifact id: '97fec14021a2f1f5535478dec4f62331') in 0.031670 seconds 
  Import took 0.043118 seconds .

========================================================================
Received Import Request.
  Time since last request: 0.000592 seconds.
  path: Assets/Textures/Roof_tex.png
  artifactKey: Guid(61ace9c1dc611a1488158fe5b2caf951) Importer(815301076,1909f56bfc062723c751e8b465ee728b)
Start importing Assets/Textures/Roof_tex.png using Guid(61ace9c1dc611a1488158fe5b2caf951) Importer(815301076,1909f56bfc062723c751e8b465ee728b)  -> (artifact id: '1b19f5db4b686b5f4433ea127376634e') in 0.046658 seconds 
  Import took 0.084834 seconds .

========================================================================
Received Import Request.
  Time since last request: 0.000568 seconds.
  path: Assets/Textures/Columns_tex.png
  artifactKey: Guid(13194b32fb650ff449c216da4ac2bf62) Importer(815301076,1909f56bfc062723c751e8b465ee728b)
Start importing Assets/Textures/Columns_tex.png using Guid(13194b32fb650ff449c216da4ac2bf62) Importer(815301076,1909f56bfc062723c751e8b465ee728b)  -> (artifact id: '3fff407ff9dc5e202ef141bb13bbef59') in 0.030899 seconds 
  Import took 0.056325 seconds .

========================================================================
Received Import Request.
  Time since last request: 0.000347 seconds.
  path: Assets/Textures/Pillar_for_Sign_tex.png
  artifactKey: Guid(d04322fffa0045a4f9cc6fd4b36a52ae) Importer(815301076,1909f56bfc062723c751e8b465ee728b)
Start importing Assets/Textures/Pillar_for_Sign_tex.png using Guid(d04322fffa0045a4f9cc6fd4b36a52ae) Importer(815301076,1909f56bfc062723c751e8b465ee728b)  -> (artifact id: '68616c56b39c78f298c6e24ac9c35718') in 0.043633 seconds 
  Import took 0.081830 seconds .

========================================================================
Received Import Request.
  Time since last request: 10.243408 seconds.
  path: Assets/Resources/Gas_Station_upd_final.fbx
  artifactKey: Guid(443adaa36ddc0a84e99b78ad6c5f35a2) Importer(815301076,1909f56bfc062723c751e8b465ee728b)
Start importing Assets/Resources/Gas_Station_upd_final.fbx using Guid(443adaa36ddc0a84e99b78ad6c5f35a2) Importer(815301076,1909f56bfc062723c751e8b465ee728b)  -> (artifact id: '4fee3844cddec90f5657a0453674d762') in 0.926449 seconds 
  Import took 0.996519 seconds .

========================================================================
Received Import Request.
  Time since last request: 291.276684 seconds.
  path: Assets/Resources/Gas_Station_upd_final.fbx
  artifactKey: Guid(443adaa36ddc0a84e99b78ad6c5f35a2) Importer(815301076,1909f56bfc062723c751e8b465ee728b)
Start importing Assets/Resources/Gas_Station_upd_final.fbx using Guid(443adaa36ddc0a84e99b78ad6c5f35a2) Importer(815301076,1909f56bfc062723c751e8b465ee728b)  -> (artifact id: 'a631e6f61c2179ba8e17221f3a9e82f2') in 0.548559 seconds 
  Import took 0.657990 seconds .

========================================================================
Received Import Request.
  Time since last request: 101.024877 seconds.
  path: Assets/Resources/Gas_Station_upd_final.fbx
  artifactKey: Guid(443adaa36ddc0a84e99b78ad6c5f35a2) Importer(815301076,1909f56bfc062723c751e8b465ee728b)
Start importing Assets/Resources/Gas_Station_upd_final.fbx using Guid(443adaa36ddc0a84e99b78ad6c5f35a2) Importer(815301076,1909f56bfc062723c751e8b465ee728b)  -> (artifact id: '87b7b935f8d9873eda37463d8feb5476') in 0.560936 seconds 
  Import took 0.631777 seconds .

========================================================================
Received Prepare
Registering precompiled user dll's ...
Registered in 0.005831 seconds.
Begin MonoManager ReloadAssembly
Native extension for WindowsStandalone target not found
Native extension for WebGL target not found
Refreshing native plugins compatible for Editor in 0.86 ms, found 2 plugins.
Preloading 0 native plugins for Editor in 0.00 ms.
Mono: successfully reloaded assembly
- Completed reload, in  2.011 seconds
Domain Reload Profiling:
	ReloadAssembly (2012ms)
		BeginReloadAssembly (460ms)
			ExecutionOrderSort (0ms)
			DisableScriptedObjects (21ms)
			BackupInstance (0ms)
			ReleaseScriptingObjects (0ms)
			CreateAndSetChildDomain (291ms)
		EndReloadAssembly (1442ms)
			LoadAssemblies (186ms)
			RebuildTransferFunctionScriptingTraits (0ms)
			SetupTypeCache (572ms)
			ReleaseScriptCaches (3ms)
			RebuildScriptCaches (68ms)
			SetupLoadedEditorAssemblies (471ms)
				LogAssemblyErrors (0ms)
				InitializePlatformSupportModulesInManaged (11ms)
				SetLoadedEditorAssemblies (1ms)
				RefreshPlugins (1ms)
				BeforeProcessingInitializeOnLoad (129ms)
				ProcessInitializeOnLoadAttributes (312ms)
				ProcessInitializeOnLoadMethodAttributes (5ms)
				AfterProcessingInitializeOnLoad (12ms)
				EditorAssembliesLoaded (0ms)
			ExecutionOrderSort2 (0ms)
			AwakeInstancesAfterBackupRestoration (9ms)
Platform modules already initialized, skipping
Refreshing native plugins compatible for Editor in 0.88 ms, found 2 plugins.
Preloading 0 native plugins for Editor in 0.00 ms.
Unloading 2968 Unused Serialized files (Serialized files now loaded: 0)
System memory in use before: 188.0 MB.
System memory in use after: 188.3 MB.

Unloading 21 unused Assets to reduce memory usage. Loaded Objects now: 3492.
Total: 5.704500 ms (FindLiveObjects: 1.202400 ms CreateObjectMapping: 0.375100 ms MarkObjects: 4.021200 ms  DeleteObjects: 0.103600 ms)

AssetImportParameters requested are different than current active one (requested -> active):
  custom:framework-win-MediaFoundation: 216162199b28c13a410421893ffa2e32 -> 
  custom:video-decoder-ogg-theora: a1e56fd34408186e4bbccfd4996cb3dc -> 
  custom:container-muxer-webm: aa71ff27fc2769a1b78a27578f13a17b -> 
  custom:container-demuxer-webm: 4f35f7cbe854078d1ac9338744f61a02 -> 
  custom:container-demuxer-ogg: 62fdf1f143b41e24485cea50d1cbac27 -> 
  custom:video-encoder-webm-vp8: eb34c28f22e8b96e1ab97ce403110664 -> 
  custom:video-decoder-webm-vp8: 9c59270c3fd7afecdb556c50c9e8de78 -> 
  custom:audio-decoder-ogg-vorbis: bf7c407c2cedff20999df2af8eb42d56 -> 
  custom:audio-encoder-webm-vorbis: bf7c407c2cedff20999df2af8eb42d56 -> 
========================================================================
Received Prepare
Registering precompiled user dll's ...
Registered in 0.006445 seconds.
Begin MonoManager ReloadAssembly
Native extension for WindowsStandalone target not found
Native extension for WebGL target not found
Refreshing native plugins compatible for Editor in 0.68 ms, found 2 plugins.
Preloading 0 native plugins for Editor in 0.00 ms.
Mono: successfully reloaded assembly
- Completed reload, in  1.788 seconds
Domain Reload Profiling:
	ReloadAssembly (1789ms)
		BeginReloadAssembly (198ms)
			ExecutionOrderSort (0ms)
			DisableScriptedObjects (11ms)
			BackupInstance (0ms)
			ReleaseScriptingObjects (0ms)
			CreateAndSetChildDomain (67ms)
		EndReloadAssembly (1454ms)
			LoadAssemblies (164ms)
			RebuildTransferFunctionScriptingTraits (0ms)
			SetupTypeCache (570ms)
			ReleaseScriptCaches (2ms)
			RebuildScriptCaches (65ms)
			SetupLoadedEditorAssemblies (501ms)
				LogAssemblyErrors (0ms)
				InitializePlatformSupportModulesInManaged (10ms)
				SetLoadedEditorAssemblies (1ms)
				RefreshPlugins (1ms)
				BeforeProcessingInitializeOnLoad (137ms)
				ProcessInitializeOnLoadAttributes (338ms)
				ProcessInitializeOnLoadMethodAttributes (5ms)
				AfterProcessingInitializeOnLoad (9ms)
				EditorAssembliesLoaded (0ms)
			ExecutionOrderSort2 (0ms)
			AwakeInstancesAfterBackupRestoration (12ms)
Platform modules already initialized, skipping
Refreshing native plugins compatible for Editor in 0.75 ms, found 2 plugins.
Preloading 0 native plugins for Editor in 0.00 ms.
Unloading 2968 Unused Serialized files (Serialized files now loaded: 0)
System memory in use before: 188.1 MB.
System memory in use after: 188.3 MB.

Unloading 20 unused Assets to reduce memory usage. Loaded Objects now: 3494.
Total: 5.339600 ms (FindLiveObjects: 0.480400 ms CreateObjectMapping: 0.218100 ms MarkObjects: 4.603300 ms  DeleteObjects: 0.035700 ms)

AssetImportParameters requested are different than current active one (requested -> active):
  custom:framework-win-MediaFoundation: 216162199b28c13a410421893ffa2e32 -> 
  custom:video-decoder-ogg-theora: a1e56fd34408186e4bbccfd4996cb3dc -> 
  custom:container-muxer-webm: aa71ff27fc2769a1b78a27578f13a17b -> 
  custom:container-demuxer-webm: 4f35f7cbe854078d1ac9338744f61a02 -> 
  custom:container-demuxer-ogg: 62fdf1f143b41e24485cea50d1cbac27 -> 
  custom:video-encoder-webm-vp8: eb34c28f22e8b96e1ab97ce403110664 -> 
  custom:video-decoder-webm-vp8: 9c59270c3fd7afecdb556c50c9e8de78 -> 
  custom:audio-decoder-ogg-vorbis: bf7c407c2cedff20999df2af8eb42d56 -> 
  custom:audio-encoder-webm-vorbis: bf7c407c2cedff20999df2af8eb42d56 -> 
========================================================================
Received Import Request.
  Time since last request: 360.524621 seconds.
  path: Assets/Prefubs/CheckPoint.prefab
  artifactKey: Guid(f7e1b3f697b60f5469ed2d84eeaf7daf) Importer(815301076,1909f56bfc062723c751e8b465ee728b)
Start importing Assets/Prefubs/CheckPoint.prefab using Guid(f7e1b3f697b60f5469ed2d84eeaf7daf) Importer(815301076,1909f56bfc062723c751e8b465ee728b)  -> (artifact id: '1d43edb0a1e45b252021dd94912987c6') in 0.614721 seconds 
  Import took 0.674147 seconds .

========================================================================
Received Prepare
Registering precompiled user dll's ...
Registered in 0.244755 seconds.
Begin MonoManager ReloadAssembly
Native extension for WindowsStandalone target not found
Native extension for WebGL target not found
Refreshing native plugins compatible for Editor in 0.71 ms, found 2 plugins.
Preloading 0 native plugins for Editor in 0.00 ms.
Mono: successfully reloaded assembly
- Completed reload, in  2.301 seconds
Domain Reload Profiling:
	ReloadAssembly (2301ms)
		BeginReloadAssembly (141ms)
			ExecutionOrderSort (0ms)
			DisableScriptedObjects (5ms)
			BackupInstance (0ms)
			ReleaseScriptingObjects (0ms)
			CreateAndSetChildDomain (48ms)
		EndReloadAssembly (2053ms)
			LoadAssemblies (993ms)
			RebuildTransferFunctionScriptingTraits (0ms)
			SetupTypeCache (454ms)
			ReleaseScriptCaches (2ms)
			RebuildScriptCaches (58ms)
			SetupLoadedEditorAssemblies (414ms)
				LogAssemblyErrors (0ms)
				InitializePlatformSupportModulesInManaged (8ms)
				SetLoadedEditorAssemblies (1ms)
				RefreshPlugins (1ms)
				BeforeProcessingInitializeOnLoad (110ms)
				ProcessInitializeOnLoadAttributes (277ms)
				ProcessInitializeOnLoadMethodAttributes (5ms)
				AfterProcessingInitializeOnLoad (11ms)
				EditorAssembliesLoaded (0ms)
			ExecutionOrderSort2 (0ms)
			AwakeInstancesAfterBackupRestoration (10ms)
Platform modules already initialized, skipping
Refreshing native plugins compatible for Editor in 1.51 ms, found 2 plugins.
Preloading 0 native plugins for Editor in 0.00 ms.
Unloading 2968 Unused Serialized files (Serialized files now loaded: 0)
System memory in use before: 188.2 MB.
System memory in use after: 188.4 MB.

Unloading 21 unused Assets to reduce memory usage. Loaded Objects now: 3497.
Total: 4.377300 ms (FindLiveObjects: 0.482000 ms CreateObjectMapping: 0.178300 ms MarkObjects: 3.680600 ms  DeleteObjects: 0.034700 ms)

AssetImportParameters requested are different than current active one (requested -> active):
  custom:framework-win-MediaFoundation: 216162199b28c13a410421893ffa2e32 -> 
  custom:video-decoder-ogg-theora: a1e56fd34408186e4bbccfd4996cb3dc -> 
  custom:container-muxer-webm: aa71ff27fc2769a1b78a27578f13a17b -> 
  custom:container-demuxer-webm: 4f35f7cbe854078d1ac9338744f61a02 -> 
  custom:container-demuxer-ogg: 62fdf1f143b41e24485cea50d1cbac27 -> 
  custom:video-encoder-webm-vp8: eb34c28f22e8b96e1ab97ce403110664 -> 
  custom:video-decoder-webm-vp8: 9c59270c3fd7afecdb556c50c9e8de78 -> 
  custom:audio-decoder-ogg-vorbis: bf7c407c2cedff20999df2af8eb42d56 -> 
  custom:audio-encoder-webm-vorbis: bf7c407c2cedff20999df2af8eb42d56 -> 
========================================================================
Received Prepare
Registering precompiled user dll's ...
Registered in 0.006431 seconds.
Begin MonoManager ReloadAssembly
Native extension for WindowsStandalone target not found
Native extension for WebGL target not found
Refreshing native plugins compatible for Editor in 1.44 ms, found 2 plugins.
Preloading 0 native plugins for Editor in 0.00 ms.
Mono: successfully reloaded assembly
- Completed reload, in  1.664 seconds
Domain Reload Profiling:
	ReloadAssembly (1665ms)
		BeginReloadAssembly (171ms)
			ExecutionOrderSort (0ms)
			DisableScriptedObjects (7ms)
			BackupInstance (0ms)
			ReleaseScriptingObjects (0ms)
			CreateAndSetChildDomain (55ms)
		EndReloadAssembly (1378ms)
			LoadAssemblies (155ms)
			RebuildTransferFunctionScriptingTraits (0ms)
			SetupTypeCache (570ms)
			ReleaseScriptCaches (2ms)
			RebuildScriptCaches (68ms)
			SetupLoadedEditorAssemblies (455ms)
				LogAssemblyErrors (0ms)
				InitializePlatformSupportModulesInManaged (12ms)
				SetLoadedEditorAssemblies (1ms)
				RefreshPlugins (2ms)
				BeforeProcessingInitializeOnLoad (126ms)
				ProcessInitializeOnLoadAttributes (300ms)
				ProcessInitializeOnLoadMethodAttributes (5ms)
				AfterProcessingInitializeOnLoad (10ms)
				EditorAssembliesLoaded (0ms)
			ExecutionOrderSort2 (0ms)
			AwakeInstancesAfterBackupRestoration (9ms)
Platform modules already initialized, skipping
Refreshing native plugins compatible for Editor in 0.89 ms, found 2 plugins.
Preloading 0 native plugins for Editor in 0.00 ms.
Unloading 2968 Unused Serialized files (Serialized files now loaded: 0)
System memory in use before: 188.2 MB.
System memory in use after: 188.4 MB.

Unloading 20 unused Assets to reduce memory usage. Loaded Objects now: 3499.
Total: 5.596700 ms (FindLiveObjects: 0.400000 ms CreateObjectMapping: 0.089700 ms MarkObjects: 5.072000 ms  DeleteObjects: 0.032800 ms)

AssetImportParameters requested are different than current active one (requested -> active):
  custom:framework-win-MediaFoundation: 216162199b28c13a410421893ffa2e32 -> 
  custom:video-decoder-ogg-theora: a1e56fd34408186e4bbccfd4996cb3dc -> 
  custom:container-muxer-webm: aa71ff27fc2769a1b78a27578f13a17b -> 
  custom:container-demuxer-webm: 4f35f7cbe854078d1ac9338744f61a02 -> 
  custom:container-demuxer-ogg: 62fdf1f143b41e24485cea50d1cbac27 -> 
  custom:video-encoder-webm-vp8: eb34c28f22e8b96e1ab97ce403110664 -> 
  custom:video-decoder-webm-vp8: 9c59270c3fd7afecdb556c50c9e8de78 -> 
  custom:audio-decoder-ogg-vorbis: bf7c407c2cedff20999df2af8eb42d56 -> 
  custom:audio-encoder-webm-vorbis: bf7c407c2cedff20999df2af8eb42d56 -> 
========================================================================
Received Prepare
Registering precompiled user dll's ...
Registered in 0.005053 seconds.
Begin MonoManager ReloadAssembly
Native extension for WindowsStandalone target not found
Native extension for WebGL target not found
Refreshing native plugins compatible for Editor in 1.58 ms, found 2 plugins.
Preloading 0 native plugins for Editor in 0.00 ms.
Mono: successfully reloaded assembly
- Completed reload, in  1.575 seconds
Domain Reload Profiling:
	ReloadAssembly (1576ms)
		BeginReloadAssembly (169ms)
			ExecutionOrderSort (0ms)
			DisableScriptedObjects (8ms)
			BackupInstance (0ms)
			ReleaseScriptingObjects (0ms)
			CreateAndSetChildDomain (58ms)
		EndReloadAssembly (1316ms)
			LoadAssemblies (150ms)
			RebuildTransferFunctionScriptingTraits (0ms)
			SetupTypeCache (518ms)
			ReleaseScriptCaches (1ms)
			RebuildScriptCaches (62ms)
			SetupLoadedEditorAssemblies (415ms)
				LogAssemblyErrors (0ms)
				InitializePlatformSupportModulesInManaged (10ms)
				SetLoadedEditorAssemblies (1ms)
				RefreshPlugins (2ms)
				BeforeProcessingInitializeOnLoad (119ms)
				ProcessInitializeOnLoadAttributes (269ms)
				ProcessInitializeOnLoadMethodAttributes (5ms)
				AfterProcessingInitializeOnLoad (9ms)
				EditorAssembliesLoaded (0ms)
			ExecutionOrderSort2 (0ms)
			AwakeInstancesAfterBackupRestoration (8ms)
Platform modules already initialized, skipping
Refreshing native plugins compatible for Editor in 0.88 ms, found 2 plugins.
Preloading 0 native plugins for Editor in 0.00 ms.
Unloading 2968 Unused Serialized files (Serialized files now loaded: 0)
System memory in use before: 188.2 MB.
System memory in use after: 188.4 MB.

Unloading 20 unused Assets to reduce memory usage. Loaded Objects now: 3501.
Total: 4.221400 ms (FindLiveObjects: 0.384900 ms CreateObjectMapping: 0.102400 ms MarkObjects: 3.705000 ms  DeleteObjects: 0.026800 ms)

AssetImportParameters requested are different than current active one (requested -> active):
  custom:framework-win-MediaFoundation: 216162199b28c13a410421893ffa2e32 -> 
  custom:video-decoder-ogg-theora: a1e56fd34408186e4bbccfd4996cb3dc -> 
  custom:container-muxer-webm: aa71ff27fc2769a1b78a27578f13a17b -> 
  custom:container-demuxer-webm: 4f35f7cbe854078d1ac9338744f61a02 -> 
  custom:container-demuxer-ogg: 62fdf1f143b41e24485cea50d1cbac27 -> 
  custom:video-encoder-webm-vp8: eb34c28f22e8b96e1ab97ce403110664 -> 
  custom:video-decoder-webm-vp8: 9c59270c3fd7afecdb556c50c9e8de78 -> 
  custom:audio-decoder-ogg-vorbis: bf7c407c2cedff20999df2af8eb42d56 -> 
  custom:audio-encoder-webm-vorbis: bf7c407c2cedff20999df2af8eb42d56 -> 
========================================================================
Received Import Request.
  Time since last request: 4557.935239 seconds.
  path: Assets/Prefubs/CheckPoint.prefab
  artifactKey: Guid(f7e1b3f697b60f5469ed2d84eeaf7daf) Importer(815301076,1909f56bfc062723c751e8b465ee728b)
Start importing Assets/Prefubs/CheckPoint.prefab using Guid(f7e1b3f697b60f5469ed2d84eeaf7daf) Importer(815301076,1909f56bfc062723c751e8b465ee728b)  -> (artifact id: '22b7501f3106d3e16dc4837726b92f14') in 2.457041 seconds 
  Import took 2.691081 seconds .

========================================================================
Received Prepare
Registering precompiled user dll's ...
Registered in 0.006103 seconds.
Begin MonoManager ReloadAssembly
Native extension for WindowsStandalone target not found
Native extension for WebGL target not found
Refreshing native plugins compatible for Editor in 1.78 ms, found 2 plugins.
Preloading 0 native plugins for Editor in 0.00 ms.
Mono: successfully reloaded assembly
- Completed reload, in  2.345 seconds
Domain Reload Profiling:
	ReloadAssembly (2346ms)
		BeginReloadAssembly (210ms)
			ExecutionOrderSort (0ms)
			DisableScriptedObjects (14ms)
			BackupInstance (0ms)
			ReleaseScriptingObjects (0ms)
			CreateAndSetChildDomain (74ms)
		EndReloadAssembly (1895ms)
			LoadAssemblies (225ms)
			RebuildTransferFunctionScriptingTraits (0ms)
			SetupTypeCache (785ms)
			ReleaseScriptCaches (2ms)
			RebuildScriptCaches (134ms)
			SetupLoadedEditorAssemblies (564ms)
				LogAssemblyErrors (0ms)
				InitializePlatformSupportModulesInManaged (10ms)
				SetLoadedEditorAssemblies (1ms)
				RefreshPlugins (2ms)
				BeforeProcessingInitializeOnLoad (140ms)
				ProcessInitializeOnLoadAttributes (393ms)
				ProcessInitializeOnLoadMethodAttributes (6ms)
				AfterProcessingInitializeOnLoad (11ms)
				EditorAssembliesLoaded (1ms)
			ExecutionOrderSort2 (0ms)
			AwakeInstancesAfterBackupRestoration (21ms)
Platform modules already initialized, skipping
Refreshing native plugins compatible for Editor in 2.24 ms, found 2 plugins.
Preloading 0 native plugins for Editor in 0.00 ms.
Unloading 2968 Unused Serialized files (Serialized files now loaded: 0)
System memory in use before: 188.2 MB.
System memory in use after: 188.4 MB.

Unloading 21 unused Assets to reduce memory usage. Loaded Objects now: 3504.
Total: 9.181900 ms (FindLiveObjects: 1.739200 ms CreateObjectMapping: 0.237100 ms MarkObjects: 7.128600 ms  DeleteObjects: 0.068400 ms)

AssetImportParameters requested are different than current active one (requested -> active):
  custom:framework-win-MediaFoundation: 216162199b28c13a410421893ffa2e32 -> 
  custom:video-decoder-ogg-theora: a1e56fd34408186e4bbccfd4996cb3dc -> 
  custom:container-muxer-webm: aa71ff27fc2769a1b78a27578f13a17b -> 
  custom:container-demuxer-webm: 4f35f7cbe854078d1ac9338744f61a02 -> 
  custom:container-demuxer-ogg: 62fdf1f143b41e24485cea50d1cbac27 -> 
  custom:video-encoder-webm-vp8: eb34c28f22e8b96e1ab97ce403110664 -> 
  custom:video-decoder-webm-vp8: 9c59270c3fd7afecdb556c50c9e8de78 -> 
  custom:audio-decoder-ogg-vorbis: bf7c407c2cedff20999df2af8eb42d56 -> 
  custom:audio-encoder-webm-vorbis: bf7c407c2cedff20999df2af8eb42d56 -> 
========================================================================
Received Import Request.
  Time since last request: 340.264396 seconds.
  path: Assets/Prefubs/CheckPoint.prefab
  artifactKey: Guid(f7e1b3f697b60f5469ed2d84eeaf7daf) Importer(815301076,1909f56bfc062723c751e8b465ee728b)
Start importing Assets/Prefubs/CheckPoint.prefab using Guid(f7e1b3f697b60f5469ed2d84eeaf7daf) Importer(815301076,1909f56bfc062723c751e8b465ee728b)  -> (artifact id: '29dd7e8073972fe5dba61a45908e07f3') in 0.441539 seconds 
  Import took 0.534908 seconds .

========================================================================
Received Import Request.
  Time since last request: 37.192422 seconds.
  path: Assets/Prefubs/CheckPoint.prefab
  artifactKey: Guid(f7e1b3f697b60f5469ed2d84eeaf7daf) Importer(815301076,1909f56bfc062723c751e8b465ee728b)
Start importing Assets/Prefubs/CheckPoint.prefab using Guid(f7e1b3f697b60f5469ed2d84eeaf7daf) Importer(815301076,1909f56bfc062723c751e8b465ee728b)  -> (artifact id: 'a5a96df217704084039ee193087a68de') in 0.103606 seconds 
  Import took 0.126973 seconds .

========================================================================
Received Import Request.
  Time since last request: 6.933945 seconds.
  path: Assets/Prefubs/CheckPoint.prefab
  artifactKey: Guid(f7e1b3f697b60f5469ed2d84eeaf7daf) Importer(815301076,1909f56bfc062723c751e8b465ee728b)
Start importing Assets/Prefubs/CheckPoint.prefab using Guid(f7e1b3f697b60f5469ed2d84eeaf7daf) Importer(815301076,1909f56bfc062723c751e8b465ee728b)  -> (artifact id: 'a406ffbf05b079be16010ef77f0b9ace') in 0.137618 seconds 
  Import took 0.176931 seconds .

========================================================================
Received Import Request.
  Time since last request: 9.701040 seconds.
  path: Assets/Prefubs/CheckPoint.prefab
  artifactKey: Guid(f7e1b3f697b60f5469ed2d84eeaf7daf) Importer(815301076,1909f56bfc062723c751e8b465ee728b)
Start importing Assets/Prefubs/CheckPoint.prefab using Guid(f7e1b3f697b60f5469ed2d84eeaf7daf) Importer(815301076,1909f56bfc062723c751e8b465ee728b)  -> (artifact id: '45a96849147bb7829b25c27435d41985') in 0.107173 seconds 
  Import took 0.168222 seconds .

========================================================================
Received Import Request.
  Time since last request: 27.593119 seconds.
  path: Assets/Prefubs/CheckPoint.prefab
  artifactKey: Guid(f7e1b3f697b60f5469ed2d84eeaf7daf) Importer(815301076,1909f56bfc062723c751e8b465ee728b)
Start importing Assets/Prefubs/CheckPoint.prefab using Guid(f7e1b3f697b60f5469ed2d84eeaf7daf) Importer(815301076,1909f56bfc062723c751e8b465ee728b)  -> (artifact id: 'aa5c85c2477727dcd32427f2a2083ea5') in 0.073811 seconds 
  Import took 0.117190 seconds .

========================================================================
Received Import Request.
  Time since last request: 4.642899 seconds.
  path: Assets/Prefubs/CheckPoint.prefab
  artifactKey: Guid(f7e1b3f697b60f5469ed2d84eeaf7daf) Importer(815301076,1909f56bfc062723c751e8b465ee728b)
Start importing Assets/Prefubs/CheckPoint.prefab using Guid(f7e1b3f697b60f5469ed2d84eeaf7daf) Importer(815301076,1909f56bfc062723c751e8b465ee728b)  -> (artifact id: '3f5b2b41d9a17a2ac3147adbd17a55a7') in 0.079137 seconds 
  Import took 0.172939 seconds .

========================================================================
Received Import Request.
  Time since last request: 10.772619 seconds.
  path: Assets/Prefubs/CheckPoint.prefab
  artifactKey: Guid(f7e1b3f697b60f5469ed2d84eeaf7daf) Importer(815301076,1909f56bfc062723c751e8b465ee728b)
Start importing Assets/Prefubs/CheckPoint.prefab using Guid(f7e1b3f697b60f5469ed2d84eeaf7daf) Importer(815301076,1909f56bfc062723c751e8b465ee728b)  -> (artifact id: '33f75d5eea482534ea4e772382aa249d') in 0.091262 seconds 
  Import took 0.150663 seconds .

========================================================================
Received Import Request.
  Time since last request: 0.471289 seconds.
  path: Assets/Prefubs/CheckPoint.prefab
  artifactKey: Guid(f7e1b3f697b60f5469ed2d84eeaf7daf) Importer(815301076,1909f56bfc062723c751e8b465ee728b)
Start importing Assets/Prefubs/CheckPoint.prefab using Guid(f7e1b3f697b60f5469ed2d84eeaf7daf) Importer(815301076,1909f56bfc062723c751e8b465ee728b)  -> (artifact id: '1cf43ba98de35fe8d79e8929b8f7e8fa') in 0.084993 seconds 
  Import took 0.179640 seconds .

========================================================================
Received Import Request.
  Time since last request: 5.511726 seconds.
  path: Assets/Prefubs/CheckPoint.prefab
  artifactKey: Guid(f7e1b3f697b60f5469ed2d84eeaf7daf) Importer(815301076,1909f56bfc062723c751e8b465ee728b)
Start importing Assets/Prefubs/CheckPoint.prefab using Guid(f7e1b3f697b60f5469ed2d84eeaf7daf) Importer(815301076,1909f56bfc062723c751e8b465ee728b)  -> (artifact id: '0eb9d6d31b6f0b6585e0705e21e63232') in 0.071712 seconds 
  Import took 0.495591 seconds .

========================================================================
Received Import Request.
  Time since last request: 3.733539 seconds.
  path: Assets/Prefubs/CheckPoint.prefab
  artifactKey: Guid(f7e1b3f697b60f5469ed2d84eeaf7daf) Importer(815301076,1909f56bfc062723c751e8b465ee728b)
Start importing Assets/Prefubs/CheckPoint.prefab using Guid(f7e1b3f697b60f5469ed2d84eeaf7daf) Importer(815301076,1909f56bfc062723c751e8b465ee728b)  -> (artifact id: 'a5bbde3927c42d6fab3133dde5f5fed5') in 0.075480 seconds 
  Import took 0.085994 seconds .

========================================================================
Received Import Request.
  Time since last request: 2.504963 seconds.
  path: Assets/Prefubs/CheckPoint.prefab
  artifactKey: Guid(f7e1b3f697b60f5469ed2d84eeaf7daf) Importer(815301076,1909f56bfc062723c751e8b465ee728b)
Start importing Assets/Prefubs/CheckPoint.prefab using Guid(f7e1b3f697b60f5469ed2d84eeaf7daf) Importer(815301076,1909f56bfc062723c751e8b465ee728b)  -> (artifact id: '2e7e2181bd8e27196eb80e4a7cf069cb') in 0.106245 seconds 
  Import took 0.226755 seconds .

========================================================================
Received Import Request.
  Time since last request: 28.616377 seconds.
  path: Assets/Prefubs/CheckPoint.prefab
  artifactKey: Guid(f7e1b3f697b60f5469ed2d84eeaf7daf) Importer(815301076,1909f56bfc062723c751e8b465ee728b)
Start importing Assets/Prefubs/CheckPoint.prefab using Guid(f7e1b3f697b60f5469ed2d84eeaf7daf) Importer(815301076,1909f56bfc062723c751e8b465ee728b)  -> (artifact id: 'b2c4662a5ca7c79140d67d45728ad08f') in 0.110968 seconds 
  Import took 0.316804 seconds .

========================================================================
Received Import Request.
  Time since last request: 0.234754 seconds.
  path: Assets/Prefubs/CheckPoint.prefab
  artifactKey: Guid(f7e1b3f697b60f5469ed2d84eeaf7daf) Importer(815301076,1909f56bfc062723c751e8b465ee728b)
Start importing Assets/Prefubs/CheckPoint.prefab using Guid(f7e1b3f697b60f5469ed2d84eeaf7daf) Importer(815301076,1909f56bfc062723c751e8b465ee728b)  -> (artifact id: '49471ca3bbf585bf6170d77101e22a28') in 0.084125 seconds 
  Import took 0.702289 seconds .

========================================================================
Received Import Request.
  Time since last request: 0.583615 seconds.
  path: Assets/Prefubs/CheckPoint.prefab
  artifactKey: Guid(f7e1b3f697b60f5469ed2d84eeaf7daf) Importer(815301076,1909f56bfc062723c751e8b465ee728b)
Start importing Assets/Prefubs/CheckPoint.prefab using Guid(f7e1b3f697b60f5469ed2d84eeaf7daf) Importer(815301076,1909f56bfc062723c751e8b465ee728b)  -> (artifact id: '3dabd10c53598ded022cae0e1f71e6b3') in 0.070148 seconds 
  Import took 0.103364 seconds .

========================================================================
Received Import Request.
  Time since last request: 99.693436 seconds.
  path: Assets/Prefubs/CheckPoint.prefab
  artifactKey: Guid(f7e1b3f697b60f5469ed2d84eeaf7daf) Importer(815301076,1909f56bfc062723c751e8b465ee728b)
Start importing Assets/Prefubs/CheckPoint.prefab using Guid(f7e1b3f697b60f5469ed2d84eeaf7daf) Importer(815301076,1909f56bfc062723c751e8b465ee728b)  -> (artifact id: 'dc35aecd0091403f8327ddd612123c09') in 0.070155 seconds 
  Import took 0.141479 seconds .

========================================================================
Received Import Request.
  Time since last request: 6.731111 seconds.
  path: Assets/Prefubs/CheckPoint.prefab
  artifactKey: Guid(f7e1b3f697b60f5469ed2d84eeaf7daf) Importer(815301076,1909f56bfc062723c751e8b465ee728b)
Start importing Assets/Prefubs/CheckPoint.prefab using Guid(f7e1b3f697b60f5469ed2d84eeaf7daf) Importer(815301076,1909f56bfc062723c751e8b465ee728b)  -> (artifact id: '54c93c6431dd1fc59b7ae850dd4983ed') in 0.064534 seconds 
  Import took 0.116130 seconds .

========================================================================
Received Import Request.
  Time since last request: 1.296834 seconds.
  path: Assets/Prefubs/CheckPoint.prefab
  artifactKey: Guid(f7e1b3f697b60f5469ed2d84eeaf7daf) Importer(815301076,1909f56bfc062723c751e8b465ee728b)
Start importing Assets/Prefubs/CheckPoint.prefab using Guid(f7e1b3f697b60f5469ed2d84eeaf7daf) Importer(815301076,1909f56bfc062723c751e8b465ee728b)  -> (artifact id: '8470ae8260a8bf3bdbee8f8f6fb2c823') in 0.064653 seconds 
  Import took 0.111969 seconds .

========================================================================
Received Import Request.
  Time since last request: 1.467598 seconds.
  path: Assets/Prefubs/CheckPoint.prefab
  artifactKey: Guid(f7e1b3f697b60f5469ed2d84eeaf7daf) Importer(815301076,1909f56bfc062723c751e8b465ee728b)
Start importing Assets/Prefubs/CheckPoint.prefab using Guid(f7e1b3f697b60f5469ed2d84eeaf7daf) Importer(815301076,1909f56bfc062723c751e8b465ee728b)  -> (artifact id: '4bebf9924cb17f65054001f418eb9e57') in 0.076608 seconds 
  Import took 0.181469 seconds .

========================================================================
Received Import Request.
  Time since last request: 50.975971 seconds.
  path: Assets/Prefubs/CheckPoint.prefab
  artifactKey: Guid(f7e1b3f697b60f5469ed2d84eeaf7daf) Importer(815301076,1909f56bfc062723c751e8b465ee728b)
Start importing Assets/Prefubs/CheckPoint.prefab using Guid(f7e1b3f697b60f5469ed2d84eeaf7daf) Importer(815301076,1909f56bfc062723c751e8b465ee728b)  -> (artifact id: '566e5aa17662da3fe980e7fe48e75876') in 0.054267 seconds 
  Import took 0.105738 seconds .

========================================================================
Received Import Request.
  Time since last request: 6.041880 seconds.
  path: Assets/Prefubs/CheckPoint.prefab
  artifactKey: Guid(f7e1b3f697b60f5469ed2d84eeaf7daf) Importer(815301076,1909f56bfc062723c751e8b465ee728b)
Start importing Assets/Prefubs/CheckPoint.prefab using Guid(f7e1b3f697b60f5469ed2d84eeaf7daf) Importer(815301076,1909f56bfc062723c751e8b465ee728b)  -> (artifact id: 'd17f78adfd573216c64714d3f7fb57fd') in 0.059540 seconds 
  Import took 0.080316 seconds .

========================================================================
Received Prepare
Registering precompiled user dll's ...
Registered in 0.006047 seconds.
Begin MonoManager ReloadAssembly
Native extension for WindowsStandalone target not found
Native extension for WebGL target not found
Refreshing native plugins compatible for Editor in 0.92 ms, found 2 plugins.
Preloading 0 native plugins for Editor in 0.00 ms.
Mono: successfully reloaded assembly
- Completed reload, in  1.772 seconds
Domain Reload Profiling:
	ReloadAssembly (1772ms)
		BeginReloadAssembly (201ms)
			ExecutionOrderSort (0ms)
			DisableScriptedObjects (7ms)
			BackupInstance (0ms)
			ReleaseScriptingObjects (0ms)
			CreateAndSetChildDomain (67ms)
		EndReloadAssembly (1467ms)
			LoadAssemblies (176ms)
			RebuildTransferFunctionScriptingTraits (0ms)
			SetupTypeCache (577ms)
			ReleaseScriptCaches (2ms)
			RebuildScriptCaches (69ms)
			SetupLoadedEditorAssemblies (510ms)
				LogAssemblyErrors (0ms)
				InitializePlatformSupportModulesInManaged (9ms)
				SetLoadedEditorAssemblies (5ms)
				RefreshPlugins (1ms)
				BeforeProcessingInitializeOnLoad (143ms)
				ProcessInitializeOnLoadAttributes (334ms)
				ProcessInitializeOnLoadMethodAttributes (6ms)
				AfterProcessingInitializeOnLoad (11ms)
				EditorAssembliesLoaded (1ms)
			ExecutionOrderSort2 (0ms)
			AwakeInstancesAfterBackupRestoration (12ms)
Platform modules already initialized, skipping
Refreshing native plugins compatible for Editor in 0.88 ms, found 2 plugins.
Preloading 0 native plugins for Editor in 0.00 ms.
Unloading 2968 Unused Serialized files (Serialized files now loaded: 0)
System memory in use before: 188.3 MB.
System memory in use after: 188.5 MB.

Unloading 21 unused Assets to reduce memory usage. Loaded Objects now: 3507.
Total: 5.622700 ms (FindLiveObjects: 0.459100 ms CreateObjectMapping: 0.110100 ms MarkObjects: 5.015300 ms  DeleteObjects: 0.033100 ms)

AssetImportParameters requested are different than current active one (requested -> active):
  custom:framework-win-MediaFoundation: 216162199b28c13a410421893ffa2e32 -> 
  custom:video-decoder-ogg-theora: a1e56fd34408186e4bbccfd4996cb3dc -> 
  custom:container-muxer-webm: aa71ff27fc2769a1b78a27578f13a17b -> 
  custom:container-demuxer-webm: 4f35f7cbe854078d1ac9338744f61a02 -> 
  custom:container-demuxer-ogg: 62fdf1f143b41e24485cea50d1cbac27 -> 
  custom:video-encoder-webm-vp8: eb34c28f22e8b96e1ab97ce403110664 -> 
  custom:video-decoder-webm-vp8: 9c59270c3fd7afecdb556c50c9e8de78 -> 
  custom:audio-decoder-ogg-vorbis: bf7c407c2cedff20999df2af8eb42d56 -> 
  custom:audio-encoder-webm-vorbis: bf7c407c2cedff20999df2af8eb42d56 -> 
========================================================================
Received Import Request.
  Time since last request: 46.807005 seconds.
  path: Assets/Prefubs/CheckPoint.prefab
  artifactKey: Guid(f7e1b3f697b60f5469ed2d84eeaf7daf) Importer(815301076,1909f56bfc062723c751e8b465ee728b)
Start importing Assets/Prefubs/CheckPoint.prefab using Guid(f7e1b3f697b60f5469ed2d84eeaf7daf) Importer(815301076,1909f56bfc062723c751e8b465ee728b)  -> (artifact id: 'a77f61d8cb5d56ae6aff34dd0cbf6862') in 0.189771 seconds 
  Import took 0.198718 seconds .

========================================================================
Received Import Request.
  Time since last request: 112.714214 seconds.
  path: Assets/Resources/Gas_Station_upd_final.fbx
  artifactKey: Guid(443adaa36ddc0a84e99b78ad6c5f35a2) Importer(815301076,1909f56bfc062723c751e8b465ee728b)
Start importing Assets/Resources/Gas_Station_upd_final.fbx using Guid(443adaa36ddc0a84e99b78ad6c5f35a2) Importer(815301076,1909f56bfc062723c751e8b465ee728b)  -> (artifact id: '0b85e797bb3290332dd0e42a2ea28c77') in 0.781650 seconds 
  Import took 0.870836 seconds .

========================================================================
Received Prepare
Registering precompiled user dll's ...
Registered in 0.209912 seconds.
Begin MonoManager ReloadAssembly
Native extension for WindowsStandalone target not found
Native extension for WebGL target not found
Refreshing native plugins compatible for Editor in 0.83 ms, found 2 plugins.
Preloading 0 native plugins for Editor in 0.00 ms.
Mono: successfully reloaded assembly
- Completed reload, in  2.516 seconds
Domain Reload Profiling:
	ReloadAssembly (2517ms)
		BeginReloadAssembly (260ms)
			ExecutionOrderSort (0ms)
			DisableScriptedObjects (5ms)
			BackupInstance (0ms)
			ReleaseScriptingObjects (0ms)
			CreateAndSetChildDomain (54ms)
		EndReloadAssembly (2164ms)
			LoadAssemblies (1175ms)
			RebuildTransferFunctionScriptingTraits (0ms)
			SetupTypeCache (491ms)
			ReleaseScriptCaches (2ms)
			RebuildScriptCaches (63ms)
			SetupLoadedEditorAssemblies (413ms)
				LogAssemblyErrors (0ms)
				InitializePlatformSupportModulesInManaged (8ms)
				SetLoadedEditorAssemblies (1ms)
				RefreshPlugins (1ms)
				BeforeProcessingInitializeOnLoad (113ms)
				ProcessInitializeOnLoadAttributes (276ms)
				ProcessInitializeOnLoadMethodAttributes (4ms)
				AfterProcessingInitializeOnLoad (9ms)
				EditorAssembliesLoaded (0ms)
			ExecutionOrderSort2 (0ms)
			AwakeInstancesAfterBackupRestoration (9ms)
Platform modules already initialized, skipping
Refreshing native plugins compatible for Editor in 0.70 ms, found 2 plugins.
Preloading 0 native plugins for Editor in 0.00 ms.
Unloading 2968 Unused Serialized files (Serialized files now loaded: 0)
System memory in use before: 188.3 MB.
System memory in use after: 188.6 MB.

Unloading 21 unused Assets to reduce memory usage. Loaded Objects now: 3510.
Total: 4.358100 ms (FindLiveObjects: 0.372600 ms CreateObjectMapping: 0.101300 ms MarkObjects: 3.847000 ms  DeleteObjects: 0.035400 ms)

AssetImportParameters requested are different than current active one (requested -> active):
  custom:framework-win-MediaFoundation: 216162199b28c13a410421893ffa2e32 -> 
  custom:video-decoder-ogg-theora: a1e56fd34408186e4bbccfd4996cb3dc -> 
  custom:container-muxer-webm: aa71ff27fc2769a1b78a27578f13a17b -> 
  custom:container-demuxer-webm: 4f35f7cbe854078d1ac9338744f61a02 -> 
  custom:container-demuxer-ogg: 62fdf1f143b41e24485cea50d1cbac27 -> 
  custom:video-encoder-webm-vp8: eb34c28f22e8b96e1ab97ce403110664 -> 
  custom:video-decoder-webm-vp8: 9c59270c3fd7afecdb556c50c9e8de78 -> 
  custom:audio-decoder-ogg-vorbis: bf7c407c2cedff20999df2af8eb42d56 -> 
  custom:audio-encoder-webm-vorbis: bf7c407c2cedff20999df2af8eb42d56 -> 
========================================================================
Received Import Request.
  Time since last request: 1255.607673 seconds.
  path: Assets/Prefubs/CheckPoint.prefab
  artifactKey: Guid(f7e1b3f697b60f5469ed2d84eeaf7daf) Importer(815301076,1909f56bfc062723c751e8b465ee728b)
Start importing Assets/Prefubs/CheckPoint.prefab using Guid(f7e1b3f697b60f5469ed2d84eeaf7daf) Importer(815301076,1909f56bfc062723c751e8b465ee728b)  -> (artifact id: 'd58789ea4393073fb10d79c7187d4901') in 0.454883 seconds 
  Import took 0.540474 seconds .

========================================================================
Received Prepare
Registering precompiled user dll's ...
Registered in 0.007383 seconds.
Begin MonoManager ReloadAssembly
Native extension for WindowsStandalone target not found
Native extension for WebGL target not found
Refreshing native plugins compatible for Editor in 1.03 ms, found 2 plugins.
Preloading 0 native plugins for Editor in 0.00 ms.
Mono: successfully reloaded assembly
- Completed reload, in  1.542 seconds
Domain Reload Profiling:
	ReloadAssembly (1542ms)
		BeginReloadAssembly (180ms)
			ExecutionOrderSort (0ms)
			DisableScriptedObjects (6ms)
			BackupInstance (0ms)
			ReleaseScriptingObjects (0ms)
			CreateAndSetChildDomain (55ms)
		EndReloadAssembly (1263ms)
			LoadAssemblies (147ms)
			RebuildTransferFunctionScriptingTraits (0ms)
			SetupTypeCache (487ms)
			ReleaseScriptCaches (2ms)
			RebuildScriptCaches (56ms)
			SetupLoadedEditorAssemblies (446ms)
				LogAssemblyErrors (0ms)
				InitializePlatformSupportModulesInManaged (8ms)
				SetLoadedEditorAssemblies (1ms)
				RefreshPlugins (1ms)
				BeforeProcessingInitializeOnLoad (117ms)
				ProcessInitializeOnLoadAttributes (303ms)
				ProcessInitializeOnLoadMethodAttributes (4ms)
				AfterProcessingInitializeOnLoad (11ms)
				EditorAssembliesLoaded (1ms)
			ExecutionOrderSort2 (0ms)
			AwakeInstancesAfterBackupRestoration (12ms)
Platform modules already initialized, skipping
Refreshing native plugins compatible for Editor in 0.69 ms, found 2 plugins.
Preloading 0 native plugins for Editor in 0.00 ms.
Unloading 2968 Unused Serialized files (Serialized files now loaded: 0)
System memory in use before: 188.3 MB.
System memory in use after: 188.6 MB.

Unloading 21 unused Assets to reduce memory usage. Loaded Objects now: 3513.
Total: 4.368700 ms (FindLiveObjects: 0.364600 ms CreateObjectMapping: 0.108700 ms MarkObjects: 3.860300 ms  DeleteObjects: 0.033200 ms)

AssetImportParameters requested are different than current active one (requested -> active):
  custom:framework-win-MediaFoundation: 216162199b28c13a410421893ffa2e32 -> 
  custom:video-decoder-ogg-theora: a1e56fd34408186e4bbccfd4996cb3dc -> 
  custom:container-muxer-webm: aa71ff27fc2769a1b78a27578f13a17b -> 
  custom:container-demuxer-webm: 4f35f7cbe854078d1ac9338744f61a02 -> 
  custom:container-demuxer-ogg: 62fdf1f143b41e24485cea50d1cbac27 -> 
  custom:video-encoder-webm-vp8: eb34c28f22e8b96e1ab97ce403110664 -> 
  custom:video-decoder-webm-vp8: 9c59270c3fd7afecdb556c50c9e8de78 -> 
  custom:audio-decoder-ogg-vorbis: bf7c407c2cedff20999df2af8eb42d56 -> 
  custom:audio-encoder-webm-vorbis: bf7c407c2cedff20999df2af8eb42d56 -> 
========================================================================
Received Import Request.
  Time since last request: 391.275125 seconds.
  path: Assets/Plugins/Zenject/OptionalExtras/SampleGame1 (Beginner)/Media/Imported/SpaceShip/Space_Shooter.fbm/1K_Body-NM.jpg
  artifactKey: Guid(9d1afd1910615b04c85c97274b296bb9) Importer(815301076,1909f56bfc062723c751e8b465ee728b)
Start importing Assets/Plugins/Zenject/OptionalExtras/SampleGame1 (Beginner)/Media/Imported/SpaceShip/Space_Shooter.fbm/1K_Body-NM.jpg using Guid(9d1afd1910615b04c85c97274b296bb9) Importer(815301076,1909f56bfc062723c751e8b465ee728b)  -> (artifact id: 'cb44ca91666ae0db06ec26abab43eab4') in 0.543558 seconds 
  Import took 0.646107 seconds .

========================================================================
Received Import Request.
  Time since last request: 0.000448 seconds.
  path: Assets/Plugins/TextMesh Pro/Examples & Extras/Textures/Brushed Metal 3.jpg
  artifactKey: Guid(f88677df267a41d6be1e7a6133e7d227) Importer(815301076,1909f56bfc062723c751e8b465ee728b)
Start importing Assets/Plugins/TextMesh Pro/Examples & Extras/Textures/Brushed Metal 3.jpg using Guid(f88677df267a41d6be1e7a6133e7d227) Importer(815301076,1909f56bfc062723c751e8b465ee728b)  -> (artifact id: '10c5c8152796e8538b1f47879cca6b23') in 0.062450 seconds 
  Import took 0.094303 seconds .

========================================================================
Received Import Request.
  Time since last request: 0.000643 seconds.
  path: Assets/Plugins/Zenject/OptionalExtras/SampleGame1 (Beginner)/Media/Imported/SpaceShip/Textures/1K_Body-TXTR.jpg
  artifactKey: Guid(edc2b3bfe412721409008df82ad98102) Importer(815301076,1909f56bfc062723c751e8b465ee728b)
Start importing Assets/Plugins/Zenject/OptionalExtras/SampleGame1 (Beginner)/Media/Imported/SpaceShip/Textures/1K_Body-TXTR.jpg using Guid(edc2b3bfe412721409008df82ad98102) Importer(815301076,1909f56bfc062723c751e8b465ee728b)  -> (artifact id: '0f09470f2cd48c2b8586ead3cc611078') in 0.099794 seconds 
  Import took 0.224202 seconds .

========================================================================
Received Import Request.
  Time since last request: 0.000421 seconds.
  path: Assets/Plugins/Zenject/OptionalExtras/SampleGame1 (Beginner)/Media/Imported/SpaceShip/Textures/512_TXTR+Spec.tif
  artifactKey: Guid(96dace51c0add3a46a111a286f8455a6) Importer(815301076,1909f56bfc062723c751e8b465ee728b)
Start importing Assets/Plugins/Zenject/OptionalExtras/SampleGame1 (Beginner)/Media/Imported/SpaceShip/Textures/512_TXTR+Spec.tif using Guid(96dace51c0add3a46a111a286f8455a6) Importer(815301076,1909f56bfc062723c751e8b465ee728b)  -> (artifact id: '3c3c24aa65ae3cf1597d3625180cdbad') in 0.116296 seconds 
  Import took 0.180282 seconds .

========================================================================
Received Import Request.
  Time since last request: 0.000409 seconds.
  path: Assets/Plugins/Zenject/OptionalExtras/SampleGame1 (Beginner)/Media/Imported/SpaceShip/Textures/1K_Body-NM.jpg
  artifactKey: Guid(b425f3d4e800e284e90bfeccc7276fba) Importer(815301076,1909f56bfc062723c751e8b465ee728b)
Start importing Assets/Plugins/Zenject/OptionalExtras/SampleGame1 (Beginner)/Media/Imported/SpaceShip/Textures/1K_Body-NM.jpg using Guid(b425f3d4e800e284e90bfeccc7276fba) Importer(815301076,1909f56bfc062723c751e8b465ee728b)  -> (artifact id: '944bb5bae7b480c151b90b565b0ebb7d') in 0.116953 seconds 
  Import took 0.203087 seconds .

========================================================================
Received Import Request.
  Time since last request: 0.000369 seconds.
  path: Assets/Plugins/Zenject/OptionalExtras/SampleGame1 (Beginner)/Media/Imported/SpaceShip/Space_Shooter.fbm/1K_Body-TXTR.jpg
  artifactKey: Guid(01e65fb55683f1f4182f15ee0a5057ad) Importer(815301076,1909f56bfc062723c751e8b465ee728b)
Start importing Assets/Plugins/Zenject/OptionalExtras/SampleGame1 (Beginner)/Media/Imported/SpaceShip/Space_Shooter.fbm/1K_Body-TXTR.jpg using Guid(01e65fb55683f1f4182f15ee0a5057ad) Importer(815301076,1909f56bfc062723c751e8b465ee728b)  -> (artifact id: 'd628e2fe38653bf4dd72fbe7d2bdc9db') in 0.060701 seconds 
  Import took 0.143652 seconds .

========================================================================
Received Import Request.
  Time since last request: 0.000444 seconds.
  path: Assets/Plugins/Zenject/OptionalExtras/SampleGame1 (Beginner)/Media/Imported/SpaceShip/Textures/1K_Spec.jpg
  artifactKey: Guid(0ea2ae5c475a8224f9f6c107611afe7b) Importer(815301076,1909f56bfc062723c751e8b465ee728b)
Start importing Assets/Plugins/Zenject/OptionalExtras/SampleGame1 (Beginner)/Media/Imported/SpaceShip/Textures/1K_Spec.jpg using Guid(0ea2ae5c475a8224f9f6c107611afe7b) Importer(815301076,1909f56bfc062723c751e8b465ee728b)  -> (artifact id: '34e2ac228feac2481b48740ea92c8bff') in 0.046265 seconds 
  Import took 0.120968 seconds .

========================================================================
Received Import Request.
  Time since last request: 0.000297 seconds.
  path: Assets/Plugins/Zenject/OptionalExtras/SampleGame1 (Beginner)/Media/Textures/asteroid.png
  artifactKey: Guid(f67021125bb29c34d81355e68915c874) Importer(815301076,1909f56bfc062723c751e8b465ee728b)
Start importing Assets/Plugins/Zenject/OptionalExtras/SampleGame1 (Beginner)/Media/Textures/asteroid.png using Guid(f67021125bb29c34d81355e68915c874) Importer(815301076,1909f56bfc062723c751e8b465ee728b)  -> (artifact id: '843608deec1fd15aeffd34badfafed23') in 0.032215 seconds 
  Import took 0.078461 seconds .

========================================================================
Received Import Request.
  Time since last request: 0.000307 seconds.
  path: Assets/Plugins/Zenject/OptionalExtras/SampleGame1 (Beginner)/Media/Imported/SpaceShip/Textures/1K_TXTR+Spec.tif
  artifactKey: Guid(d502334f478d23c4baaa4781df176eaf) Importer(815301076,1909f56bfc062723c751e8b465ee728b)
Start importing Assets/Plugins/Zenject/OptionalExtras/SampleGame1 (Beginner)/Media/Imported/SpaceShip/Textures/1K_TXTR+Spec.tif using Guid(d502334f478d23c4baaa4781df176eaf) Importer(815301076,1909f56bfc062723c751e8b465ee728b)  -> (artifact id: '45df69773fa6ef458b33070398629f7e') in 0.083363 seconds 
  Import took 0.142741 seconds .

========================================================================
Received Import Request.
  Time since last request: 0.000331 seconds.
  path: Assets/Plugins/Zenject/OptionalExtras/SampleGame1 (Beginner)/Media/Imported/SpaceShip/Space_Shooter.fbm/1K_Spec.jpg
  artifactKey: Guid(655ab62be1e02e34e88e39ed8c91a0c4) Importer(815301076,1909f56bfc062723c751e8b465ee728b)
Start importing Assets/Plugins/Zenject/OptionalExtras/SampleGame1 (Beginner)/Media/Imported/SpaceShip/Space_Shooter.fbm/1K_Spec.jpg using Guid(655ab62be1e02e34e88e39ed8c91a0c4) Importer(815301076,1909f56bfc062723c751e8b465ee728b)  -> (artifact id: '7bcc5a00556a57dae92d289aca5f34ad') in 0.039549 seconds 
  Import took 0.066795 seconds .

========================================================================
Received Import Request.
  Time since last request: 4.479316 seconds.
  path: Assets/Plugins/Zenject/OptionalExtras/SampleGame1 (Beginner)/Media/Imported/Textures/CampfireLeft.psd
  artifactKey: Guid(a72df340b82eb4fd2afbb9dbe634f4bc) Importer(815301076,1909f56bfc062723c751e8b465ee728b)
Start importing Assets/Plugins/Zenject/OptionalExtras/SampleGame1 (Beginner)/Media/Imported/Textures/CampfireLeft.psd using Guid(a72df340b82eb4fd2afbb9dbe634f4bc) Importer(815301076,1909f56bfc062723c751e8b465ee728b)  -> (artifact id: '021ad8fd7897227dfddcbb0a811bc90d') in 0.159656 seconds 
  Import took 0.234508 seconds .

========================================================================
Received Import Request.
  Time since last request: 0.000540 seconds.
  path: Assets/Plugins/Zenject/OptionalExtras/SampleGame1 (Beginner)/Media/Imported/Textures/Campfireright.psd
  artifactKey: Guid(f6a7e4120ea5b4ca39d145c3f3b9669d) Importer(815301076,1909f56bfc062723c751e8b465ee728b)
Start importing Assets/Plugins/Zenject/OptionalExtras/SampleGame1 (Beginner)/Media/Imported/Textures/Campfireright.psd using Guid(f6a7e4120ea5b4ca39d145c3f3b9669d) Importer(815301076,1909f56bfc062723c751e8b465ee728b)  -> (artifact id: '85cda0930aebe236592ce8093d0da80e') in 0.038978 seconds 
  Import took 0.086873 seconds .

========================================================================
Received Import Request.
  Time since last request: 0.000336 seconds.
  path: Assets/Plugins/Zenject/OptionalExtras/SampleGame1 (Beginner)/Media/Imported/Textures/Candle.psd
  artifactKey: Guid(ea3fc985fb308433eb7ea824447f0426) Importer(815301076,1909f56bfc062723c751e8b465ee728b)
Start importing Assets/Plugins/Zenject/OptionalExtras/SampleGame1 (Beginner)/Media/Imported/Textures/Candle.psd using Guid(ea3fc985fb308433eb7ea824447f0426) Importer(815301076,1909f56bfc062723c751e8b465ee728b)  -> (artifact id: '04d778b86db239adac7db35ab5ee8d7c') in 0.083743 seconds 
  Import took 0.116278 seconds .

========================================================================
Received Import Request.
  Time since last request: 0.125220 seconds.
  path: Assets/Plugins/TextMesh Pro/Examples & Extras/Sprites/Default Sprites.png
  artifactKey: Guid(a0fc465d6cf04254a2938578735e2383) Importer(815301076,1909f56bfc062723c751e8b465ee728b)
Start importing Assets/Plugins/TextMesh Pro/Examples & Extras/Sprites/Default Sprites.png using Guid(a0fc465d6cf04254a2938578735e2383) Importer(815301076,1909f56bfc062723c751e8b465ee728b)  -> (artifact id: '5ba2f5d5f32bb8e25d8b4bc891823b21') in 0.092998 seconds 
  Import took 0.125912 seconds .

========================================================================
Received Import Request.
  Time since last request: 0.000334 seconds.
  path: Assets/Plugins/TextMesh Pro/Examples & Extras/Sprites/DropCap Numbers.psd
  artifactKey: Guid(fd09957580ac4326916010f1f260975b) Importer(815301076,1909f56bfc062723c751e8b465ee728b)
Start importing Assets/Plugins/TextMesh Pro/Examples & Extras/Sprites/DropCap Numbers.psd using Guid(fd09957580ac4326916010f1f260975b) Importer(815301076,1909f56bfc062723c751e8b465ee728b)  -> (artifact id: '2f0649bdbda1528085a2b25efd6300ea') in 0.033837 seconds 
  Import took 0.099013 seconds .

========================================================================
Received Import Request.
  Time since last request: 0.000315 seconds.
  path: Assets/Plugins/Demigiant/DOTween/Editor/Imgs/DOTweenIcon.png
  artifactKey: Guid(8da095e39e9b4df488dfd436f81116d6) Importer(815301076,1909f56bfc062723c751e8b465ee728b)
Start importing Assets/Plugins/Demigiant/DOTween/Editor/Imgs/DOTweenIcon.png using Guid(8da095e39e9b4df488dfd436f81116d6) Importer(815301076,1909f56bfc062723c751e8b465ee728b)  -> (artifact id: 'e4e14cdc407bf5f9dfa1711d02e6f4a3') in 0.083372 seconds 
  Import took 0.089765 seconds .

========================================================================
Received Import Request.
  Time since last request: 0.000545 seconds.
  path: Assets/Plugins/Demigiant/DOTween/Editor/Imgs/DOTweenMiniIcon.png
  artifactKey: Guid(61521df2e071645488ba3d05e49289ae) Importer(815301076,1909f56bfc062723c751e8b465ee728b)
Start importing Assets/Plugins/Demigiant/DOTween/Editor/Imgs/DOTweenMiniIcon.png using Guid(61521df2e071645488ba3d05e49289ae) Importer(815301076,1909f56bfc062723c751e8b465ee728b)  -> (artifact id: 'c2cb280f58a1f834d600776f6c9b709f') in 0.057079 seconds 
  Import took 0.099709 seconds .

========================================================================
Received Import Request.
  Time since last request: 0.000433 seconds.
  path: Assets/Plugins/Zenject/OptionalExtras/SampleGame1 (Beginner)/Media/Imported/Rocks/textures/diffuse.tga
  artifactKey: Guid(abd916b1dc28a7e4caffa584a9f2ee35) Importer(815301076,1909f56bfc062723c751e8b465ee728b)
Start importing Assets/Plugins/Zenject/OptionalExtras/SampleGame1 (Beginner)/Media/Imported/Rocks/textures/diffuse.tga using Guid(abd916b1dc28a7e4caffa584a9f2ee35) Importer(815301076,1909f56bfc062723c751e8b465ee728b)  -> (artifact id: '49b2758460e1194b3857d9154bf4b1c3') in 0.047028 seconds 
  Import took 0.137814 seconds .

========================================================================
Received Import Request.
  Time since last request: 0.240265 seconds.
  path: Assets/Plugins/TextMesh Pro/Sprites/EmojiOne.png
  artifactKey: Guid(dffef66376be4fa480fb02b19edbe903) Importer(815301076,1909f56bfc062723c751e8b465ee728b)
Start importing Assets/Plugins/TextMesh Pro/Sprites/EmojiOne.png using Guid(dffef66376be4fa480fb02b19edbe903) Importer(815301076,1909f56bfc062723c751e8b465ee728b)  -> (artifact id: '80d214c37a3304a1d30735001999c91a') in 0.159416 seconds 
  Import took 0.255593 seconds .

========================================================================
Received Import Request.
  Time since last request: 0.177095 seconds.
  path: Assets/Plugins/Zenject/OptionalExtras/SampleGame1 (Beginner)/Media/Imported/Textures/fire.png
  artifactKey: Guid(d1f484f58ddfa4341a6e72ce14adc083) Importer(815301076,1909f56bfc062723c751e8b465ee728b)
Start importing Assets/Plugins/Zenject/OptionalExtras/SampleGame1 (Beginner)/Media/Imported/Textures/fire.png using Guid(d1f484f58ddfa4341a6e72ce14adc083) Importer(815301076,1909f56bfc062723c751e8b465ee728b)  -> (artifact id: '9c2729e6e1faa76634c335e59aa86e3f') in 0.043846 seconds 
  Import took 0.101745 seconds .

========================================================================
Received Import Request.
  Time since last request: 0.000396 seconds.
  path: Assets/Plugins/Zenject/OptionalExtras/SampleGame1 (Beginner)/Media/Imported/Textures/fire2.png
  artifactKey: Guid(590e5ca5d888e4258ac16b80a33e024d) Importer(815301076,1909f56bfc062723c751e8b465ee728b)
Start importing Assets/Plugins/Zenject/OptionalExtras/SampleGame1 (Beginner)/Media/Imported/Textures/fire2.png using Guid(590e5ca5d888e4258ac16b80a33e024d) Importer(815301076,1909f56bfc062723c751e8b465ee728b)  -> (artifact id: 'a5e581a4a831245432d63733db6f7424') in 0.017982 seconds 
  Import took 0.032885 seconds .

========================================================================
Received Import Request.
  Time since last request: 0.350566 seconds.
  path: Assets/Plugins/Zenject/OptionalExtras/SampleGame2 (Advanced)/Media/Textures/Flame.psd
  artifactKey: Guid(b260cbc8d9bc048bd8834c7a1b5aed36) Importer(815301076,1909f56bfc062723c751e8b465ee728b)
Start importing Assets/Plugins/Zenject/OptionalExtras/SampleGame2 (Advanced)/Media/Textures/Flame.psd using Guid(b260cbc8d9bc048bd8834c7a1b5aed36) Importer(815301076,1909f56bfc062723c751e8b465ee728b)  -> (artifact id: '7ea19d48841aa1229b35b87433ea19fc') in 0.045590 seconds 
  Import took 0.124800 seconds .

========================================================================
Received Import Request.
  Time since last request: 0.000391 seconds.
  path: Assets/Plugins/TextMesh Pro/Examples & Extras/Textures/Floor Tiles 1 - diffuse.jpg
  artifactKey: Guid(85ac55597b97403c82fc6601a93cf241) Importer(815301076,1909f56bfc062723c751e8b465ee728b)
Start importing Assets/Plugins/TextMesh Pro/Examples & Extras/Textures/Floor Tiles 1 - diffuse.jpg using Guid(85ac55597b97403c82fc6601a93cf241) Importer(815301076,1909f56bfc062723c751e8b465ee728b)  -> (artifact id: 'cb7c9123b92d5a493d47cdcfb3e78f82') in 0.054522 seconds 
  Import took 0.095840 seconds .

========================================================================
Received Import Request.
  Time since last request: 0.000358 seconds.
  path: Assets/Plugins/TextMesh Pro/Examples & Extras/Textures/Floor Cement.jpg
  artifactKey: Guid(283f897e4925411ebbaa758b4cb13fc2) Importer(815301076,1909f56bfc062723c751e8b465ee728b)
Start importing Assets/Plugins/TextMesh Pro/Examples & Extras/Textures/Floor Cement.jpg using Guid(283f897e4925411ebbaa758b4cb13fc2) Importer(815301076,1909f56bfc062723c751e8b465ee728b)  -> (artifact id: '8f101f0f6cd03c1869b05b99c5dc067c') in 0.031922 seconds 
  Import took 0.070352 seconds .

========================================================================
Received Prepare
Registering precompiled user dll's ...
Registered in 0.007144 seconds.
Begin MonoManager ReloadAssembly
Native extension for WindowsStandalone target not found
Native extension for WebGL target not found
Refreshing native plugins compatible for Editor in 0.70 ms, found 2 plugins.
Preloading 0 native plugins for Editor in 0.00 ms.
Mono: successfully reloaded assembly
- Completed reload, in  1.549 seconds
Domain Reload Profiling:
	ReloadAssembly (1551ms)
		BeginReloadAssembly (171ms)
			ExecutionOrderSort (0ms)
			DisableScriptedObjects (8ms)
			BackupInstance (0ms)
			ReleaseScriptingObjects (0ms)
			CreateAndSetChildDomain (53ms)
		EndReloadAssembly (1285ms)
			LoadAssemblies (142ms)
			RebuildTransferFunctionScriptingTraits (0ms)
			SetupTypeCache (505ms)
			ReleaseScriptCaches (3ms)
			RebuildScriptCaches (61ms)
			SetupLoadedEditorAssemblies (439ms)
				LogAssemblyErrors (0ms)
				InitializePlatformSupportModulesInManaged (14ms)
				SetLoadedEditorAssemblies (1ms)
				RefreshPlugins (1ms)
				BeforeProcessingInitializeOnLoad (113ms)
				ProcessInitializeOnLoadAttributes (295ms)
				ProcessInitializeOnLoadMethodAttributes (7ms)
				AfterProcessingInitializeOnLoad (9ms)
				EditorAssembliesLoaded (0ms)
			ExecutionOrderSort2 (0ms)
			AwakeInstancesAfterBackupRestoration (13ms)
Platform modules already initialized, skipping
Refreshing native plugins compatible for Editor in 1.00 ms, found 2 plugins.
Preloading 0 native plugins for Editor in 0.00 ms.
Unloading 2968 Unused Serialized files (Serialized files now loaded: 0)
System memory in use before: 188.4 MB.
System memory in use after: 188.6 MB.

Unloading 20 unused Assets to reduce memory usage. Loaded Objects now: 3520.
Total: 5.093400 ms (FindLiveObjects: 0.453000 ms CreateObjectMapping: 0.177500 ms MarkObjects: 4.431400 ms  DeleteObjects: 0.029700 ms)

AssetImportParameters requested are different than current active one (requested -> active):
  custom:framework-win-MediaFoundation: 216162199b28c13a410421893ffa2e32 -> 
  custom:video-decoder-ogg-theora: a1e56fd34408186e4bbccfd4996cb3dc -> 
  custom:container-muxer-webm: aa71ff27fc2769a1b78a27578f13a17b -> 
  custom:container-demuxer-webm: 4f35f7cbe854078d1ac9338744f61a02 -> 
  custom:container-demuxer-ogg: 62fdf1f143b41e24485cea50d1cbac27 -> 
  custom:video-encoder-webm-vp8: eb34c28f22e8b96e1ab97ce403110664 -> 
  custom:video-decoder-webm-vp8: 9c59270c3fd7afecdb556c50c9e8de78 -> 
  custom:audio-decoder-ogg-vorbis: bf7c407c2cedff20999df2af8eb42d56 -> 
  custom:audio-encoder-webm-vorbis: bf7c407c2cedff20999df2af8eb42d56 -> 
========================================================================
Received Import Request.
  Time since last request: 92.715370 seconds.
  path: Assets/Prefubs/CheckPoint.prefab
  artifactKey: Guid(f7e1b3f697b60f5469ed2d84eeaf7daf) Importer(815301076,1909f56bfc062723c751e8b465ee728b)
Start importing Assets/Prefubs/CheckPoint.prefab using Guid(f7e1b3f697b60f5469ed2d84eeaf7daf) Importer(815301076,1909f56bfc062723c751e8b465ee728b)  -> (artifact id: '01df51d2bbdae17a61691577f5d32329') in 0.265983 seconds 
  Import took 0.300908 seconds .

========================================================================
Received Import Request.
  Time since last request: 9.007000 seconds.
  path: Assets/Prefubs/CheckPoint.prefab
  artifactKey: Guid(f7e1b3f697b60f5469ed2d84eeaf7daf) Importer(815301076,1909f56bfc062723c751e8b465ee728b)
Start importing Assets/Prefubs/CheckPoint.prefab using Guid(f7e1b3f697b60f5469ed2d84eeaf7daf) Importer(815301076,1909f56bfc062723c751e8b465ee728b)  -> (artifact id: 'bce6cad73174f30f478d6fdca32e7321') in 0.063547 seconds 
  Import took 0.083168 seconds .

========================================================================
Received Import Request.
  Time since last request: 10.513571 seconds.
  path: Assets/Prefubs/CheckPoint.prefab
  artifactKey: Guid(f7e1b3f697b60f5469ed2d84eeaf7daf) Importer(815301076,1909f56bfc062723c751e8b465ee728b)
Start importing Assets/Prefubs/CheckPoint.prefab using Guid(f7e1b3f697b60f5469ed2d84eeaf7daf) Importer(815301076,1909f56bfc062723c751e8b465ee728b)  -> (artifact id: 'bb37de33dc5370c45bcc941534631be1') in 0.051441 seconds 
  Import took 0.157641 seconds .

========================================================================
Received Prepare
Refreshing native plugins compatible for Editor in 5.62 ms, found 2 plugins.
Preloading 0 native plugins for Editor in 0.00 ms.
Unloading 17 Unused Serialized files (Serialized files now loaded: 0)
System memory in use before: 131.0 MB.
System memory in use after: 131.3 MB.

Unloading 18 unused Assets to reduce memory usage. Loaded Objects now: 3521.
Total: 6.434300 ms (FindLiveObjects: 0.526400 ms CreateObjectMapping: 0.152000 ms MarkObjects: 5.718500 ms  DeleteObjects: 0.036300 ms)

AssetImportParameters requested are different than current active one (requested -> active):
  colorSpace: 0 -> 1
  custom:framework-win-MediaFoundation: 216162199b28c13a410421893ffa2e32 -> 
  custom:video-decoder-ogg-theora: a1e56fd34408186e4bbccfd4996cb3dc -> 
  custom:container-muxer-webm: aa71ff27fc2769a1b78a27578f13a17b -> 
  custom:container-demuxer-webm: 4f35f7cbe854078d1ac9338744f61a02 -> 
  custom:container-demuxer-ogg: 62fdf1f143b41e24485cea50d1cbac27 -> 
  custom:video-encoder-webm-vp8: eb34c28f22e8b96e1ab97ce403110664 -> 
  custom:video-decoder-webm-vp8: 9c59270c3fd7afecdb556c50c9e8de78 -> 
  custom:audio-decoder-ogg-vorbis: bf7c407c2cedff20999df2af8eb42d56 -> 
  custom:audio-encoder-webm-vorbis: bf7c407c2cedff20999df2af8eb42d56 -> 
========================================================================
Received Import Request.
  Time since last request: 143.800924 seconds.
  path: Assets/Prefubs/CheckPoint.prefab
  artifactKey: Guid(f7e1b3f697b60f5469ed2d84eeaf7daf) Importer(815301076,1909f56bfc062723c751e8b465ee728b)
Start importing Assets/Prefubs/CheckPoint.prefab using Guid(f7e1b3f697b60f5469ed2d84eeaf7daf) Importer(815301076,1909f56bfc062723c751e8b465ee728b)  -> (artifact id: 'c547671333bca7daa711a13609d0f8d6') in 0.055007 seconds 
  Import took 0.072790 seconds .

========================================================================
Received Import Request.
  Time since last request: 1.711812 seconds.
  path: Assets/Prefubs/CheckPoint.prefab
  artifactKey: Guid(f7e1b3f697b60f5469ed2d84eeaf7daf) Importer(815301076,1909f56bfc062723c751e8b465ee728b)
Start importing Assets/Prefubs/CheckPoint.prefab using Guid(f7e1b3f697b60f5469ed2d84eeaf7daf) Importer(815301076,1909f56bfc062723c751e8b465ee728b)  -> (artifact id: '57db86d3c12c0ba9d8a6806a73f013c5') in 0.078514 seconds 
  Import took 0.103912 seconds .

========================================================================
Received Prepare
Refreshing native plugins compatible for Editor in 101.51 ms, found 2 plugins.
Preloading 0 native plugins for Editor in 0.00 ms.
Unloading 17 Unused Serialized files (Serialized files now loaded: 0)
System memory in use before: 131.4 MB.
System memory in use after: 131.6 MB.

Unloading 18 unused Assets to reduce memory usage. Loaded Objects now: 3521.
Total: 6.559400 ms (FindLiveObjects: 0.645200 ms CreateObjectMapping: 0.221400 ms MarkObjects: 5.646800 ms  DeleteObjects: 0.043500 ms)

AssetImportParameters requested are different than current active one (requested -> active):
  colorSpace: 1 -> 0
  custom:framework-win-MediaFoundation: 216162199b28c13a410421893ffa2e32 -> 
  custom:video-decoder-ogg-theora: a1e56fd34408186e4bbccfd4996cb3dc -> 
  custom:container-muxer-webm: aa71ff27fc2769a1b78a27578f13a17b -> 
  custom:container-demuxer-webm: 4f35f7cbe854078d1ac9338744f61a02 -> 
  custom:container-demuxer-ogg: 62fdf1f143b41e24485cea50d1cbac27 -> 
  custom:video-encoder-webm-vp8: eb34c28f22e8b96e1ab97ce403110664 -> 
  custom:video-decoder-webm-vp8: 9c59270c3fd7afecdb556c50c9e8de78 -> 
  custom:audio-decoder-ogg-vorbis: bf7c407c2cedff20999df2af8eb42d56 -> 
  custom:audio-encoder-webm-vorbis: bf7c407c2cedff20999df2af8eb42d56 -> 
========================================================================
Received Prepare
Refreshing native plugins compatible for Editor in 131.03 ms, found 2 plugins.
Preloading 0 native plugins for Editor in 0.00 ms.
Unloading 17 Unused Serialized files (Serialized files now loaded: 0)
System memory in use before: 131.0 MB.
System memory in use after: 131.2 MB.

Unloading 17 unused Assets to reduce memory usage. Loaded Objects now: 3521.
Total: 5.695000 ms (FindLiveObjects: 0.373100 ms CreateObjectMapping: 0.098300 ms MarkObjects: 5.198100 ms  DeleteObjects: 0.023100 ms)

AssetImportParameters requested are different than current active one (requested -> active):
  custom:framework-win-MediaFoundation: 216162199b28c13a410421893ffa2e32 -> 
  custom:video-decoder-ogg-theora: a1e56fd34408186e4bbccfd4996cb3dc -> 
  custom:container-muxer-webm: aa71ff27fc2769a1b78a27578f13a17b -> 
  custom:container-demuxer-webm: 4f35f7cbe854078d1ac9338744f61a02 -> 
  custom:container-demuxer-ogg: 62fdf1f143b41e24485cea50d1cbac27 -> 
  custom:video-encoder-webm-vp8: eb34c28f22e8b96e1ab97ce403110664 -> 
  custom:video-decoder-webm-vp8: 9c59270c3fd7afecdb556c50c9e8de78 -> 
  custom:audio-decoder-ogg-vorbis: bf7c407c2cedff20999df2af8eb42d56 -> 
  custom:audio-encoder-webm-vorbis: bf7c407c2cedff20999df2af8eb42d56 -> 
========================================================================
Received Prepare
Refreshing native plugins compatible for Editor in 4.29 ms, found 2 plugins.
Preloading 0 native plugins for Editor in 0.00 ms.
Unloading 17 Unused Serialized files (Serialized files now loaded: 0)
System memory in use before: 131.0 MB.
System memory in use after: 131.3 MB.

Unloading 17 unused Assets to reduce memory usage. Loaded Objects now: 3521.
Total: 6.983600 ms (FindLiveObjects: 0.454300 ms CreateObjectMapping: 0.159300 ms MarkObjects: 6.339400 ms  DeleteObjects: 0.028500 ms)

AssetImportParameters requested are different than current active one (requested -> active):
  custom:framework-win-MediaFoundation: 216162199b28c13a410421893ffa2e32 -> 
  custom:video-decoder-ogg-theora: a1e56fd34408186e4bbccfd4996cb3dc -> 
  custom:container-muxer-webm: aa71ff27fc2769a1b78a27578f13a17b -> 
  custom:container-demuxer-webm: 4f35f7cbe854078d1ac9338744f61a02 -> 
  custom:container-demuxer-ogg: 62fdf1f143b41e24485cea50d1cbac27 -> 
  custom:video-encoder-webm-vp8: eb34c28f22e8b96e1ab97ce403110664 -> 
  custom:video-decoder-webm-vp8: 9c59270c3fd7afecdb556c50c9e8de78 -> 
  custom:audio-decoder-ogg-vorbis: bf7c407c2cedff20999df2af8eb42d56 -> 
  custom:audio-encoder-webm-vorbis: bf7c407c2cedff20999df2af8eb42d56 -> 
========================================================================
Received Prepare
Registering precompiled user dll's ...
Registered in 0.006603 seconds.
Begin MonoManager ReloadAssembly
Native extension for WindowsStandalone target not found
Native extension for WebGL target not found
Refreshing native plugins compatible for Editor in 2.18 ms, found 2 plugins.
Preloading 0 native plugins for Editor in 0.00 ms.
Mono: successfully reloaded assembly
- Completed reload, in  1.891 seconds
Domain Reload Profiling:
	ReloadAssembly (1892ms)
		BeginReloadAssembly (168ms)
			ExecutionOrderSort (0ms)
			DisableScriptedObjects (7ms)
			BackupInstance (0ms)
			ReleaseScriptingObjects (0ms)
			CreateAndSetChildDomain (56ms)
		EndReloadAssembly (1632ms)
			LoadAssemblies (146ms)
			RebuildTransferFunctionScriptingTraits (0ms)
			SetupTypeCache (522ms)
			ReleaseScriptCaches (2ms)
			RebuildScriptCaches (85ms)
			SetupLoadedEditorAssemblies (501ms)
				LogAssemblyErrors (0ms)
				InitializePlatformSupportModulesInManaged (9ms)
				SetLoadedEditorAssemblies (1ms)
				RefreshPlugins (2ms)
				BeforeProcessingInitializeOnLoad (137ms)
				ProcessInitializeOnLoadAttributes (335ms)
				ProcessInitializeOnLoadMethodAttributes (5ms)
				AfterProcessingInitializeOnLoad (11ms)
				EditorAssembliesLoaded (0ms)
			ExecutionOrderSort2 (0ms)
			AwakeInstancesAfterBackupRestoration (9ms)
Platform modules already initialized, skipping
Refreshing native plugins compatible for Editor in 1.19 ms, found 2 plugins.
Preloading 0 native plugins for Editor in 0.00 ms.
Unloading 2968 Unused Serialized files (Serialized files now loaded: 0)
System memory in use before: 188.4 MB.
System memory in use after: 188.7 MB.

Unloading 20 unused Assets to reduce memory usage. Loaded Objects now: 3523.
Total: 4.335100 ms (FindLiveObjects: 0.343300 ms CreateObjectMapping: 0.082100 ms MarkObjects: 3.876600 ms  DeleteObjects: 0.031300 ms)

AssetImportParameters requested are different than current active one (requested -> active):
  custom:framework-win-MediaFoundation: 216162199b28c13a410421893ffa2e32 -> 
  custom:video-decoder-ogg-theora: a1e56fd34408186e4bbccfd4996cb3dc -> 
  custom:container-muxer-webm: aa71ff27fc2769a1b78a27578f13a17b -> 
  custom:container-demuxer-webm: 4f35f7cbe854078d1ac9338744f61a02 -> 
  custom:container-demuxer-ogg: 62fdf1f143b41e24485cea50d1cbac27 -> 
  custom:video-encoder-webm-vp8: eb34c28f22e8b96e1ab97ce403110664 -> 
  custom:video-decoder-webm-vp8: 9c59270c3fd7afecdb556c50c9e8de78 -> 
  custom:audio-decoder-ogg-vorbis: bf7c407c2cedff20999df2af8eb42d56 -> 
  custom:audio-encoder-webm-vorbis: bf7c407c2cedff20999df2af8eb42d56 -> 
========================================================================
Received Import Request.
  Time since last request: 1517.830481 seconds.
  path: Assets/Prefubs/CheckPoint.prefab
  artifactKey: Guid(f7e1b3f697b60f5469ed2d84eeaf7daf) Importer(815301076,1909f56bfc062723c751e8b465ee728b)
Start importing Assets/Prefubs/CheckPoint.prefab using Guid(f7e1b3f697b60f5469ed2d84eeaf7daf) Importer(815301076,1909f56bfc062723c751e8b465ee728b)  -> (artifact id: '50f48ccba102bcd6d5931d9f661040b1') in 0.364580 seconds 
  Import took 0.582666 seconds .

========================================================================
Received Prepare
Registering precompiled user dll's ...
Registered in 0.006990 seconds.
Begin MonoManager ReloadAssembly
Native extension for WindowsStandalone target not found
Native extension for WebGL target not found
Refreshing native plugins compatible for Editor in 0.97 ms, found 2 plugins.
Preloading 0 native plugins for Editor in 0.00 ms.
Mono: successfully reloaded assembly
- Completed reload, in  1.509 seconds
Domain Reload Profiling:
	ReloadAssembly (1510ms)
		BeginReloadAssembly (157ms)
			ExecutionOrderSort (0ms)
			DisableScriptedObjects (6ms)
			BackupInstance (0ms)
			ReleaseScriptingObjects (0ms)
			CreateAndSetChildDomain (51ms)
		EndReloadAssembly (1260ms)
			LoadAssemblies (140ms)
			RebuildTransferFunctionScriptingTraits (0ms)
			SetupTypeCache (484ms)
			ReleaseScriptCaches (1ms)
			RebuildScriptCaches (60ms)
			SetupLoadedEditorAssemblies (442ms)
				LogAssemblyErrors (0ms)
				InitializePlatformSupportModulesInManaged (9ms)
				SetLoadedEditorAssemblies (1ms)
				RefreshPlugins (1ms)
				BeforeProcessingInitializeOnLoad (114ms)
				ProcessInitializeOnLoadAttributes (301ms)
				ProcessInitializeOnLoadMethodAttributes (6ms)
				AfterProcessingInitializeOnLoad (10ms)
				EditorAssembliesLoaded (0ms)
			ExecutionOrderSort2 (0ms)
			AwakeInstancesAfterBackupRestoration (11ms)
Platform modules already initialized, skipping
Refreshing native plugins compatible for Editor in 0.77 ms, found 2 plugins.
Preloading 0 native plugins for Editor in 0.00 ms.
Unloading 2968 Unused Serialized files (Serialized files now loaded: 0)
System memory in use before: 188.4 MB.
System memory in use after: 188.7 MB.

Unloading 21 unused Assets to reduce memory usage. Loaded Objects now: 3526.
Total: 4.142700 ms (FindLiveObjects: 0.419100 ms CreateObjectMapping: 0.100100 ms MarkObjects: 3.587100 ms  DeleteObjects: 0.034200 ms)

AssetImportParameters requested are different than current active one (requested -> active):
  custom:framework-win-MediaFoundation: 216162199b28c13a410421893ffa2e32 -> 
  custom:video-decoder-ogg-theora: a1e56fd34408186e4bbccfd4996cb3dc -> 
  custom:container-muxer-webm: aa71ff27fc2769a1b78a27578f13a17b -> 
  custom:container-demuxer-webm: 4f35f7cbe854078d1ac9338744f61a02 -> 
  custom:container-demuxer-ogg: 62fdf1f143b41e24485cea50d1cbac27 -> 
  custom:video-encoder-webm-vp8: eb34c28f22e8b96e1ab97ce403110664 -> 
  custom:video-decoder-webm-vp8: 9c59270c3fd7afecdb556c50c9e8de78 -> 
  custom:audio-decoder-ogg-vorbis: bf7c407c2cedff20999df2af8eb42d56 -> 
  custom:audio-encoder-webm-vorbis: bf7c407c2cedff20999df2af8eb42d56 -> 
========================================================================
Received Prepare
Registering precompiled user dll's ...
Registered in 0.247201 seconds.
Begin MonoManager ReloadAssembly
Native extension for WindowsStandalone target not found
Native extension for WebGL target not found
Refreshing native plugins compatible for Editor in 0.86 ms, found 2 plugins.
Preloading 0 native plugins for Editor in 0.00 ms.
Mono: successfully reloaded assembly
- Completed reload, in  2.350 seconds
Domain Reload Profiling:
	ReloadAssembly (2350ms)
		BeginReloadAssembly (157ms)
			ExecutionOrderSort (0ms)
			DisableScriptedObjects (6ms)
			BackupInstance (0ms)
			ReleaseScriptingObjects (0ms)
			CreateAndSetChildDomain (49ms)
		EndReloadAssembly (2102ms)
			LoadAssemblies (1042ms)
			RebuildTransferFunctionScriptingTraits (0ms)
			SetupTypeCache (461ms)
			ReleaseScriptCaches (2ms)
			RebuildScriptCaches (56ms)
			SetupLoadedEditorAssemblies (415ms)
				LogAssemblyErrors (0ms)
				InitializePlatformSupportModulesInManaged (8ms)
				SetLoadedEditorAssemblies (1ms)
				RefreshPlugins (1ms)
				BeforeProcessingInitializeOnLoad (114ms)
				ProcessInitializeOnLoadAttributes (277ms)
				ProcessInitializeOnLoadMethodAttributes (4ms)
				AfterProcessingInitializeOnLoad (9ms)
				EditorAssembliesLoaded (0ms)
			ExecutionOrderSort2 (0ms)
			AwakeInstancesAfterBackupRestoration (9ms)
Platform modules already initialized, skipping
Refreshing native plugins compatible for Editor in 1.05 ms, found 2 plugins.
Preloading 0 native plugins for Editor in 0.00 ms.
Unloading 2968 Unused Serialized files (Serialized files now loaded: 0)
System memory in use before: 188.4 MB.
System memory in use after: 188.7 MB.

Unloading 20 unused Assets to reduce memory usage. Loaded Objects now: 3528.
Total: 5.141900 ms (FindLiveObjects: 0.416100 ms CreateObjectMapping: 0.130400 ms MarkObjects: 4.564900 ms  DeleteObjects: 0.028400 ms)

AssetImportParameters requested are different than current active one (requested -> active):
  custom:framework-win-MediaFoundation: 216162199b28c13a410421893ffa2e32 -> 
  custom:video-decoder-ogg-theora: a1e56fd34408186e4bbccfd4996cb3dc -> 
  custom:container-muxer-webm: aa71ff27fc2769a1b78a27578f13a17b -> 
  custom:container-demuxer-webm: 4f35f7cbe854078d1ac9338744f61a02 -> 
  custom:container-demuxer-ogg: 62fdf1f143b41e24485cea50d1cbac27 -> 
  custom:video-encoder-webm-vp8: eb34c28f22e8b96e1ab97ce403110664 -> 
  custom:video-decoder-webm-vp8: 9c59270c3fd7afecdb556c50c9e8de78 -> 
  custom:audio-decoder-ogg-vorbis: bf7c407c2cedff20999df2af8eb42d56 -> 
  custom:audio-encoder-webm-vorbis: bf7c407c2cedff20999df2af8eb42d56 -> 
========================================================================
Received Import Request.
  Time since last request: 2236.546803 seconds.
  path: Assets/Prefubs/SandStorm.prefab
  artifactKey: Guid(2c39916f2ce41984ba29e485693bd67c) Importer(815301076,1909f56bfc062723c751e8b465ee728b)
Start importing Assets/Prefubs/SandStorm.prefab using Guid(2c39916f2ce41984ba29e485693bd67c) Importer(815301076,1909f56bfc062723c751e8b465ee728b)  -> (artifact id: '69800b9c50a514cc17624e4908006e37') in 0.209174 seconds 
  Import took 0.240961 seconds .

========================================================================
Received Import Request.
  Time since last request: 1.993391 seconds.
  path: Assets/Prefubs/SandStorm.prefab
  artifactKey: Guid(2c39916f2ce41984ba29e485693bd67c) Importer(815301076,1909f56bfc062723c751e8b465ee728b)
Start importing Assets/Prefubs/SandStorm.prefab using Guid(2c39916f2ce41984ba29e485693bd67c) Importer(815301076,1909f56bfc062723c751e8b465ee728b)  -> (artifact id: '43a612db270682ecc3eb197e27676dea') in 0.046904 seconds 
  Import took 0.084587 seconds .

========================================================================
Received Import Request.
  Time since last request: 5.638655 seconds.
  path: Assets/Prefubs/SandStorm.prefab
  artifactKey: Guid(2c39916f2ce41984ba29e485693bd67c) Importer(815301076,1909f56bfc062723c751e8b465ee728b)
Start importing Assets/Prefubs/SandStorm.prefab using Guid(2c39916f2ce41984ba29e485693bd67c) Importer(815301076,1909f56bfc062723c751e8b465ee728b)  -> (artifact id: 'b4a43c2c42ca055bbff1591b206f3902') in 0.079734 seconds 
  Import took 0.121439 seconds .

========================================================================
Received Import Request.
  Time since last request: 7.369453 seconds.
  path: Assets/Prefubs/SandStorm.prefab
  artifactKey: Guid(2c39916f2ce41984ba29e485693bd67c) Importer(815301076,1909f56bfc062723c751e8b465ee728b)
Start importing Assets/Prefubs/SandStorm.prefab using Guid(2c39916f2ce41984ba29e485693bd67c) Importer(815301076,1909f56bfc062723c751e8b465ee728b)  -> (artifact id: '8b094e8caf0fd4c38c2332f7e6e04950') in 0.044543 seconds 
  Import took 0.054191 seconds .

========================================================================
Received Import Request.
  Time since last request: 2.464942 seconds.
  path: Assets/Prefubs/SandStorm.prefab
  artifactKey: Guid(2c39916f2ce41984ba29e485693bd67c) Importer(815301076,1909f56bfc062723c751e8b465ee728b)
Start importing Assets/Prefubs/SandStorm.prefab using Guid(2c39916f2ce41984ba29e485693bd67c) Importer(815301076,1909f56bfc062723c751e8b465ee728b)  -> (artifact id: '656adf9ec240ec957c8a4ac0fb3352d5') in 0.036231 seconds 
  Import took 0.115970 seconds .

========================================================================
Received Import Request.
  Time since last request: 2.030873 seconds.
  path: Assets/Prefubs/SandStorm.prefab
  artifactKey: Guid(2c39916f2ce41984ba29e485693bd67c) Importer(815301076,1909f56bfc062723c751e8b465ee728b)
Start importing Assets/Prefubs/SandStorm.prefab using Guid(2c39916f2ce41984ba29e485693bd67c) Importer(815301076,1909f56bfc062723c751e8b465ee728b)  -> (artifact id: '75eefe7a29dcfd0bbca622a0913db297') in 0.045616 seconds 
  Import took 0.112820 seconds .

========================================================================
Received Import Request.
  Time since last request: 28.068900 seconds.
  path: Assets/Prefubs/SandStorm.prefab
  artifactKey: Guid(2c39916f2ce41984ba29e485693bd67c) Importer(815301076,1909f56bfc062723c751e8b465ee728b)
Start importing Assets/Prefubs/SandStorm.prefab using Guid(2c39916f2ce41984ba29e485693bd67c) Importer(815301076,1909f56bfc062723c751e8b465ee728b)  -> (artifact id: '008c587bc9080d5363f8192e86675a9d') in 0.050599 seconds 
  Import took 0.098863 seconds .

========================================================================
Received Import Request.
  Time since last request: 15.744033 seconds.
  path: Assets/Prefubs/SandStorm.prefab
  artifactKey: Guid(2c39916f2ce41984ba29e485693bd67c) Importer(815301076,1909f56bfc062723c751e8b465ee728b)
Start importing Assets/Prefubs/SandStorm.prefab using Guid(2c39916f2ce41984ba29e485693bd67c) Importer(815301076,1909f56bfc062723c751e8b465ee728b)  -> (artifact id: '949eae7f51ae2e5d563d837f95da671c') in 0.051158 seconds 
  Import took 0.103341 seconds .

========================================================================
Received Import Request.
  Time since last request: 105.396574 seconds.
  path: Assets/Prefubs/SandStorm.prefab
  artifactKey: Guid(2c39916f2ce41984ba29e485693bd67c) Importer(815301076,1909f56bfc062723c751e8b465ee728b)
Start importing Assets/Prefubs/SandStorm.prefab using Guid(2c39916f2ce41984ba29e485693bd67c) Importer(815301076,1909f56bfc062723c751e8b465ee728b)  -> (artifact id: 'b91db7033491600f341ab5b6e2d14470') in 0.046456 seconds 
  Import took 0.085278 seconds .

========================================================================
Received Import Request.
  Time since last request: 13.713062 seconds.
  path: Assets/Prefubs/SandStorm.prefab
  artifactKey: Guid(2c39916f2ce41984ba29e485693bd67c) Importer(815301076,1909f56bfc062723c751e8b465ee728b)
Start importing Assets/Prefubs/SandStorm.prefab using Guid(2c39916f2ce41984ba29e485693bd67c) Importer(815301076,1909f56bfc062723c751e8b465ee728b)  -> (artifact id: '81a09516c4c3ad14b3c0fa1e84e51b27') in 0.048608 seconds 
  Import took 0.104027 seconds .

========================================================================
Received Import Request.
  Time since last request: 10.745297 seconds.
  path: Assets/Prefubs/SandStorm.prefab
  artifactKey: Guid(2c39916f2ce41984ba29e485693bd67c) Importer(815301076,1909f56bfc062723c751e8b465ee728b)
Start importing Assets/Prefubs/SandStorm.prefab using Guid(2c39916f2ce41984ba29e485693bd67c) Importer(815301076,1909f56bfc062723c751e8b465ee728b)  -> (artifact id: 'ad6b8568f6b1c4f3dbf37778d6e6c5f4') in 0.044234 seconds 
  Import took 0.083680 seconds .

========================================================================
Received Import Request.
  Time since last request: 8.111817 seconds.
  path: Assets/Prefubs/SandStorm.prefab
  artifactKey: Guid(2c39916f2ce41984ba29e485693bd67c) Importer(815301076,1909f56bfc062723c751e8b465ee728b)
Start importing Assets/Prefubs/SandStorm.prefab using Guid(2c39916f2ce41984ba29e485693bd67c) Importer(815301076,1909f56bfc062723c751e8b465ee728b)  -> (artifact id: '97956ce6d73cba6ac5c74f6ad1ed3c5e') in 0.040932 seconds 
  Import took 0.120904 seconds .

========================================================================
Received Import Request.
  Time since last request: 8.500424 seconds.
  path: Assets/Prefubs/SandStorm.prefab
  artifactKey: Guid(2c39916f2ce41984ba29e485693bd67c) Importer(815301076,1909f56bfc062723c751e8b465ee728b)
Start importing Assets/Prefubs/SandStorm.prefab using Guid(2c39916f2ce41984ba29e485693bd67c) Importer(815301076,1909f56bfc062723c751e8b465ee728b)  -> (artifact id: 'a76e449fa935a53d4bd1ebcb2a11a330') in 0.028565 seconds 
  Import took 0.810901 seconds .

========================================================================
Received Import Request.
  Time since last request: 0.804692 seconds.
  path: Assets/Prefubs/SandStorm.prefab
  artifactKey: Guid(2c39916f2ce41984ba29e485693bd67c) Importer(815301076,1909f56bfc062723c751e8b465ee728b)
Start importing Assets/Prefubs/SandStorm.prefab using Guid(2c39916f2ce41984ba29e485693bd67c) Importer(815301076,1909f56bfc062723c751e8b465ee728b)  -> (artifact id: 'ad315a2dc6dec8bf614b13079c9b8f2b') in 0.040695 seconds 
  Import took 0.058037 seconds .

AssetImportWorkerClient::OnTransportError - code=2 error=End of file
