Using pre-set license
Built from '2020.3/staging' branch; Version is '2020.3.19f1 (68f137dc9bbe) revision 6877495'; Using compiler version '192528614'; Build Type 'Release'
OS: 'Windows 10 Pro; OS build 19042.1288; Version 2009; 64bit' Language: 'ru' Physical Memory: 8002 MB
BatchMode: 1, IsHumanControllingUs: 0, StartBugReporterOnCrash: 0, Is64bit: 1, IsPro: 0

COMMAND LINE ARGUMENTS:
C:\Program Files\Unity\Hub\Editor\2020.3.19f1\Editor\Unity.exe
-adb2
-batchMode
-noUpm
-name
AssetImportWorker0
-projectPath
D:/GameDev/Portfolio/Project/Summary
-logFile
Logs/AssetImportWorker0.log
-srvPort
64387
Successfully changed project path to: D:/GameDev/Portfolio/Project/Summary
D:/GameDev/Portfolio/Project/Summary
Using Asset Import Pipeline V2.
Refreshing native plugins compatible for Editor in 171.13 ms, found 2 plugins.
Preloading 0 native plugins for Editor in 0.00 ms.
Initialize engine version: 2020.3.19f1 (68f137dc9bbe)
[Subsystems] Discovering subsystems at path C:/Program Files/Unity/Hub/Editor/2020.3.19f1/Editor/Data/Resources/UnitySubsystems
[Subsystems] Discovering subsystems at path D:/GameDev/Portfolio/Project/Summary/Assets
GfxDevice: creating device client; threaded=0
Direct3D:
    Version:  Direct3D 11.0 [level 11.1]
    Renderer: Radeon RX 560X (ID=0x67ef)
    Vendor:   
    VRAM:     4076 MB
    Driver:   26.20.12036.4002
Initialize mono
Mono path[0] = 'C:/Program Files/Unity/Hub/Editor/2020.3.19f1/Editor/Data/Managed'
Mono path[1] = 'C:/Program Files/Unity/Hub/Editor/2020.3.19f1/Editor/Data/MonoBleedingEdge/lib/mono/unityjit'
Mono config path = 'C:/Program Files/Unity/Hub/Editor/2020.3.19f1/Editor/Data/MonoBleedingEdge/etc'
Using monoOptions --debugger-agent=transport=dt_socket,embedding=1,server=y,suspend=n,address=127.0.0.1:56840
Begin MonoManager ReloadAssembly
Registering precompiled unity dll's ...
Register platform support module: C:/Program Files/Unity/Hub/Editor/2020.3.19f1/Editor/Data/PlaybackEngines/WebGLSupport/UnityEditor.WebGL.Extensions.dll
Register platform support module: C:/Program Files/Unity/Hub/Editor/2020.3.19f1/Editor/Data/PlaybackEngines/WindowsStandaloneSupport/UnityEditor.WindowsStandalone.Extensions.dll
Registered in 0.007057 seconds.
Native extension for WindowsStandalone target not found
Native extension for WebGL target not found
Refreshing native plugins compatible for Editor in 175.94 ms, found 2 plugins.
Preloading 0 native plugins for Editor in 0.00 ms.
Mono: successfully reloaded assembly
- Completed reload, in  8.884 seconds
Domain Reload Profiling:
	ReloadAssembly (8886ms)
		BeginReloadAssembly (173ms)
			ExecutionOrderSort (0ms)
			DisableScriptedObjects (0ms)
			BackupInstance (0ms)
			ReleaseScriptingObjects (0ms)
			CreateAndSetChildDomain (1ms)
		EndReloadAssembly (1597ms)
			LoadAssemblies (170ms)
			RebuildTransferFunctionScriptingTraits (0ms)
			SetupTypeCache (479ms)
			ReleaseScriptCaches (0ms)
			RebuildScriptCaches (127ms)
			SetupLoadedEditorAssemblies (731ms)
				LogAssemblyErrors (0ms)
				InitializePlatformSupportModulesInManaged (21ms)
				SetLoadedEditorAssemblies (1ms)
				RefreshPlugins (176ms)
				BeforeProcessingInitializeOnLoad (69ms)
				ProcessInitializeOnLoadAttributes (328ms)
				ProcessInitializeOnLoadMethodAttributes (136ms)
				AfterProcessingInitializeOnLoad (0ms)
				EditorAssembliesLoaded (1ms)
			ExecutionOrderSort2 (0ms)
			AwakeInstancesAfterBackupRestoration (0ms)
Platform modules already initialized, skipping
Registering precompiled user dll's ...
Registered in 0.016028 seconds.
Begin MonoManager ReloadAssembly
Native extension for WindowsStandalone target not found
Native extension for WebGL target not found
Refreshing native plugins compatible for Editor in 0.92 ms, found 2 plugins.
Preloading 0 native plugins for Editor in 0.00 ms.
Mono: successfully reloaded assembly
- Completed reload, in  4.442 seconds
Domain Reload Profiling:
	ReloadAssembly (4445ms)
		BeginReloadAssembly (515ms)
			ExecutionOrderSort (0ms)
			DisableScriptedObjects (11ms)
			BackupInstance (0ms)
			ReleaseScriptingObjects (0ms)
			CreateAndSetChildDomain (51ms)
		EndReloadAssembly (3670ms)
			LoadAssemblies (395ms)
			RebuildTransferFunctionScriptingTraits (0ms)
			SetupTypeCache (1143ms)
			ReleaseScriptCaches (1ms)
			RebuildScriptCaches (236ms)
			SetupLoadedEditorAssemblies (1497ms)
				LogAssemblyErrors (0ms)
				InitializePlatformSupportModulesInManaged (31ms)
				SetLoadedEditorAssemblies (1ms)
				RefreshPlugins (1ms)
				BeforeProcessingInitializeOnLoad (364ms)
				ProcessInitializeOnLoadAttributes (1045ms)
				ProcessInitializeOnLoadMethodAttributes (19ms)
				AfterProcessingInitializeOnLoad (32ms)
				EditorAssembliesLoaded (2ms)
			ExecutionOrderSort2 (0ms)
			AwakeInstancesAfterBackupRestoration (32ms)
Platform modules already initialized, skipping
========================================================================
Worker process is ready to serve import requests
Launched and connected shader compiler UnityShaderCompiler.exe after 0.21 seconds
Refreshing native plugins compatible for Editor in 1.31 ms, found 2 plugins.
Preloading 0 native plugins for Editor in 0.00 ms.
Unloading 2318 Unused Serialized files (Serialized files now loaded: 0)
System memory in use before: 173.3 MB.
System memory in use after: 173.6 MB.

Unloading 23 unused Assets to reduce memory usage. Loaded Objects now: 2768.
Total: 11.224100 ms (FindLiveObjects: 0.581200 ms CreateObjectMapping: 0.260000 ms MarkObjects: 10.218100 ms  DeleteObjects: 0.160200 ms)

AssetImportParameters requested are different than current active one (requested -> active):
  custom:framework-win-MediaFoundation: 216162199b28c13a410421893ffa2e32 -> 
  custom:video-decoder-ogg-theora: a1e56fd34408186e4bbccfd4996cb3dc -> 
  custom:container-muxer-webm: aa71ff27fc2769a1b78a27578f13a17b -> 
  custom:container-demuxer-webm: 4f35f7cbe854078d1ac9338744f61a02 -> 
  custom:container-demuxer-ogg: 62fdf1f143b41e24485cea50d1cbac27 -> 
  custom:video-encoder-webm-vp8: eb34c28f22e8b96e1ab97ce403110664 -> 
  custom:video-decoder-webm-vp8: 9c59270c3fd7afecdb556c50c9e8de78 -> 
  custom:audio-decoder-ogg-vorbis: bf7c407c2cedff20999df2af8eb42d56 -> 
  custom:audio-encoder-webm-vorbis: bf7c407c2cedff20999df2af8eb42d56 -> 
========================================================================
Received Import Request.
  path: Assets/Materials/New Material 1.mat
  artifactKey: Guid(606595de4bf8b334f9a3a4580e664263) Importer(815301076,1909f56bfc062723c751e8b465ee728b)
Start importing Assets/Materials/New Material 1.mat using Guid(606595de4bf8b334f9a3a4580e664263) Importer(815301076,1909f56bfc062723c751e8b465ee728b)  -> (artifact id: '310e5e06457e6ba0bf3c21d8bd0a448e') in 0.595059 seconds 
  Import took 0.634779 seconds .

========================================================================
Received Import Request.
  Time since last request: 5.548767 seconds.
  path: Assets/Materials/CarsWindow.mat
  artifactKey: Guid(606595de4bf8b334f9a3a4580e664263) Importer(815301076,1909f56bfc062723c751e8b465ee728b)
Start importing Assets/Materials/CarsWindow.mat using Guid(606595de4bf8b334f9a3a4580e664263) Importer(815301076,1909f56bfc062723c751e8b465ee728b)  -> (artifact id: '31ae967812ce934b10d596b57ffffa68') in 0.012839 seconds 
  Import took 0.034639 seconds .

========================================================================
Received Import Request.
  Time since last request: 557.117961 seconds.
  path: Assets/Materials/CarsWindow.mat
  artifactKey: Guid(606595de4bf8b334f9a3a4580e664263) Importer(815301076,1909f56bfc062723c751e8b465ee728b)
Start importing Assets/Materials/CarsWindow.mat using Guid(606595de4bf8b334f9a3a4580e664263) Importer(815301076,1909f56bfc062723c751e8b465ee728b)  -> (artifact id: 'e8a52a17aff9044fdba2f8bf4d4467cd') in 0.103250 seconds 
  Import took 0.159574 seconds .

========================================================================
Received Import Request.
  Time since last request: 906.845944 seconds.
  path: Assets/Materials/CarsWindow.mat
  artifactKey: Guid(606595de4bf8b334f9a3a4580e664263) Importer(815301076,1909f56bfc062723c751e8b465ee728b)
Start importing Assets/Materials/CarsWindow.mat using Guid(606595de4bf8b334f9a3a4580e664263) Importer(815301076,1909f56bfc062723c751e8b465ee728b)  -> (artifact id: '0bccd1f5648fd4e6ceac415dfbe32982') in 0.046770 seconds 
  Import took 0.087048 seconds .

========================================================================
Received Prepare
Registering precompiled user dll's ...
Registered in 0.005363 seconds.
Begin MonoManager ReloadAssembly
Native extension for WindowsStandalone target not found
Native extension for WebGL target not found
Refreshing native plugins compatible for Editor in 1.37 ms, found 2 plugins.
Preloading 0 native plugins for Editor in 0.00 ms.
Mono: successfully reloaded assembly
- Completed reload, in  1.512 seconds
Domain Reload Profiling:
	ReloadAssembly (1513ms)
		BeginReloadAssembly (184ms)
			ExecutionOrderSort (0ms)
			DisableScriptedObjects (14ms)
			BackupInstance (0ms)
			ReleaseScriptingObjects (0ms)
			CreateAndSetChildDomain (67ms)
		EndReloadAssembly (1243ms)
			LoadAssemblies (125ms)
			RebuildTransferFunctionScriptingTraits (0ms)
			SetupTypeCache (457ms)
			ReleaseScriptCaches (1ms)
			RebuildScriptCaches (60ms)
			SetupLoadedEditorAssemblies (463ms)
				LogAssemblyErrors (0ms)
				InitializePlatformSupportModulesInManaged (8ms)
				SetLoadedEditorAssemblies (1ms)
				RefreshPlugins (2ms)
				BeforeProcessingInitializeOnLoad (111ms)
				ProcessInitializeOnLoadAttributes (326ms)
				ProcessInitializeOnLoadMethodAttributes (6ms)
				AfterProcessingInitializeOnLoad (9ms)
				EditorAssembliesLoaded (0ms)
			ExecutionOrderSort2 (0ms)
			AwakeInstancesAfterBackupRestoration (12ms)
Platform modules already initialized, skipping
Refreshing native plugins compatible for Editor in 0.62 ms, found 2 plugins.
Preloading 0 native plugins for Editor in 0.00 ms.
Unloading 2267 Unused Serialized files (Serialized files now loaded: 0)
System memory in use before: 172.0 MB.
System memory in use after: 172.3 MB.

Unloading 19 unused Assets to reduce memory usage. Loaded Objects now: 2810.
Total: 3.933000 ms (FindLiveObjects: 0.289900 ms CreateObjectMapping: 0.096800 ms MarkObjects: 3.518100 ms  DeleteObjects: 0.026500 ms)

AssetImportParameters requested are different than current active one (requested -> active):
  custom:framework-win-MediaFoundation: 216162199b28c13a410421893ffa2e32 -> 
  custom:video-decoder-ogg-theora: a1e56fd34408186e4bbccfd4996cb3dc -> 
  custom:container-muxer-webm: aa71ff27fc2769a1b78a27578f13a17b -> 
  custom:container-demuxer-webm: 4f35f7cbe854078d1ac9338744f61a02 -> 
  custom:container-demuxer-ogg: 62fdf1f143b41e24485cea50d1cbac27 -> 
  custom:video-encoder-webm-vp8: eb34c28f22e8b96e1ab97ce403110664 -> 
  custom:video-decoder-webm-vp8: 9c59270c3fd7afecdb556c50c9e8de78 -> 
  custom:audio-decoder-ogg-vorbis: bf7c407c2cedff20999df2af8eb42d56 -> 
  custom:audio-encoder-webm-vorbis: bf7c407c2cedff20999df2af8eb42d56 -> 
========================================================================
Received Import Request.
  Time since last request: 854.559052 seconds.
  path: Assets/Prefubs/el_camino (1).prefab
  artifactKey: Guid(dada1f078fa114f48a158347ee46086e) Importer(815301076,1909f56bfc062723c751e8b465ee728b)
Start importing Assets/Prefubs/el_camino (1).prefab using Guid(dada1f078fa114f48a158347ee46086e) Importer(815301076,1909f56bfc062723c751e8b465ee728b)  -> (artifact id: 'dde6fe84b515605c374c430ef3ed15ad') in 0.456936 seconds 
  Import took 0.510788 seconds .

========================================================================
Received Import Request.
  Time since last request: 381.523849 seconds.
  path: Assets/Scripts/CarLights.cs
  artifactKey: Guid(d5973d822f04041439681a58a839703a) Importer(815301076,1909f56bfc062723c751e8b465ee728b)
Start importing Assets/Scripts/CarLights.cs using Guid(d5973d822f04041439681a58a839703a) Importer(815301076,1909f56bfc062723c751e8b465ee728b)  -> (artifact id: '7d9d1cb3030f1baa7f27f6ccb51874fc') in 0.018894 seconds 
  Import took 0.045399 seconds .

========================================================================
Received Prepare
Registering precompiled user dll's ...
Registered in 0.145008 seconds.
Begin MonoManager ReloadAssembly
Native extension for WindowsStandalone target not found
Native extension for WebGL target not found
Refreshing native plugins compatible for Editor in 0.72 ms, found 2 plugins.
Preloading 0 native plugins for Editor in 0.00 ms.
Mono: successfully reloaded assembly
- Completed reload, in  1.441 seconds
Domain Reload Profiling:
	ReloadAssembly (1442ms)
		BeginReloadAssembly (158ms)
			ExecutionOrderSort (0ms)
			DisableScriptedObjects (6ms)
			BackupInstance (0ms)
			ReleaseScriptingObjects (0ms)
			CreateAndSetChildDomain (51ms)
		EndReloadAssembly (1189ms)
			LoadAssemblies (135ms)
			RebuildTransferFunctionScriptingTraits (0ms)
			SetupTypeCache (445ms)
			ReleaseScriptCaches (1ms)
			RebuildScriptCaches (61ms)
			SetupLoadedEditorAssemblies (423ms)
				LogAssemblyErrors (0ms)
				InitializePlatformSupportModulesInManaged (8ms)
				SetLoadedEditorAssemblies (1ms)
				RefreshPlugins (1ms)
				BeforeProcessingInitializeOnLoad (99ms)
				ProcessInitializeOnLoadAttributes (299ms)
				ProcessInitializeOnLoadMethodAttributes (5ms)
				AfterProcessingInitializeOnLoad (9ms)
				EditorAssembliesLoaded (0ms)
			ExecutionOrderSort2 (0ms)
			AwakeInstancesAfterBackupRestoration (10ms)
Platform modules already initialized, skipping
Refreshing native plugins compatible for Editor in 0.61 ms, found 2 plugins.
Preloading 0 native plugins for Editor in 0.00 ms.
Unloading 2267 Unused Serialized files (Serialized files now loaded: 0)
System memory in use before: 172.1 MB.
System memory in use after: 172.3 MB.

Unloading 19 unused Assets to reduce memory usage. Loaded Objects now: 2814.
Total: 8.930000 ms (FindLiveObjects: 0.423300 ms CreateObjectMapping: 0.120500 ms MarkObjects: 8.358200 ms  DeleteObjects: 0.026200 ms)

AssetImportParameters requested are different than current active one (requested -> active):
  custom:framework-win-MediaFoundation: 216162199b28c13a410421893ffa2e32 -> 
  custom:video-decoder-ogg-theora: a1e56fd34408186e4bbccfd4996cb3dc -> 
  custom:container-muxer-webm: aa71ff27fc2769a1b78a27578f13a17b -> 
  custom:container-demuxer-webm: 4f35f7cbe854078d1ac9338744f61a02 -> 
  custom:container-demuxer-ogg: 62fdf1f143b41e24485cea50d1cbac27 -> 
  custom:video-encoder-webm-vp8: eb34c28f22e8b96e1ab97ce403110664 -> 
  custom:video-decoder-webm-vp8: 9c59270c3fd7afecdb556c50c9e8de78 -> 
  custom:audio-decoder-ogg-vorbis: bf7c407c2cedff20999df2af8eb42d56 -> 
  custom:audio-encoder-webm-vorbis: bf7c407c2cedff20999df2af8eb42d56 -> 
========================================================================
Received Import Request.
  Time since last request: 602.405731 seconds.
  path: Assets/Scripts/CarLights.cs
  artifactKey: Guid(d5973d822f04041439681a58a839703a) Importer(815301076,1909f56bfc062723c751e8b465ee728b)
Start importing Assets/Scripts/CarLights.cs using Guid(d5973d822f04041439681a58a839703a) Importer(815301076,1909f56bfc062723c751e8b465ee728b)  -> (artifact id: '12a06e149b75f6c3fe9401e8ef14a57c') in 0.007491 seconds 
  Import took 0.045796 seconds .

========================================================================
Received Import Request.
  Time since last request: 0.000270 seconds.
  path: Assets/Prefubs/el_camino (1).prefab
  artifactKey: Guid(dada1f078fa114f48a158347ee46086e) Importer(815301076,1909f56bfc062723c751e8b465ee728b)
Start importing Assets/Prefubs/el_camino (1).prefab using Guid(dada1f078fa114f48a158347ee46086e) Importer(815301076,1909f56bfc062723c751e8b465ee728b)  -> (artifact id: '2f89816d636c7231479bd855bb8a25ef') in 0.213271 seconds 
  Import took 0.531568 seconds .

========================================================================
Received Import Request.
  Time since last request: 19.846273 seconds.
  path: Assets/Materials/BackLights.mat
  artifactKey: Guid(4d1defd24e2624d4d92e18ff526ef867) Importer(815301076,1909f56bfc062723c751e8b465ee728b)
Start importing Assets/Materials/BackLights.mat using Guid(4d1defd24e2624d4d92e18ff526ef867) Importer(815301076,1909f56bfc062723c751e8b465ee728b)  -> (artifact id: '8916176359a4b79bf94d33bcec3747e6') in 0.070037 seconds 
  Import took 0.104380 seconds .

========================================================================
Received Import Request.
  Time since last request: 267.429586 seconds.
  path: Assets/Materials/BackLights.mat
  artifactKey: Guid(4d1defd24e2624d4d92e18ff526ef867) Importer(815301076,1909f56bfc062723c751e8b465ee728b)
Start importing Assets/Materials/BackLights.mat using Guid(4d1defd24e2624d4d92e18ff526ef867) Importer(815301076,1909f56bfc062723c751e8b465ee728b)  -> (artifact id: '8ddc843545cc30f57f23c32ca6d17710') in 0.014051 seconds 
  Import took 0.035318 seconds .

========================================================================
Received Import Request.
  Time since last request: 227.744782 seconds.
  path: Assets/Materials/BackLights.mat
  artifactKey: Guid(4d1defd24e2624d4d92e18ff526ef867) Importer(815301076,1909f56bfc062723c751e8b465ee728b)
Start importing Assets/Materials/BackLights.mat using Guid(4d1defd24e2624d4d92e18ff526ef867) Importer(815301076,1909f56bfc062723c751e8b465ee728b)  -> (artifact id: '978c5d3cdcd153f2f73341e198944675') in 0.020281 seconds 
  Import took 0.027244 seconds .

========================================================================
Received Import Request.
  Time since last request: 22.999584 seconds.
  path: Assets/Materials/Car_Back_Lights_mat.mat
  artifactKey: Guid(4d1defd24e2624d4d92e18ff526ef867) Importer(815301076,1909f56bfc062723c751e8b465ee728b)
Start importing Assets/Materials/Car_Back_Lights_mat.mat using Guid(4d1defd24e2624d4d92e18ff526ef867) Importer(815301076,1909f56bfc062723c751e8b465ee728b)  -> (artifact id: '30d00229c22cd51d47d52c48265aac89') in 0.018343 seconds 
  Import took 0.032057 seconds .

========================================================================
Received Import Request.
  Time since last request: 28.384852 seconds.
  path: Assets/Materials/Car_Front_Lights_mat.mat
  artifactKey: Guid(a7fbcefd5db5ce741910c693d2bf1021) Importer(815301076,1909f56bfc062723c751e8b465ee728b)
Start importing Assets/Materials/Car_Front_Lights_mat.mat using Guid(a7fbcefd5db5ce741910c693d2bf1021) Importer(815301076,1909f56bfc062723c751e8b465ee728b)  -> (artifact id: '2a63216f6fb9b320ca348427679428cf') in 0.014564 seconds 
  Import took 0.020037 seconds .

========================================================================
Received Import Request.
  Time since last request: 44.917688 seconds.
  path: Assets/Materials/Car_Front_Lights_mat.mat
  artifactKey: Guid(a7fbcefd5db5ce741910c693d2bf1021) Importer(815301076,1909f56bfc062723c751e8b465ee728b)
Start importing Assets/Materials/Car_Front_Lights_mat.mat using Guid(a7fbcefd5db5ce741910c693d2bf1021) Importer(815301076,1909f56bfc062723c751e8b465ee728b)  -> (artifact id: '225ebc533a8f1d0076c06d2fac06bc5a') in 0.013034 seconds 
  Import took 0.037273 seconds .

========================================================================
Received Import Request.
  Time since last request: 1974.993931 seconds.
  path: Assets/Textures/back_tex.png
  artifactKey: Guid(268f878d266c7974aa98642030487831) Importer(815301076,1909f56bfc062723c751e8b465ee728b)
Start importing Assets/Textures/back_tex.png using Guid(268f878d266c7974aa98642030487831) Importer(815301076,1909f56bfc062723c751e8b465ee728b)  -> (artifact id: '83e1facb4b18d63f3e2c4c6e924cb1b8') in 0.414071 seconds 
  Import took 0.439989 seconds .

========================================================================
Received Import Request.
  Time since last request: 0.000279 seconds.
  path: Assets/Textures/front_Part_tex.png
  artifactKey: Guid(b9ffadcda3dc52648a78b614b126244c) Importer(815301076,1909f56bfc062723c751e8b465ee728b)
Start importing Assets/Textures/front_Part_tex.png using Guid(b9ffadcda3dc52648a78b614b126244c) Importer(815301076,1909f56bfc062723c751e8b465ee728b)  -> (artifact id: '6a4317c8a04cc56693ac64e4e1b1a43a') in 0.038129 seconds 
  Import took 0.053250 seconds .

========================================================================
Received Import Request.
  Time since last request: 0.001927 seconds.
  path: Assets/Textures/Sign_tex.png
  artifactKey: Guid(b158334e96e9ff44db0d1fd644ba384d) Importer(815301076,1909f56bfc062723c751e8b465ee728b)
Start importing Assets/Textures/Sign_tex.png using Guid(b158334e96e9ff44db0d1fd644ba384d) Importer(815301076,1909f56bfc062723c751e8b465ee728b)  -> (artifact id: 'fd0e0ad0cd79836dde853462a54763c5') in 0.100896 seconds 
  Import took 0.149162 seconds .

========================================================================
Received Import Request.
  Time since last request: 0.000286 seconds.
  path: Assets/Textures/storm_tex.png
  artifactKey: Guid(285c75298210f564ba7f946d87d29a5f) Importer(815301076,1909f56bfc062723c751e8b465ee728b)
Start importing Assets/Textures/storm_tex.png using Guid(285c75298210f564ba7f946d87d29a5f) Importer(815301076,1909f56bfc062723c751e8b465ee728b)  -> (artifact id: '1e48f1b905c3c276b7411f751dc1163a') in 0.026408 seconds 
  Import took 0.030445 seconds .

========================================================================
Received Import Request.
  Time since last request: 0.000260 seconds.
  path: Assets/Textures/Roof_Up.png
  artifactKey: Guid(6b18e554278ec52448489fa3514fdeff) Importer(815301076,1909f56bfc062723c751e8b465ee728b)
Start importing Assets/Textures/Roof_Up.png using Guid(6b18e554278ec52448489fa3514fdeff) Importer(815301076,1909f56bfc062723c751e8b465ee728b)  -> (artifact id: '2485b9c4dc1c5dd31eb9fab400bf74fc') in 0.099120 seconds 
  Import took 0.114045 seconds .

========================================================================
Received Import Request.
  Time since last request: 0.000277 seconds.
  path: Assets/Textures/Fill_station_house.png
  artifactKey: Guid(b9dbd40190eebae4b8f17cb097577e91) Importer(815301076,1909f56bfc062723c751e8b465ee728b)
Start importing Assets/Textures/Fill_station_house.png using Guid(b9dbd40190eebae4b8f17cb097577e91) Importer(815301076,1909f56bfc062723c751e8b465ee728b)  -> (artifact id: '0c95219ded7caea922de5d3da627b614') in 0.178402 seconds 
  Import took 0.183139 seconds .

========================================================================
Received Import Request.
  Time since last request: 0.000264 seconds.
  path: Assets/Textures/Wheels_tex.png
  artifactKey: Guid(56d484395558dc74cbb3919607b33114) Importer(815301076,1909f56bfc062723c751e8b465ee728b)
Start importing Assets/Textures/Wheels_tex.png using Guid(56d484395558dc74cbb3919607b33114) Importer(815301076,1909f56bfc062723c751e8b465ee728b)  -> (artifact id: '436f38851f4bf09d344df9393ad69624') in 0.011923 seconds 
  Import took 0.022257 seconds .

========================================================================
Received Import Request.
  Time since last request: 0.000260 seconds.
  path: Assets/Textures/Cab_tex.png
  artifactKey: Guid(56dd7283e0a5b974b835e4003be32f8c) Importer(815301076,1909f56bfc062723c751e8b465ee728b)
Start importing Assets/Textures/Cab_tex.png using Guid(56dd7283e0a5b974b835e4003be32f8c) Importer(815301076,1909f56bfc062723c751e8b465ee728b)  -> (artifact id: '3a80f8d818bd7162c717d436002de93c') in 0.018853 seconds 
  Import took 0.024860 seconds .

========================================================================
Received Import Request.
  Time since last request: 0.000314 seconds.
  path: Assets/Textures/FRONT_AXLE.png
  artifactKey: Guid(273baea09ac85904da78ab1d96ecd558) Importer(815301076,1909f56bfc062723c751e8b465ee728b)
Start importing Assets/Textures/FRONT_AXLE.png using Guid(273baea09ac85904da78ab1d96ecd558) Importer(815301076,1909f56bfc062723c751e8b465ee728b)  -> (artifact id: '934b0a95bd9235bfb7922de161f0c441') in 0.156272 seconds 
  Import took 0.199128 seconds .

========================================================================
Received Import Request.
  Time since last request: 0.000306 seconds.
  path: Assets/Textures/OIl_Filler_tex.png
  artifactKey: Guid(5dbd65dbb96753843b034dfb8d14a442) Importer(815301076,1909f56bfc062723c751e8b465ee728b)
Start importing Assets/Textures/OIl_Filler_tex.png using Guid(5dbd65dbb96753843b034dfb8d14a442) Importer(815301076,1909f56bfc062723c751e8b465ee728b)  -> (artifact id: '62fa526860491265d3e5049789351414') in 0.096401 seconds 
  Import took 0.113732 seconds .

========================================================================
Received Import Request.
  Time since last request: 0.000295 seconds.
  path: Assets/Textures/Oil_Pumps_Platform_tex.png
  artifactKey: Guid(53b942eba16cc1849a677a4c66a57a65) Importer(815301076,1909f56bfc062723c751e8b465ee728b)
Start importing Assets/Textures/Oil_Pumps_Platform_tex.png using Guid(53b942eba16cc1849a677a4c66a57a65) Importer(815301076,1909f56bfc062723c751e8b465ee728b)  -> (artifact id: '718068b66e8b13a89416d5e40271b88b') in 0.116451 seconds 
  Import took 0.131035 seconds .

========================================================================
Received Import Request.
  Time since last request: 0.000295 seconds.
  path: Assets/Textures/Stone_tex_2.png
  artifactKey: Guid(baec0f67adc1d6d4995cabeceddec3ce) Importer(815301076,1909f56bfc062723c751e8b465ee728b)
Start importing Assets/Textures/Stone_tex_2.png using Guid(baec0f67adc1d6d4995cabeceddec3ce) Importer(815301076,1909f56bfc062723c751e8b465ee728b)  -> (artifact id: 'a254616c4a6524524428abe22a853907') in 0.073472 seconds 
  Import took 0.078866 seconds .

========================================================================
Received Import Request.
  Time since last request: 0.000279 seconds.
  path: Assets/Textures/Under_Gas_Station_tex.png
  artifactKey: Guid(fe4ef4f6a66de7e4d8d37bcd30b10263) Importer(815301076,1909f56bfc062723c751e8b465ee728b)
Start importing Assets/Textures/Under_Gas_Station_tex.png using Guid(fe4ef4f6a66de7e4d8d37bcd30b10263) Importer(815301076,1909f56bfc062723c751e8b465ee728b)  -> (artifact id: 'e1d2534e85956eaa013082b0a16dd3a2') in 0.063772 seconds 
  Import took 0.107006 seconds .

========================================================================
Received Import Request.
  Time since last request: 0.000335 seconds.
  path: Assets/Textures/Roof_tex.png
  artifactKey: Guid(61ace9c1dc611a1488158fe5b2caf951) Importer(815301076,1909f56bfc062723c751e8b465ee728b)
Start importing Assets/Textures/Roof_tex.png using Guid(61ace9c1dc611a1488158fe5b2caf951) Importer(815301076,1909f56bfc062723c751e8b465ee728b)  -> (artifact id: '947c0cc9bc501a799316a1cc6c9bf85d') in 0.060029 seconds 
  Import took 0.078651 seconds .

========================================================================
Received Import Request.
  Time since last request: 0.000275 seconds.
  path: Assets/Textures/Columns_tex.png
  artifactKey: Guid(13194b32fb650ff449c216da4ac2bf62) Importer(815301076,1909f56bfc062723c751e8b465ee728b)
Start importing Assets/Textures/Columns_tex.png using Guid(13194b32fb650ff449c216da4ac2bf62) Importer(815301076,1909f56bfc062723c751e8b465ee728b)  -> (artifact id: 'a0f977f77395cebdd6670910c87aa65f') in 0.046666 seconds 
  Import took 0.051778 seconds .

========================================================================
Received Import Request.
  Time since last request: 0.000267 seconds.
  path: Assets/Textures/REAR_AXLE.png
  artifactKey: Guid(cc8a3ae64f0dcc0478b4aabe5e6839b8) Importer(815301076,1909f56bfc062723c751e8b465ee728b)
Start importing Assets/Textures/REAR_AXLE.png using Guid(cc8a3ae64f0dcc0478b4aabe5e6839b8) Importer(815301076,1909f56bfc062723c751e8b465ee728b)  -> (artifact id: 'efce0793a3f7f181d30fca377582819e') in 0.076453 seconds 
  Import took 0.107909 seconds .

========================================================================
Received Import Request.
  Time since last request: 0.000299 seconds.
  path: Assets/Textures/Pillar_for_Sign_tex.png
  artifactKey: Guid(d04322fffa0045a4f9cc6fd4b36a52ae) Importer(815301076,1909f56bfc062723c751e8b465ee728b)
Start importing Assets/Textures/Pillar_for_Sign_tex.png using Guid(d04322fffa0045a4f9cc6fd4b36a52ae) Importer(815301076,1909f56bfc062723c751e8b465ee728b)  -> (artifact id: 'cca4338fd626c3aa433df0bcf1898d74') in 0.069488 seconds 
  Import took 0.074979 seconds .

========================================================================
Received Import Request.
  Time since last request: 0.000406 seconds.
  path: Assets/Textures/Burrel_tex.png
  artifactKey: Guid(6f6147650d26cd448892ffea6cdb0182) Importer(815301076,1909f56bfc062723c751e8b465ee728b)
Start importing Assets/Textures/Burrel_tex.png using Guid(6f6147650d26cd448892ffea6cdb0182) Importer(815301076,1909f56bfc062723c751e8b465ee728b)  -> (artifact id: '9c9a2f5625d554b6e0f9c12903f149f2') in 0.065893 seconds 
  Import took 0.104019 seconds .

========================================================================
Received Import Request.
  Time since last request: 0.000279 seconds.
  path: Assets/Textures/Feed_station_house_tex.png
  artifactKey: Guid(05ceb1034f7724744b355721dd35f272) Importer(815301076,1909f56bfc062723c751e8b465ee728b)
Start importing Assets/Textures/Feed_station_house_tex.png using Guid(05ceb1034f7724744b355721dd35f272) Importer(815301076,1909f56bfc062723c751e8b465ee728b)  -> (artifact id: 'ed2d246c3cdd0cfe11088e9205263f2b') in 0.101791 seconds 
  Import took 0.107513 seconds .

========================================================================
Received Import Request.
  Time since last request: 0.000280 seconds.
  path: Assets/Textures/Stone_tex.png
  artifactKey: Guid(ab09adbc636e00749bcd301a0fcf4599) Importer(815301076,1909f56bfc062723c751e8b465ee728b)
Start importing Assets/Textures/Stone_tex.png using Guid(ab09adbc636e00749bcd301a0fcf4599) Importer(815301076,1909f56bfc062723c751e8b465ee728b)  -> (artifact id: 'cd01df8b606a2524f92169b8b780b413') in 0.077186 seconds 
  Import took 0.097748 seconds .

========================================================================
Received Import Request.
  Time since last request: 0.000334 seconds.
  path: Assets/Textures/CAR_MAIN.png
  artifactKey: Guid(54a872f14e68053449a0bf590130ffd8) Importer(815301076,1909f56bfc062723c751e8b465ee728b)
Start importing Assets/Textures/CAR_MAIN.png using Guid(54a872f14e68053449a0bf590130ffd8) Importer(815301076,1909f56bfc062723c751e8b465ee728b)  -> (artifact id: '46ddbdbbfc91c3a735501c1348ee76a8') in 0.060942 seconds 
  Import took 0.066253 seconds .

========================================================================
Received Import Request.
  Time since last request: 96.278929 seconds.
  path: Assets/Prefubs/el_camino (1).prefab
  artifactKey: Guid(dada1f078fa114f48a158347ee46086e) Importer(815301076,1909f56bfc062723c751e8b465ee728b)
Start importing Assets/Prefubs/el_camino (1).prefab using Guid(dada1f078fa114f48a158347ee46086e) Importer(815301076,1909f56bfc062723c751e8b465ee728b)  -> (artifact id: '1417b4d3f8028ec969232acd253f8c58') in 0.038215 seconds 
  Import took 0.879361 seconds .

========================================================================
Received Import Request.
  Time since last request: 0.000317 seconds.
  path: Assets/Materials/CAR_MAIN.mat
  artifactKey: Guid(7138e30c861572043b272805bf6dba5a) Importer(815301076,1909f56bfc062723c751e8b465ee728b)
Start importing Assets/Materials/CAR_MAIN.mat using Guid(7138e30c861572043b272805bf6dba5a) Importer(815301076,1909f56bfc062723c751e8b465ee728b)  -> (artifact id: '37808b5ef1dbaab1406d8f8c1f04ce23') in 0.018906 seconds 
  Import took 0.079947 seconds .

========================================================================
Received Import Request.
  Time since last request: 0.000369 seconds.
  path: Assets/Materials/storm_tex.mat
  artifactKey: Guid(28fdc0c3da2605e448dc7880a4149301) Importer(815301076,1909f56bfc062723c751e8b465ee728b)
Start importing Assets/Materials/storm_tex.mat using Guid(28fdc0c3da2605e448dc7880a4149301) Importer(815301076,1909f56bfc062723c751e8b465ee728b)  -> (artifact id: '595b298e83f41f98bca94a5cec54ef9c') in 0.013583 seconds 
  Import took 0.037379 seconds .

========================================================================
Received Import Request.
  Time since last request: 0.000290 seconds.
  path: Assets/Materials/REAR_AXLE.mat
  artifactKey: Guid(55ea9c7dce0e30c4782ac267adb6c8f9) Importer(815301076,1909f56bfc062723c751e8b465ee728b)
Start importing Assets/Materials/REAR_AXLE.mat using Guid(55ea9c7dce0e30c4782ac267adb6c8f9) Importer(815301076,1909f56bfc062723c751e8b465ee728b)  -> (artifact id: 'd70c2fa117912392e8254119418b51ed') in 0.012221 seconds 
  Import took 0.031779 seconds .

========================================================================
Received Import Request.
  Time since last request: 0.000259 seconds.
  path: Assets/Materials/Sign_tex.mat
  artifactKey: Guid(64f49525e38d6154cbec94b5559a025b) Importer(815301076,1909f56bfc062723c751e8b465ee728b)
Start importing Assets/Materials/Sign_tex.mat using Guid(64f49525e38d6154cbec94b5559a025b) Importer(815301076,1909f56bfc062723c751e8b465ee728b)  -> (artifact id: '96bb27c491ead6ee4712e208301633c2') in 0.016906 seconds 
  Import took 0.021622 seconds .

========================================================================
Received Prepare
Registering precompiled user dll's ...
Registered in 0.008054 seconds.
Begin MonoManager ReloadAssembly
Native extension for WindowsStandalone target not found
Native extension for WebGL target not found
Refreshing native plugins compatible for Editor in 0.88 ms, found 2 plugins.
Preloading 0 native plugins for Editor in 0.00 ms.
Mono: successfully reloaded assembly
- Completed reload, in  1.453 seconds
Domain Reload Profiling:
	ReloadAssembly (1454ms)
		BeginReloadAssembly (166ms)
			ExecutionOrderSort (0ms)
			DisableScriptedObjects (7ms)
			BackupInstance (0ms)
			ReleaseScriptingObjects (0ms)
			CreateAndSetChildDomain (48ms)
		EndReloadAssembly (1195ms)
			LoadAssemblies (134ms)
			RebuildTransferFunctionScriptingTraits (0ms)
			SetupTypeCache (455ms)
			ReleaseScriptCaches (2ms)
			RebuildScriptCaches (58ms)
			SetupLoadedEditorAssemblies (422ms)
				LogAssemblyErrors (0ms)
				InitializePlatformSupportModulesInManaged (9ms)
				SetLoadedEditorAssemblies (1ms)
				RefreshPlugins (1ms)
				BeforeProcessingInitializeOnLoad (105ms)
				ProcessInitializeOnLoadAttributes (290ms)
				ProcessInitializeOnLoadMethodAttributes (6ms)
				AfterProcessingInitializeOnLoad (9ms)
				EditorAssembliesLoaded (0ms)
			ExecutionOrderSort2 (0ms)
			AwakeInstancesAfterBackupRestoration (11ms)
Platform modules already initialized, skipping
Refreshing native plugins compatible for Editor in 0.67 ms, found 2 plugins.
Preloading 0 native plugins for Editor in 0.00 ms.
Unloading 2267 Unused Serialized files (Serialized files now loaded: 0)
System memory in use before: 172.2 MB.
System memory in use after: 172.4 MB.

Unloading 19 unused Assets to reduce memory usage. Loaded Objects now: 2819.
Total: 3.712600 ms (FindLiveObjects: 0.384400 ms CreateObjectMapping: 0.086100 ms MarkObjects: 3.214700 ms  DeleteObjects: 0.025800 ms)

AssetImportParameters requested are different than current active one (requested -> active):
  custom:framework-win-MediaFoundation: 216162199b28c13a410421893ffa2e32 -> 
  custom:video-decoder-ogg-theora: a1e56fd34408186e4bbccfd4996cb3dc -> 
  custom:container-muxer-webm: aa71ff27fc2769a1b78a27578f13a17b -> 
  custom:container-demuxer-webm: 4f35f7cbe854078d1ac9338744f61a02 -> 
  custom:container-demuxer-ogg: 62fdf1f143b41e24485cea50d1cbac27 -> 
  custom:video-encoder-webm-vp8: eb34c28f22e8b96e1ab97ce403110664 -> 
  custom:video-decoder-webm-vp8: 9c59270c3fd7afecdb556c50c9e8de78 -> 
  custom:audio-decoder-ogg-vorbis: bf7c407c2cedff20999df2af8eb42d56 -> 
  custom:audio-encoder-webm-vorbis: bf7c407c2cedff20999df2af8eb42d56 -> 
========================================================================
Received Import Request.
  Time since last request: 41209.913924 seconds.
  path: Assets/Scripts/CameraFolow.cs
  artifactKey: Guid(79bcc089606ef674191779f443dadcf5) Importer(815301076,1909f56bfc062723c751e8b465ee728b)
Start importing Assets/Scripts/CameraFolow.cs using Guid(79bcc089606ef674191779f443dadcf5) Importer(815301076,1909f56bfc062723c751e8b465ee728b)  -> (artifact id: '5a971722dbe20acacd925a401470c5a5') in 0.012044 seconds 
  Import took 0.063581 seconds .

========================================================================
Received Prepare
Registering precompiled user dll's ...
Registered in 0.100318 seconds.
Begin MonoManager ReloadAssembly
Native extension for WindowsStandalone target not found
Native extension for WebGL target not found
Refreshing native plugins compatible for Editor in 0.82 ms, found 2 plugins.
Preloading 0 native plugins for Editor in 0.00 ms.
Mono: successfully reloaded assembly
- Completed reload, in  1.996 seconds
Domain Reload Profiling:
	ReloadAssembly (1997ms)
		BeginReloadAssembly (365ms)
			ExecutionOrderSort (0ms)
			DisableScriptedObjects (29ms)
			BackupInstance (0ms)
			ReleaseScriptingObjects (0ms)
			CreateAndSetChildDomain (120ms)
		EndReloadAssembly (1442ms)
			LoadAssemblies (295ms)
			RebuildTransferFunctionScriptingTraits (0ms)
			SetupTypeCache (509ms)
			ReleaseScriptCaches (1ms)
			RebuildScriptCaches (59ms)
			SetupLoadedEditorAssemblies (497ms)
				LogAssemblyErrors (0ms)
				InitializePlatformSupportModulesInManaged (9ms)
				SetLoadedEditorAssemblies (1ms)
				RefreshPlugins (1ms)
				BeforeProcessingInitializeOnLoad (122ms)
				ProcessInitializeOnLoadAttributes (348ms)
				ProcessInitializeOnLoadMethodAttributes (7ms)
				AfterProcessingInitializeOnLoad (9ms)
				EditorAssembliesLoaded (0ms)
			ExecutionOrderSort2 (0ms)
			AwakeInstancesAfterBackupRestoration (11ms)
Platform modules already initialized, skipping
Refreshing native plugins compatible for Editor in 1.50 ms, found 2 plugins.
Preloading 0 native plugins for Editor in 0.00 ms.
Unloading 2267 Unused Serialized files (Serialized files now loaded: 0)
System memory in use before: 172.2 MB.
System memory in use after: 172.5 MB.

Unloading 19 unused Assets to reduce memory usage. Loaded Objects now: 2821.
Total: 7.683700 ms (FindLiveObjects: 0.480900 ms CreateObjectMapping: 0.163900 ms MarkObjects: 6.967000 ms  DeleteObjects: 0.067500 ms)

AssetImportParameters requested are different than current active one (requested -> active):
  custom:framework-win-MediaFoundation: 216162199b28c13a410421893ffa2e32 -> 
  custom:video-decoder-ogg-theora: a1e56fd34408186e4bbccfd4996cb3dc -> 
  custom:container-muxer-webm: aa71ff27fc2769a1b78a27578f13a17b -> 
  custom:container-demuxer-webm: 4f35f7cbe854078d1ac9338744f61a02 -> 
  custom:container-demuxer-ogg: 62fdf1f143b41e24485cea50d1cbac27 -> 
  custom:video-encoder-webm-vp8: eb34c28f22e8b96e1ab97ce403110664 -> 
  custom:video-decoder-webm-vp8: 9c59270c3fd7afecdb556c50c9e8de78 -> 
  custom:audio-decoder-ogg-vorbis: bf7c407c2cedff20999df2af8eb42d56 -> 
  custom:audio-encoder-webm-vorbis: bf7c407c2cedff20999df2af8eb42d56 -> 
========================================================================
Received Import Request.
  Time since last request: 105.584305 seconds.
  path: Assets/Scripts/CameraFolow.cs
  artifactKey: Guid(79bcc089606ef674191779f443dadcf5) Importer(815301076,1909f56bfc062723c751e8b465ee728b)
Start importing Assets/Scripts/CameraFolow.cs using Guid(79bcc089606ef674191779f443dadcf5) Importer(815301076,1909f56bfc062723c751e8b465ee728b)  -> (artifact id: 'e397900dd0325e1b26b7cd0770876561') in 0.007140 seconds 
  Import took 0.056363 seconds .

========================================================================
Received Prepare
Registering precompiled user dll's ...
Registered in 0.042410 seconds.
Begin MonoManager ReloadAssembly
Native extension for WindowsStandalone target not found
Native extension for WebGL target not found
Refreshing native plugins compatible for Editor in 0.71 ms, found 2 plugins.
Preloading 0 native plugins for Editor in 0.00 ms.
Mono: successfully reloaded assembly
- Completed reload, in  1.862 seconds
Domain Reload Profiling:
	ReloadAssembly (1863ms)
		BeginReloadAssembly (239ms)
			ExecutionOrderSort (0ms)
			DisableScriptedObjects (8ms)
			BackupInstance (0ms)
			ReleaseScriptingObjects (1ms)
			CreateAndSetChildDomain (96ms)
		EndReloadAssembly (1515ms)
			LoadAssemblies (187ms)
			RebuildTransferFunctionScriptingTraits (0ms)
			SetupTypeCache (530ms)
			ReleaseScriptCaches (1ms)
			RebuildScriptCaches (64ms)
			SetupLoadedEditorAssemblies (596ms)
				LogAssemblyErrors (0ms)
				InitializePlatformSupportModulesInManaged (10ms)
				SetLoadedEditorAssemblies (1ms)
				RefreshPlugins (70ms)
				BeforeProcessingInitializeOnLoad (124ms)
				ProcessInitializeOnLoadAttributes (373ms)
				ProcessInitializeOnLoadMethodAttributes (7ms)
				AfterProcessingInitializeOnLoad (10ms)
				EditorAssembliesLoaded (0ms)
			ExecutionOrderSort2 (0ms)
			AwakeInstancesAfterBackupRestoration (13ms)
Platform modules already initialized, skipping
Refreshing native plugins compatible for Editor in 1.05 ms, found 2 plugins.
Preloading 0 native plugins for Editor in 0.00 ms.
Unloading 2267 Unused Serialized files (Serialized files now loaded: 0)
System memory in use before: 172.2 MB.
System memory in use after: 172.5 MB.

Unloading 19 unused Assets to reduce memory usage. Loaded Objects now: 2823.
Total: 4.376200 ms (FindLiveObjects: 0.328800 ms CreateObjectMapping: 0.079500 ms MarkObjects: 3.905900 ms  DeleteObjects: 0.058100 ms)

AssetImportParameters requested are different than current active one (requested -> active):
  custom:framework-win-MediaFoundation: 216162199b28c13a410421893ffa2e32 -> 
  custom:video-decoder-ogg-theora: a1e56fd34408186e4bbccfd4996cb3dc -> 
  custom:container-muxer-webm: aa71ff27fc2769a1b78a27578f13a17b -> 
  custom:container-demuxer-webm: 4f35f7cbe854078d1ac9338744f61a02 -> 
  custom:container-demuxer-ogg: 62fdf1f143b41e24485cea50d1cbac27 -> 
  custom:video-encoder-webm-vp8: eb34c28f22e8b96e1ab97ce403110664 -> 
  custom:video-decoder-webm-vp8: 9c59270c3fd7afecdb556c50c9e8de78 -> 
  custom:audio-decoder-ogg-vorbis: bf7c407c2cedff20999df2af8eb42d56 -> 
  custom:audio-encoder-webm-vorbis: bf7c407c2cedff20999df2af8eb42d56 -> 
AssetImportWorkerClient::OnTransportError - code=2 error=End of file
