Using pre-set license
Built from '2020.3/staging' branch; Version is '2020.3.19f1 (68f137dc9bbe) revision 6877495'; Using compiler version '192528614'; Build Type 'Release'
OS: 'Windows 10 Pro; OS build 19042.1288; Version 2009; 64bit' Language: 'ru' Physical Memory: 8002 MB
BatchMode: 1, IsHumanControllingUs: 0, StartBugReporterOnCrash: 0, Is64bit: 1, IsPro: 0

COMMAND LINE ARGUMENTS:
C:\Program Files\Unity\Hub\Editor\2020.3.19f1\Editor\Unity.exe
-adb2
-batchMode
-noUpm
-name
AssetImportWorker1
-projectPath
D:/GameDev/Portfolio/Project/Summary
-logFile
Logs/AssetImportWorker1.log
-srvPort
58959
Successfully changed project path to: D:/GameDev/Portfolio/Project/Summary
D:/GameDev/Portfolio/Project/Summary
Using Asset Import Pipeline V2.
Refreshing native plugins compatible for Editor in 74.38 ms, found 2 plugins.
Preloading 0 native plugins for Editor in 0.00 ms.
Initialize engine version: 2020.3.19f1 (68f137dc9bbe)
[Subsystems] Discovering subsystems at path C:/Program Files/Unity/Hub/Editor/2020.3.19f1/Editor/Data/Resources/UnitySubsystems
[Subsystems] Discovering subsystems at path D:/GameDev/Portfolio/Project/Summary/Assets
GfxDevice: creating device client; threaded=0
Direct3D:
    Version:  Direct3D 11.0 [level 11.1]
    Renderer: Radeon RX 560X (ID=0x67ef)
    Vendor:   
    VRAM:     4076 MB
    Driver:   26.20.12036.4002
Initialize mono
Mono path[0] = 'C:/Program Files/Unity/Hub/Editor/2020.3.19f1/Editor/Data/Managed'
Mono path[1] = 'C:/Program Files/Unity/Hub/Editor/2020.3.19f1/Editor/Data/MonoBleedingEdge/lib/mono/unityjit'
Mono config path = 'C:/Program Files/Unity/Hub/Editor/2020.3.19f1/Editor/Data/MonoBleedingEdge/etc'
Using monoOptions --debugger-agent=transport=dt_socket,embedding=1,server=y,suspend=n,address=127.0.0.1:56600
Begin MonoManager ReloadAssembly
Registering precompiled unity dll's ...
Register platform support module: C:/Program Files/Unity/Hub/Editor/2020.3.19f1/Editor/Data/PlaybackEngines/WebGLSupport/UnityEditor.WebGL.Extensions.dll
Register platform support module: C:/Program Files/Unity/Hub/Editor/2020.3.19f1/Editor/Data/PlaybackEngines/WindowsStandaloneSupport/UnityEditor.WindowsStandalone.Extensions.dll
Registered in 0.003271 seconds.
Native extension for WindowsStandalone target not found
Native extension for WebGL target not found
Refreshing native plugins compatible for Editor in 73.67 ms, found 2 plugins.
Preloading 0 native plugins for Editor in 0.00 ms.
Mono: successfully reloaded assembly
- Completed reload, in  3.414 seconds
Domain Reload Profiling:
	ReloadAssembly (3414ms)
		BeginReloadAssembly (109ms)
			ExecutionOrderSort (0ms)
			DisableScriptedObjects (0ms)
			BackupInstance (0ms)
			ReleaseScriptingObjects (0ms)
			CreateAndSetChildDomain (2ms)
		EndReloadAssembly (626ms)
			LoadAssemblies (103ms)
			RebuildTransferFunctionScriptingTraits (0ms)
			SetupTypeCache (216ms)
			ReleaseScriptCaches (0ms)
			RebuildScriptCaches (40ms)
			SetupLoadedEditorAssemblies (274ms)
				LogAssemblyErrors (0ms)
				InitializePlatformSupportModulesInManaged (6ms)
				SetLoadedEditorAssemblies (0ms)
				RefreshPlugins (74ms)
				BeforeProcessingInitializeOnLoad (27ms)
				ProcessInitializeOnLoadAttributes (124ms)
				ProcessInitializeOnLoadMethodAttributes (42ms)
				AfterProcessingInitializeOnLoad (0ms)
				EditorAssembliesLoaded (0ms)
			ExecutionOrderSort2 (0ms)
			AwakeInstancesAfterBackupRestoration (0ms)
Platform modules already initialized, skipping
Registering precompiled user dll's ...
Registered in 0.005044 seconds.
Begin MonoManager ReloadAssembly
Native extension for WindowsStandalone target not found
Native extension for WebGL target not found
Refreshing native plugins compatible for Editor in 0.61 ms, found 2 plugins.
Preloading 0 native plugins for Editor in 0.00 ms.
Mono: successfully reloaded assembly
- Completed reload, in  2.640 seconds
Domain Reload Profiling:
	ReloadAssembly (2642ms)
		BeginReloadAssembly (218ms)
			ExecutionOrderSort (0ms)
			DisableScriptedObjects (7ms)
			BackupInstance (0ms)
			ReleaseScriptingObjects (0ms)
			CreateAndSetChildDomain (29ms)
		EndReloadAssembly (2299ms)
			LoadAssemblies (1100ms)
			RebuildTransferFunctionScriptingTraits (0ms)
			SetupTypeCache (485ms)
			ReleaseScriptCaches (1ms)
			RebuildScriptCaches (76ms)
			SetupLoadedEditorAssemblies (520ms)
				LogAssemblyErrors (0ms)
				InitializePlatformSupportModulesInManaged (7ms)
				SetLoadedEditorAssemblies (1ms)
				RefreshPlugins (1ms)
				BeforeProcessingInitializeOnLoad (123ms)
				ProcessInitializeOnLoadAttributes (373ms)
				ProcessInitializeOnLoadMethodAttributes (6ms)
				AfterProcessingInitializeOnLoad (9ms)
				EditorAssembliesLoaded (0ms)
			ExecutionOrderSort2 (0ms)
			AwakeInstancesAfterBackupRestoration (9ms)
Platform modules already initialized, skipping
========================================================================
Worker process is ready to serve import requests
Launched and connected shader compiler UnityShaderCompiler.exe after 0.10 seconds
Refreshing native plugins compatible for Editor in 0.97 ms, found 2 plugins.
Preloading 0 native plugins for Editor in 0.00 ms.
Unloading 2264 Unused Serialized files (Serialized files now loaded: 0)
System memory in use before: 184.3 MB.
System memory in use after: 184.5 MB.

Unloading 23 unused Assets to reduce memory usage. Loaded Objects now: 2734.
Total: 5.442100 ms (FindLiveObjects: 0.334600 ms CreateObjectMapping: 0.093100 ms MarkObjects: 4.968200 ms  DeleteObjects: 0.044000 ms)

AssetImportParameters requested are different than current active one (requested -> active):
  custom:framework-win-MediaFoundation: 216162199b28c13a410421893ffa2e32 -> 
  custom:video-decoder-ogg-theora: a1e56fd34408186e4bbccfd4996cb3dc -> 
  custom:container-muxer-webm: aa71ff27fc2769a1b78a27578f13a17b -> 
  custom:container-demuxer-webm: 4f35f7cbe854078d1ac9338744f61a02 -> 
  custom:container-demuxer-ogg: 62fdf1f143b41e24485cea50d1cbac27 -> 
  custom:video-encoder-webm-vp8: eb34c28f22e8b96e1ab97ce403110664 -> 
  custom:video-decoder-webm-vp8: 9c59270c3fd7afecdb556c50c9e8de78 -> 
  custom:audio-decoder-ogg-vorbis: bf7c407c2cedff20999df2af8eb42d56 -> 
  custom:audio-encoder-webm-vorbis: bf7c407c2cedff20999df2af8eb42d56 -> 
========================================================================
Received Import Request.
  path: Assets/Materials/DesertSB.mat
  artifactKey: Guid(05f16b436fd438b409dce22e8dfdd672) Importer(815301076,1909f56bfc062723c751e8b465ee728b)
Start importing Assets/Materials/DesertSB.mat using Guid(05f16b436fd438b409dce22e8dfdd672) Importer(815301076,1909f56bfc062723c751e8b465ee728b)  -> (artifact id: 'cfb0d4bcb07bfaa38b09408f001848e1') in 0.487704 seconds 
  Import took 0.692705 seconds .

========================================================================
Received Import Request.
  Time since last request: 0.000834 seconds.
  path: Assets/Materials/New Material 1.mat
  artifactKey: Guid(7ae9cccee24333d4fa694f7be7ebb634) Importer(815301076,1909f56bfc062723c751e8b465ee728b)
Start importing Assets/Materials/New Material 1.mat using Guid(7ae9cccee24333d4fa694f7be7ebb634) Importer(815301076,1909f56bfc062723c751e8b465ee728b)  -> (artifact id: '247e59efa37e6c3e77cfc6c79089d7c5') in 0.016160 seconds 
  Import took 0.128838 seconds .

========================================================================
Received Import Request.
  Time since last request: 86.791100 seconds.
  path: Assets/Plugins/TextMesh Pro/Examples & Extras/Textures/Small Crate_diffuse.jpg
  artifactKey: Guid(602cb87b6a29443b8636370ea0751574) Importer(815301076,1909f56bfc062723c751e8b465ee728b)
Start importing Assets/Plugins/TextMesh Pro/Examples & Extras/Textures/Small Crate_diffuse.jpg using Guid(602cb87b6a29443b8636370ea0751574) Importer(815301076,1909f56bfc062723c751e8b465ee728b)  -> (artifact id: '186e9f80c1e46a1b8b28c2a65e7df9bc') in 0.174104 seconds 
  Import took 0.265058 seconds .

========================================================================
Received Import Request.
  Time since last request: 0.000332 seconds.
  path: Assets/Plugins/TextMesh Pro/Examples & Extras/Textures/Small Crate_normal.jpg
  artifactKey: Guid(8878a782f4334ecbbcf683b3ac780966) Importer(815301076,1909f56bfc062723c751e8b465ee728b)
Start importing Assets/Plugins/TextMesh Pro/Examples & Extras/Textures/Small Crate_normal.jpg using Guid(8878a782f4334ecbbcf683b3ac780966) Importer(815301076,1909f56bfc062723c751e8b465ee728b)  -> (artifact id: 'c3c1690a95a32535e15a86db412da9b8') in 0.063092 seconds 
  Import took 0.141741 seconds .

========================================================================
Received Import Request.
  Time since last request: 0.000380 seconds.
  path: Assets/Resources/UI/TAB_button.png
  artifactKey: Guid(457e281bc5a0f954196dacaaad835e54) Importer(815301076,1909f56bfc062723c751e8b465ee728b)
Start importing Assets/Resources/UI/TAB_button.png using Guid(457e281bc5a0f954196dacaaad835e54) Importer(815301076,1909f56bfc062723c751e8b465ee728b)  -> (artifact id: 'f29493d1f3063b5aa65816cbabe00dc0') in 0.097899 seconds 
  Import took 0.201778 seconds .

========================================================================
Received Import Request.
  Time since last request: 0.000748 seconds.
  path: Assets/Plugins/TextMesh Pro/Examples & Extras/Textures/Text Overflow - Linked Text Image 1.png
  artifactKey: Guid(4ccf43d26c4748c792174516f4a8fcef) Importer(815301076,1909f56bfc062723c751e8b465ee728b)
Start importing Assets/Plugins/TextMesh Pro/Examples & Extras/Textures/Text Overflow - Linked Text Image 1.png using Guid(4ccf43d26c4748c792174516f4a8fcef) Importer(815301076,1909f56bfc062723c751e8b465ee728b)  -> (artifact id: '23f7ada76be09ec0b16d0e83b0d71fd9') in 0.026657 seconds 
  Import took 0.047827 seconds .

========================================================================
Received Import Request.
  Time since last request: 0.000465 seconds.
  path: Assets/Plugins/TextMesh Pro/Examples & Extras/Textures/Sunny Days - Seamless.jpg
  artifactKey: Guid(17c350171f7a3ca479f830547c66d187) Importer(815301076,1909f56bfc062723c751e8b465ee728b)
Start importing Assets/Plugins/TextMesh Pro/Examples & Extras/Textures/Sunny Days - Seamless.jpg using Guid(17c350171f7a3ca479f830547c66d187) Importer(815301076,1909f56bfc062723c751e8b465ee728b)  -> (artifact id: '2f3922ae98ecd893c4c8b51ebeea663e') in 0.030813 seconds 
  Import took 0.106475 seconds .

========================================================================
Received Import Request.
  Time since last request: 0.000324 seconds.
  path: Assets/Plugins/Zenject/OptionalExtras/IntegrationTests/Factories/Resources/TestBindFactory/TestTexture.png
  artifactKey: Guid(7dd391639aa29ed45a73e9a214f4872c) Importer(815301076,1909f56bfc062723c751e8b465ee728b)
Start importing Assets/Plugins/Zenject/OptionalExtras/IntegrationTests/Factories/Resources/TestBindFactory/TestTexture.png using Guid(7dd391639aa29ed45a73e9a214f4872c) Importer(815301076,1909f56bfc062723c751e8b465ee728b)  -> (artifact id: '638115ac436e96d8b69b75d3dbecfbb9') in 0.063747 seconds 
  Import took 0.212720 seconds .

========================================================================
Received Import Request.
  Time since last request: 0.000734 seconds.
  path: Assets/Resources/UI/R_button.png
  artifactKey: Guid(3edb41e7e0204904bb80eeba81d497b0) Importer(815301076,1909f56bfc062723c751e8b465ee728b)
Start importing Assets/Resources/UI/R_button.png using Guid(3edb41e7e0204904bb80eeba81d497b0) Importer(815301076,1909f56bfc062723c751e8b465ee728b)  -> (artifact id: '2a47a04aa4a0822627c4c2d55c7accbd') in 0.085992 seconds 
  Import took 0.190415 seconds .

========================================================================
Received Import Request.
  Time since last request: 0.000329 seconds.
  path: Assets/Plugins/TextMesh Pro/Examples & Extras/Textures/Mask Zig-n-Zag.psd
  artifactKey: Guid(bb8dfcd263ad4eb383a33d74a720be6f) Importer(815301076,1909f56bfc062723c751e8b465ee728b)
Start importing Assets/Plugins/TextMesh Pro/Examples & Extras/Textures/Mask Zig-n-Zag.psd using Guid(bb8dfcd263ad4eb383a33d74a720be6f) Importer(815301076,1909f56bfc062723c751e8b465ee728b)  -> (artifact id: '1c6d9d0c90b9377d995e5eced7cbc3ee') in 0.101675 seconds 
  Import took 0.132518 seconds .

========================================================================
Received Import Request.
  Time since last request: 0.000299 seconds.
  path: Assets/Plugins/Demigiant/DOTween/Editor/Imgs/Header.jpg
  artifactKey: Guid(78a59ca99f8987941adb61f9e14a06a7) Importer(815301076,1909f56bfc062723c751e8b465ee728b)
Start importing Assets/Plugins/Demigiant/DOTween/Editor/Imgs/Header.jpg using Guid(78a59ca99f8987941adb61f9e14a06a7) Importer(815301076,1909f56bfc062723c751e8b465ee728b)  -> (artifact id: '3bc1a76928dc7071f741ef8499ab8458') in 0.065989 seconds 
  Import took 0.112114 seconds .

========================================================================
Received Import Request.
  Time since last request: 0.000323 seconds.
  path: Assets/Plugins/TextMesh Pro/Examples & Extras/Textures/Gradient Vertical (Color).jpg
  artifactKey: Guid(03d0538de6e24c0f819bfc9ce084dfa9) Importer(815301076,1909f56bfc062723c751e8b465ee728b)
Start importing Assets/Plugins/TextMesh Pro/Examples & Extras/Textures/Gradient Vertical (Color).jpg using Guid(03d0538de6e24c0f819bfc9ce084dfa9) Importer(815301076,1909f56bfc062723c751e8b465ee728b)  -> (artifact id: '01a9b266025737044af6aa2aa55275b4') in 0.046181 seconds 
  Import took 0.123903 seconds .

========================================================================
Received Import Request.
  Time since last request: 0.000389 seconds.
  path: Assets/Plugins/Demigiant/DOTween/Editor/Imgs/Footer.png
  artifactKey: Guid(7051dba417b3d53409f2918f1ea4938d) Importer(815301076,1909f56bfc062723c751e8b465ee728b)
Start importing Assets/Plugins/Demigiant/DOTween/Editor/Imgs/Footer.png using Guid(7051dba417b3d53409f2918f1ea4938d) Importer(815301076,1909f56bfc062723c751e8b465ee728b)  -> (artifact id: '9263ce4e59d1d742be0ebbb0a0e4e9d4') in 0.103289 seconds 
  Import took 0.175223 seconds .

========================================================================
Received Import Request.
  Time since last request: 0.000288 seconds.
  path: Assets/Plugins/TextMesh Pro/Examples & Extras/Textures/Gradient Horizontal (Color).jpg
  artifactKey: Guid(6eb184de103d4b3f812b38561065192f) Importer(815301076,1909f56bfc062723c751e8b465ee728b)
Start importing Assets/Plugins/TextMesh Pro/Examples & Extras/Textures/Gradient Horizontal (Color).jpg using Guid(6eb184de103d4b3f812b38561065192f) Importer(815301076,1909f56bfc062723c751e8b465ee728b)  -> (artifact id: '6703d66d35d567e68334d6e6f9a07873') in 0.012727 seconds 
  Import took 0.137160 seconds .

========================================================================
Received Import Request.
  Time since last request: 0.000463 seconds.
  path: Assets/Plugins/TextMesh Pro/Examples & Extras/Textures/Gradient Diagonal (Color).jpg
  artifactKey: Guid(2ce5c55e85304b819a1826ecbc839aa5) Importer(815301076,1909f56bfc062723c751e8b465ee728b)
Start importing Assets/Plugins/TextMesh Pro/Examples & Extras/Textures/Gradient Diagonal (Color).jpg using Guid(2ce5c55e85304b819a1826ecbc839aa5) Importer(815301076,1909f56bfc062723c751e8b465ee728b)  -> (artifact id: 'dcc89148dba3a1b33ada31d46d2af396') in 0.026688 seconds 
  Import took 0.078091 seconds .

========================================================================
Received Import Request.
  Time since last request: 0.000295 seconds.
  path: Assets/Resources/UI/L_button.png
  artifactKey: Guid(11f56c60b572c9c4297fda6ae32c4d9d) Importer(815301076,1909f56bfc062723c751e8b465ee728b)
Start importing Assets/Resources/UI/L_button.png using Guid(11f56c60b572c9c4297fda6ae32c4d9d) Importer(815301076,1909f56bfc062723c751e8b465ee728b)  -> (artifact id: 'c234fd2214df2c282a34dd21e82ea9b9') in 0.047058 seconds 
  Import took 0.068015 seconds .

========================================================================
Received Import Request.
  Time since last request: 0.000452 seconds.
  path: Assets/Plugins/Demigiant/DOTween/Editor/Imgs/Footer_dark.png
  artifactKey: Guid(519694efe2bb2914788b151fbd8c01f4) Importer(815301076,1909f56bfc062723c751e8b465ee728b)
Start importing Assets/Plugins/Demigiant/DOTween/Editor/Imgs/Footer_dark.png using Guid(519694efe2bb2914788b151fbd8c01f4) Importer(815301076,1909f56bfc062723c751e8b465ee728b)  -> (artifact id: '9cf757a34c17032aee6a0b03bf812f16') in 0.021693 seconds 
  Import took 0.105602 seconds .

========================================================================
Received Import Request.
  Time since last request: 0.000316 seconds.
  path: Assets/Plugins/TextMesh Pro/Examples & Extras/Sprites/Default Sprites.png
  artifactKey: Guid(a0fc465d6cf04254a2938578735e2383) Importer(815301076,1909f56bfc062723c751e8b465ee728b)
Start importing Assets/Plugins/TextMesh Pro/Examples & Extras/Sprites/Default Sprites.png using Guid(a0fc465d6cf04254a2938578735e2383) Importer(815301076,1909f56bfc062723c751e8b465ee728b)  -> (artifact id: '379a38453ab2a340645027c99d28b63b') in 0.069271 seconds 
  Import took 0.157282 seconds .

========================================================================
Received Import Request.
  Time since last request: 0.000504 seconds.
  path: Assets/Plugins/TextMesh Pro/Examples & Extras/Sprites/DropCap Numbers.psd
  artifactKey: Guid(fd09957580ac4326916010f1f260975b) Importer(815301076,1909f56bfc062723c751e8b465ee728b)
Start importing Assets/Plugins/TextMesh Pro/Examples & Extras/Sprites/DropCap Numbers.psd using Guid(fd09957580ac4326916010f1f260975b) Importer(815301076,1909f56bfc062723c751e8b465ee728b)  -> (artifact id: '5205714ab2cb9637e134df6fe7b92b44') in 0.047829 seconds 
  Import took 0.148339 seconds .

========================================================================
Received Import Request.
  Time since last request: 0.000401 seconds.
  path: Assets/Plugins/Demigiant/DOTween/Editor/Imgs/DOTweenIcon.png
  artifactKey: Guid(8da095e39e9b4df488dfd436f81116d6) Importer(815301076,1909f56bfc062723c751e8b465ee728b)
Start importing Assets/Plugins/Demigiant/DOTween/Editor/Imgs/DOTweenIcon.png using Guid(8da095e39e9b4df488dfd436f81116d6) Importer(815301076,1909f56bfc062723c751e8b465ee728b)  -> (artifact id: '5f2ac20eb4ad28bcb2141bd81ca1e9b6') in 0.022811 seconds 
  Import took 0.055665 seconds .

========================================================================
Received Import Request.
  Time since last request: 0.000412 seconds.
  path: Assets/Plugins/Demigiant/DOTween/Editor/Imgs/DOTweenMiniIcon.png
  artifactKey: Guid(61521df2e071645488ba3d05e49289ae) Importer(815301076,1909f56bfc062723c751e8b465ee728b)
Start importing Assets/Plugins/Demigiant/DOTween/Editor/Imgs/DOTweenMiniIcon.png using Guid(61521df2e071645488ba3d05e49289ae) Importer(815301076,1909f56bfc062723c751e8b465ee728b)  -> (artifact id: '4c1664f681ad706e799217b6684d708d') in 0.033931 seconds 
  Import took 0.063630 seconds .

========================================================================
Received Import Request.
  Time since last request: 0.000275 seconds.
  path: Assets/Plugins/TextMesh Pro/Sprites/EmojiOne.png
  artifactKey: Guid(dffef66376be4fa480fb02b19edbe903) Importer(815301076,1909f56bfc062723c751e8b465ee728b)
Start importing Assets/Plugins/TextMesh Pro/Sprites/EmojiOne.png using Guid(dffef66376be4fa480fb02b19edbe903) Importer(815301076,1909f56bfc062723c751e8b465ee728b)  -> (artifact id: '1db07910b781605c6d4cb9918e8f1351') in 0.083546 seconds 
  Import took 0.109519 seconds .

========================================================================
Received Import Request.
  Time since last request: 0.000323 seconds.
  path: Assets/Plugins/TextMesh Pro/Examples & Extras/Fonts/Electronic Highway Sign.TTF
  artifactKey: Guid(8a2b9e2a607dd2143b58c44bc32410b4) Importer(815301076,1909f56bfc062723c751e8b465ee728b)
Start importing Assets/Plugins/TextMesh Pro/Examples & Extras/Fonts/Electronic Highway Sign.TTF using Guid(8a2b9e2a607dd2143b58c44bc32410b4) Importer(815301076,1909f56bfc062723c751e8b465ee728b)  -> (artifact id: 'ac8f6a6f7d487545d0a9b638ac205b3e') in 0.109888 seconds 
  Import took 0.177950 seconds .

========================================================================
Received Import Request.
  Time since last request: 0.000267 seconds.
  path: Assets/Plugins/TextMesh Pro/Examples & Extras/Textures/Fruit Jelly (B&W).jpg
  artifactKey: Guid(1cdc5b506b1a4a33a53c30669ced1f51) Importer(815301076,1909f56bfc062723c751e8b465ee728b)
Start importing Assets/Plugins/TextMesh Pro/Examples & Extras/Textures/Fruit Jelly (B&W).jpg using Guid(1cdc5b506b1a4a33a53c30669ced1f51) Importer(815301076,1909f56bfc062723c751e8b465ee728b)  -> (artifact id: '4bedbc4d2dacd8a4848ea825e5795611') in 0.015260 seconds 
  Import took 0.076749 seconds .

========================================================================
Received Import Request.
  Time since last request: 0.000315 seconds.
  path: Assets/Plugins/TextMesh Pro/Examples & Extras/Fonts/Bangers.ttf
  artifactKey: Guid(5dd49b3eacc540408c98eee0de38e0f1) Importer(815301076,1909f56bfc062723c751e8b465ee728b)
Start importing Assets/Plugins/TextMesh Pro/Examples & Extras/Fonts/Bangers.ttf using Guid(5dd49b3eacc540408c98eee0de38e0f1) Importer(815301076,1909f56bfc062723c751e8b465ee728b)  -> (artifact id: '073ce383465ba52375917df974051475') in 0.037319 seconds 
  Import took 0.051753 seconds .

========================================================================
Received Import Request.
  Time since last request: 0.000359 seconds.
  path: Assets/Plugins/TextMesh Pro/Examples & Extras/Textures/Text Overflow - Linked Text UI Screenshot.png
  artifactKey: Guid(c76d18757a194d618355f05f815cb0a1) Importer(815301076,1909f56bfc062723c751e8b465ee728b)
Start importing Assets/Plugins/TextMesh Pro/Examples & Extras/Textures/Text Overflow - Linked Text UI Screenshot.png using Guid(c76d18757a194d618355f05f815cb0a1) Importer(815301076,1909f56bfc062723c751e8b465ee728b)  -> (artifact id: '273b0d5ddce8de084fda2821f1c39621') in 0.041448 seconds 
  Import took 0.063452 seconds .

========================================================================
Received Import Request.
  Time since last request: 0.000277 seconds.
  path: Assets/Plugins/Zenject/OptionalExtras/IntegrationTests/Resources/TestFromResource/TestTexture.png
  artifactKey: Guid(8de083ec593046642b2fa0c94a0bfd21) Importer(815301076,1909f56bfc062723c751e8b465ee728b)
Start importing Assets/Plugins/Zenject/OptionalExtras/IntegrationTests/Resources/TestFromResource/TestTexture.png using Guid(8de083ec593046642b2fa0c94a0bfd21) Importer(815301076,1909f56bfc062723c751e8b465ee728b)  -> (artifact id: '567806ce84a24cba95a56c3958689253') in 0.008849 seconds 
  Import took 0.048744 seconds .

========================================================================
Received Import Request.
  Time since last request: 0.000301 seconds.
  path: Assets/Plugins/TextMesh Pro/Examples & Extras/Textures/Floor Tiles 1 - diffuse.jpg
  artifactKey: Guid(85ac55597b97403c82fc6601a93cf241) Importer(815301076,1909f56bfc062723c751e8b465ee728b)
Start importing Assets/Plugins/TextMesh Pro/Examples & Extras/Textures/Floor Tiles 1 - diffuse.jpg using Guid(85ac55597b97403c82fc6601a93cf241) Importer(815301076,1909f56bfc062723c751e8b465ee728b)  -> (artifact id: 'dcfd6aac202fd4315f3f5d24ed4ee4ff') in 0.033758 seconds 
  Import took 0.076379 seconds .

========================================================================
Received Import Request.
  Time since last request: 0.000321 seconds.
  path: Assets/Plugins/TextMesh Pro/Examples & Extras/Textures/Floor Cement.jpg
  artifactKey: Guid(283f897e4925411ebbaa758b4cb13fc2) Importer(815301076,1909f56bfc062723c751e8b465ee728b)
Start importing Assets/Plugins/TextMesh Pro/Examples & Extras/Textures/Floor Cement.jpg using Guid(283f897e4925411ebbaa758b4cb13fc2) Importer(815301076,1909f56bfc062723c751e8b465ee728b)  -> (artifact id: 'aae249abb633f269a666117a985fecf0') in 0.017174 seconds 
  Import took 0.075656 seconds .

========================================================================
Received Import Request.
  Time since last request: 0.000313 seconds.
  path: Assets/Plugins/TextMesh Pro/Examples & Extras/Fonts/Anton.ttf
  artifactKey: Guid(997a43b767814dd0a7642ec9b78cba41) Importer(815301076,1909f56bfc062723c751e8b465ee728b)
Start importing Assets/Plugins/TextMesh Pro/Examples & Extras/Fonts/Anton.ttf using Guid(997a43b767814dd0a7642ec9b78cba41) Importer(815301076,1909f56bfc062723c751e8b465ee728b)  -> (artifact id: 'ea9cbf4e9058b0c6de06b1705198fbb1') in 0.073756 seconds 
  Import took 0.149048 seconds .

========================================================================
Received Import Request.
  Time since last request: 0.000336 seconds.
  path: Assets/Plugins/Zenject/OptionalExtras/IntegrationTests/Resources/TestFromResource/TestTexture2.png
  artifactKey: Guid(b425a440f0e76634497b592404c9d18b) Importer(815301076,1909f56bfc062723c751e8b465ee728b)
Start importing Assets/Plugins/Zenject/OptionalExtras/IntegrationTests/Resources/TestFromResource/TestTexture2.png using Guid(b425a440f0e76634497b592404c9d18b) Importer(815301076,1909f56bfc062723c751e8b465ee728b)  -> (artifact id: 'b68405d3171f18554116e99912090d8e') in 0.049076 seconds 
  Import took 0.136427 seconds .

========================================================================
Received Import Request.
  Time since last request: 0.000323 seconds.
  path: Assets/Resources/UI/Space_button.png
  artifactKey: Guid(25bab5eaefefd274a9f3cd3086d85325) Importer(815301076,1909f56bfc062723c751e8b465ee728b)
Start importing Assets/Resources/UI/Space_button.png using Guid(25bab5eaefefd274a9f3cd3086d85325) Importer(815301076,1909f56bfc062723c751e8b465ee728b)  -> (artifact id: 'dc90ad9a5eafbc42309667c1d2ece394') in 0.055939 seconds 
  Import took 0.061507 seconds .

========================================================================
Received Import Request.
  Time since last request: 21.986529 seconds.
  path: Assets/Plugins/TextMesh Pro/Examples & Extras/Textures/Brushed Metal 3.jpg
  artifactKey: Guid(f88677df267a41d6be1e7a6133e7d227) Importer(815301076,1909f56bfc062723c751e8b465ee728b)
Start importing Assets/Plugins/TextMesh Pro/Examples & Extras/Textures/Brushed Metal 3.jpg using Guid(f88677df267a41d6be1e7a6133e7d227) Importer(815301076,1909f56bfc062723c751e8b465ee728b)  -> (artifact id: 'b0f19daf9d2cea199585b0323ff92814') in 0.043691 seconds 
  Import took 0.130263 seconds .

========================================================================
Received Import Request.
  Time since last request: 1226.839314 seconds.
  path: Assets/Plugins/TextMesh Pro/Examples & Extras/Textures/Wipe Pattern - Circle.psd
  artifactKey: Guid(10c49fcd9c64421db7c0133e61e55f97) Importer(815301076,1909f56bfc062723c751e8b465ee728b)
Start importing Assets/Plugins/TextMesh Pro/Examples & Extras/Textures/Wipe Pattern - Circle.psd using Guid(10c49fcd9c64421db7c0133e61e55f97) Importer(815301076,1909f56bfc062723c751e8b465ee728b)  -> (artifact id: '130db33c8199ebb7f611f6f199a5062b') in 0.157183 seconds 
  Import took 0.394985 seconds .

========================================================================
Received Import Request.
  Time since last request: 0.000312 seconds.
  path: Assets/Plugins/TextMesh Pro/Examples & Extras/Textures/Wipe Pattern - Radial Quad.psd
  artifactKey: Guid(2b5e9ae96c5644d8bae932f8b4ca68a2) Importer(815301076,1909f56bfc062723c751e8b465ee728b)
Start importing Assets/Plugins/TextMesh Pro/Examples & Extras/Textures/Wipe Pattern - Radial Quad.psd using Guid(2b5e9ae96c5644d8bae932f8b4ca68a2) Importer(815301076,1909f56bfc062723c751e8b465ee728b)  -> (artifact id: '924273d3fac656b49914fc7262e8afea') in 0.063509 seconds 
  Import took 0.220069 seconds .

========================================================================
Received Import Request.
  Time since last request: 0.000289 seconds.
  path: Assets/Plugins/TextMesh Pro/Examples & Extras/Textures/Wipe Pattern - Diagonal.psd
  artifactKey: Guid(ed5290d8df18488780e2996b9b882f01) Importer(815301076,1909f56bfc062723c751e8b465ee728b)
Start importing Assets/Plugins/TextMesh Pro/Examples & Extras/Textures/Wipe Pattern - Diagonal.psd using Guid(ed5290d8df18488780e2996b9b882f01) Importer(815301076,1909f56bfc062723c751e8b465ee728b)  -> (artifact id: '7fe6db03baa0f06a38e08f39a234590b') in 0.055174 seconds 
  Import took 0.169802 seconds .

========================================================================
Received Import Request.
  Time since last request: 0.000865 seconds.
  path: Assets/Plugins/TextMesh Pro/Examples & Extras/Textures/Wipe Pattern - Radial Double.psd
  artifactKey: Guid(7631f4eff8f74ed38eb3eb9db17134e1) Importer(815301076,1909f56bfc062723c751e8b465ee728b)
Start importing Assets/Plugins/TextMesh Pro/Examples & Extras/Textures/Wipe Pattern - Radial Double.psd using Guid(7631f4eff8f74ed38eb3eb9db17134e1) Importer(815301076,1909f56bfc062723c751e8b465ee728b)  -> (artifact id: '61e7a283d5d2f9668d77c8eeb40d1e1f') in 0.042117 seconds 
  Import took 0.215077 seconds .

========================================================================
Received Import Request.
  Time since last request: 9.461702 seconds.
  path: Assets/Plugins/Zenject/OptionalExtras/MemoryPoolMonitor/Editor/TriangleDown.png
  artifactKey: Guid(fd2add38dc259eb49a3e7fc331758b7e) Importer(815301076,1909f56bfc062723c751e8b465ee728b)
Start importing Assets/Plugins/Zenject/OptionalExtras/MemoryPoolMonitor/Editor/TriangleDown.png using Guid(fd2add38dc259eb49a3e7fc331758b7e) Importer(815301076,1909f56bfc062723c751e8b465ee728b)  -> (artifact id: '412625b94b5649b11371b17edd93b4a3') in 0.162652 seconds 
  Import took 0.257818 seconds .

========================================================================
Received Import Request.
  Time since last request: 0.000830 seconds.
  path: Assets/Plugins/Zenject/OptionalExtras/MemoryPoolMonitor/Editor/TriangleUp.png
  artifactKey: Guid(ac5b05acff67c77418510f95f0ac9bb1) Importer(815301076,1909f56bfc062723c751e8b465ee728b)
Start importing Assets/Plugins/Zenject/OptionalExtras/MemoryPoolMonitor/Editor/TriangleUp.png using Guid(ac5b05acff67c77418510f95f0ac9bb1) Importer(815301076,1909f56bfc062723c751e8b465ee728b)  -> (artifact id: 'c9fdcaa1093451677e3177b29d3621f6') in 0.042165 seconds 
  Import took 0.187339 seconds .

========================================================================
Received Import Request.
  Time since last request: 0.001919 seconds.
  path: Assets/Resources/UI/V_button.png
  artifactKey: Guid(274856ab9d9ca324d8161c2233f4500d) Importer(815301076,1909f56bfc062723c751e8b465ee728b)
Start importing Assets/Resources/UI/V_button.png using Guid(274856ab9d9ca324d8161c2233f4500d) Importer(815301076,1909f56bfc062723c751e8b465ee728b)  -> (artifact id: '6c412f69a8ba87838f285d6fdae41889') in 0.053438 seconds 
  Import took 0.118893 seconds .

========================================================================
Received Import Request.
  Time since last request: 539.084139 seconds.
  path: Assets/Resources/FORD_BRONCO_1970-1975.fbx
  artifactKey: Guid(0b73532d36774f4438baaa5cd7ec2876) Importer(815301076,1909f56bfc062723c751e8b465ee728b)
Start importing Assets/Resources/FORD_BRONCO_1970-1975.fbx using Guid(0b73532d36774f4438baaa5cd7ec2876) Importer(815301076,1909f56bfc062723c751e8b465ee728b)  -> (artifact id: '234c8b5c9751afedb0eef7258c1a590b') in 1.201597 seconds 
  Import took 1.340605 seconds .

========================================================================
Received Prepare
Registering precompiled user dll's ...
Registered in 0.004832 seconds.
Begin MonoManager ReloadAssembly
Native extension for WindowsStandalone target not found
Native extension for WebGL target not found
Refreshing native plugins compatible for Editor in 1.00 ms, found 2 plugins.
Preloading 0 native plugins for Editor in 0.00 ms.
Mono: successfully reloaded assembly
- Completed reload, in  1.426 seconds
Domain Reload Profiling:
	ReloadAssembly (1427ms)
		BeginReloadAssembly (183ms)
			ExecutionOrderSort (0ms)
			DisableScriptedObjects (8ms)
			BackupInstance (0ms)
			ReleaseScriptingObjects (0ms)
			CreateAndSetChildDomain (67ms)
		EndReloadAssembly (1157ms)
			LoadAssemblies (133ms)
			RebuildTransferFunctionScriptingTraits (0ms)
			SetupTypeCache (427ms)
			ReleaseScriptCaches (1ms)
			RebuildScriptCaches (55ms)
			SetupLoadedEditorAssemblies (412ms)
				LogAssemblyErrors (0ms)
				InitializePlatformSupportModulesInManaged (8ms)
				SetLoadedEditorAssemblies (1ms)
				RefreshPlugins (1ms)
				BeforeProcessingInitializeOnLoad (106ms)
				ProcessInitializeOnLoadAttributes (282ms)
				ProcessInitializeOnLoadMethodAttributes (4ms)
				AfterProcessingInitializeOnLoad (9ms)
				EditorAssembliesLoaded (0ms)
			ExecutionOrderSort2 (0ms)
			AwakeInstancesAfterBackupRestoration (10ms)
Platform modules already initialized, skipping
Refreshing native plugins compatible for Editor in 0.93 ms, found 2 plugins.
Preloading 0 native plugins for Editor in 0.00 ms.
Unloading 2216 Unused Serialized files (Serialized files now loaded: 0)
System memory in use before: 183.7 MB.
System memory in use after: 183.9 MB.

Unloading 20 unused Assets to reduce memory usage. Loaded Objects now: 2801.
Total: 4.120600 ms (FindLiveObjects: 0.288500 ms CreateObjectMapping: 0.066400 ms MarkObjects: 3.723800 ms  DeleteObjects: 0.040200 ms)

AssetImportParameters requested are different than current active one (requested -> active):
  custom:framework-win-MediaFoundation: 216162199b28c13a410421893ffa2e32 -> 
  custom:video-decoder-ogg-theora: a1e56fd34408186e4bbccfd4996cb3dc -> 
  custom:container-muxer-webm: aa71ff27fc2769a1b78a27578f13a17b -> 
  custom:container-demuxer-webm: 4f35f7cbe854078d1ac9338744f61a02 -> 
  custom:container-demuxer-ogg: 62fdf1f143b41e24485cea50d1cbac27 -> 
  custom:video-encoder-webm-vp8: eb34c28f22e8b96e1ab97ce403110664 -> 
  custom:video-decoder-webm-vp8: 9c59270c3fd7afecdb556c50c9e8de78 -> 
  custom:audio-decoder-ogg-vorbis: bf7c407c2cedff20999df2af8eb42d56 -> 
  custom:audio-encoder-webm-vorbis: bf7c407c2cedff20999df2af8eb42d56 -> 
========================================================================
Received Import Request.
  Time since last request: 335.795672 seconds.
  path: Assets/Resources/FORD_BRONCO_1970-1975.mat
  artifactKey: Guid(3cfdd2e74ecb92345b5b4748e19d70d7) Importer(815301076,1909f56bfc062723c751e8b465ee728b)
Start importing Assets/Resources/FORD_BRONCO_1970-1975.mat using Guid(3cfdd2e74ecb92345b5b4748e19d70d7) Importer(815301076,1909f56bfc062723c751e8b465ee728b)  -> (artifact id: 'c065e758ec449b83fd6274fa25051bb1') in 0.104014 seconds 
  Import took 0.182259 seconds .

========================================================================
Received Import Request.
  Time since last request: 6.825171 seconds.
  path: Assets/Materials/Ford Material/FORD_BRONCO_1970-1975.mat
  artifactKey: Guid(8d04180c98cc03c409434324ab18aec2) Importer(815301076,1909f56bfc062723c751e8b465ee728b)
Start importing Assets/Materials/Ford Material/FORD_BRONCO_1970-1975.mat using Guid(8d04180c98cc03c409434324ab18aec2) Importer(815301076,1909f56bfc062723c751e8b465ee728b)  -> (artifact id: '27818b5e78e006ca74cf30f07f84abbc') in 0.016582 seconds 
  Import took 0.197585 seconds .

========================================================================
Received Import Request.
  Time since last request: 45.094456 seconds.
  path: Assets/Resources/Rim_metalic.mat
  artifactKey: Guid(3cfdd2e74ecb92345b5b4748e19d70d7) Importer(815301076,1909f56bfc062723c751e8b465ee728b)
Start importing Assets/Resources/Rim_metalic.mat using Guid(3cfdd2e74ecb92345b5b4748e19d70d7) Importer(815301076,1909f56bfc062723c751e8b465ee728b)  -> (artifact id: 'a98506c7b57d7d03e51927511a68afa8') in 0.024381 seconds 
  Import took 0.184145 seconds .

========================================================================
Received Import Request.
  Time since last request: 24.420629 seconds.
  path: Assets/Resources/FORD_BRONCO_1970-1975.mat
  artifactKey: Guid(17d5198d139c1a14aaa23195cc338281) Importer(815301076,1909f56bfc062723c751e8b465ee728b)
Start importing Assets/Resources/FORD_BRONCO_1970-1975.mat using Guid(17d5198d139c1a14aaa23195cc338281) Importer(815301076,1909f56bfc062723c751e8b465ee728b)  -> (artifact id: 'c8e6664886aee63efa06130626fce105') in 0.013716 seconds 
  Import took 0.072260 seconds .

========================================================================
Received Import Request.
  Time since last request: 18.223920 seconds.
  path: Assets/Resources/composite_rubber.mat
  artifactKey: Guid(17d5198d139c1a14aaa23195cc338281) Importer(815301076,1909f56bfc062723c751e8b465ee728b)
Start importing Assets/Resources/composite_rubber.mat using Guid(17d5198d139c1a14aaa23195cc338281) Importer(815301076,1909f56bfc062723c751e8b465ee728b)  -> (artifact id: 'fa70450ea063aeafaeb0162372358533') in 0.015612 seconds 
  Import took 0.114261 seconds .

========================================================================
Received Import Request.
  Time since last request: 12.360625 seconds.
  path: Assets/Resources/Composite_rubber.mat
  artifactKey: Guid(17d5198d139c1a14aaa23195cc338281) Importer(815301076,1909f56bfc062723c751e8b465ee728b)
Start importing Assets/Resources/Composite_rubber.mat using Guid(17d5198d139c1a14aaa23195cc338281) Importer(815301076,1909f56bfc062723c751e8b465ee728b)  -> (artifact id: 'd1f93b561557adb60a35bcc0377e7eb4') in 0.023789 seconds 
  Import took 0.044670 seconds .

========================================================================
Received Import Request.
  Time since last request: 445.911008 seconds.
  path: Assets/Resources/FORD_BRONCO_1970-1975.fbx
  artifactKey: Guid(0b73532d36774f4438baaa5cd7ec2876) Importer(815301076,1909f56bfc062723c751e8b465ee728b)
Start importing Assets/Resources/FORD_BRONCO_1970-1975.fbx using Guid(0b73532d36774f4438baaa5cd7ec2876) Importer(815301076,1909f56bfc062723c751e8b465ee728b)  -> (artifact id: 'e0c11c49b3dce07a9deb97caea9b883f') in 0.896225 seconds 
  Import took 1.006641 seconds .

========================================================================
Received Import Request.
  Time since last request: 446.638568 seconds.
  path: Assets/Materials/Ford Material
  artifactKey: Guid(7f9d4622cf27d9e4695343b8bafde629) Importer(815301076,1909f56bfc062723c751e8b465ee728b)
Start importing Assets/Materials/Ford Material using Guid(7f9d4622cf27d9e4695343b8bafde629) Importer(815301076,1909f56bfc062723c751e8b465ee728b)  -> (artifact id: '9f63615a513f4b4f5e5b4d17a0d48855') in 0.002203 seconds 
  Import took 0.341230 seconds .

========================================================================
Received Import Request.
  Time since last request: 45.385828 seconds.
  path: Assets/Resources/FORD_BRONCO_1970-1975.mat
  artifactKey: Guid(b349cb3c41ef9b24fb9b8f9251cfdca7) Importer(815301076,1909f56bfc062723c751e8b465ee728b)
Start importing Assets/Resources/FORD_BRONCO_1970-1975.mat using Guid(b349cb3c41ef9b24fb9b8f9251cfdca7) Importer(815301076,1909f56bfc062723c751e8b465ee728b)  -> (artifact id: '87aae00ddffefbefa92181570d80271e') in 0.022218 seconds 
  Import took 0.140750 seconds .

========================================================================
Received Import Request.
  Time since last request: 12.235306 seconds.
  path: Assets/Materials/Ford Material/Front_lights.mat
  artifactKey: Guid(b349cb3c41ef9b24fb9b8f9251cfdca7) Importer(815301076,1909f56bfc062723c751e8b465ee728b)
Start importing Assets/Materials/Ford Material/Front_lights.mat using Guid(b349cb3c41ef9b24fb9b8f9251cfdca7) Importer(815301076,1909f56bfc062723c751e8b465ee728b)  -> (artifact id: '348d8376c53315d39ba3b50d97f8f4a9') in 0.029143 seconds 
  Import took 0.098314 seconds .

========================================================================
Received Import Request.
  Time since last request: 292.252975 seconds.
  path: Assets/Resources/FORD_BRONCO_1970-1975.mat
  artifactKey: Guid(2f6bbdacd55253b40a69a14844432fc3) Importer(815301076,1909f56bfc062723c751e8b465ee728b)
Start importing Assets/Resources/FORD_BRONCO_1970-1975.mat using Guid(2f6bbdacd55253b40a69a14844432fc3) Importer(815301076,1909f56bfc062723c751e8b465ee728b)  -> (artifact id: 'ef38cf6be017d06f0d4c8fc9fccb347a') in 0.021525 seconds 
  Import took 0.033764 seconds .

========================================================================
Received Import Request.
  Time since last request: 20.430802 seconds.
  path: Assets/Materials/Ford Material/BackLights.mat
  artifactKey: Guid(2f6bbdacd55253b40a69a14844432fc3) Importer(815301076,1909f56bfc062723c751e8b465ee728b)
Start importing Assets/Materials/Ford Material/BackLights.mat using Guid(2f6bbdacd55253b40a69a14844432fc3) Importer(815301076,1909f56bfc062723c751e8b465ee728b)  -> (artifact id: '140658cf3ce277827aee102f89b4774f') in 0.021375 seconds 
  Import took 0.091609 seconds .

========================================================================
Received Import Request.
  Time since last request: 102.036522 seconds.
  path: Assets/Materials/Ford Material/New Material.mat
  artifactKey: Guid(4cee4997f705c594db5ead9b34ed299b) Importer(815301076,1909f56bfc062723c751e8b465ee728b)
Start importing Assets/Materials/Ford Material/New Material.mat using Guid(4cee4997f705c594db5ead9b34ed299b) Importer(815301076,1909f56bfc062723c751e8b465ee728b)  -> (artifact id: '3ff6f7ebc129d0bd6e1200fe93fc1714') in 0.018954 seconds 
  Import took 0.059114 seconds .

========================================================================
Received Import Request.
  Time since last request: 42.362017 seconds.
  path: Assets/Materials/Ford Material/glass.mat
  artifactKey: Guid(4cee4997f705c594db5ead9b34ed299b) Importer(815301076,1909f56bfc062723c751e8b465ee728b)
Start importing Assets/Materials/Ford Material/glass.mat using Guid(4cee4997f705c594db5ead9b34ed299b) Importer(815301076,1909f56bfc062723c751e8b465ee728b)  -> (artifact id: '808dc01f91fa1b6cb2d4e45fc3962e33') in 0.017138 seconds 
  Import took 0.023799 seconds .

========================================================================
Received Import Request.
  Time since last request: 887.206834 seconds.
  path: Assets/Materials/Ford Material/Composite_rubber.mat
  artifactKey: Guid(17d5198d139c1a14aaa23195cc338281) Importer(815301076,1909f56bfc062723c751e8b465ee728b)
Start importing Assets/Materials/Ford Material/Composite_rubber.mat using Guid(17d5198d139c1a14aaa23195cc338281) Importer(815301076,1909f56bfc062723c751e8b465ee728b)  -> (artifact id: '682a665d16db1295c7166d4a05472832') in 0.025664 seconds 
  Import took 0.101225 seconds .

========================================================================
Received Import Request.
  Time since last request: 0.000418 seconds.
  path: Assets/Materials/Ford Material/glass.mat
  artifactKey: Guid(4cee4997f705c594db5ead9b34ed299b) Importer(815301076,1909f56bfc062723c751e8b465ee728b)
Start importing Assets/Materials/Ford Material/glass.mat using Guid(4cee4997f705c594db5ead9b34ed299b) Importer(815301076,1909f56bfc062723c751e8b465ee728b)  -> (artifact id: 'e583de7b2e4b5060afcd075293829915') in 0.022737 seconds 
  Import took 0.128928 seconds .

========================================================================
Received Import Request.
  Time since last request: 0.000286 seconds.
  path: Assets/Materials/Ford Material/Front_lights.mat
  artifactKey: Guid(b349cb3c41ef9b24fb9b8f9251cfdca7) Importer(815301076,1909f56bfc062723c751e8b465ee728b)
Start importing Assets/Materials/Ford Material/Front_lights.mat using Guid(b349cb3c41ef9b24fb9b8f9251cfdca7) Importer(815301076,1909f56bfc062723c751e8b465ee728b)  -> (artifact id: '75a9a154a8a594c269a1e825cbef3f8b') in 0.032461 seconds 
  Import took 0.093648 seconds .

========================================================================
Received Import Request.
  Time since last request: 0.000417 seconds.
  path: Assets/Materials/Ford Material/Rim_metalic.mat
  artifactKey: Guid(3cfdd2e74ecb92345b5b4748e19d70d7) Importer(815301076,1909f56bfc062723c751e8b465ee728b)
Start importing Assets/Materials/Ford Material/Rim_metalic.mat using Guid(3cfdd2e74ecb92345b5b4748e19d70d7) Importer(815301076,1909f56bfc062723c751e8b465ee728b)  -> (artifact id: 'd0dcea77648cb03e0d3f2e3353c53df0') in 0.016879 seconds 
  Import took 0.169716 seconds .

========================================================================
Received Import Request.
  Time since last request: 32.694628 seconds.
  path: Assets/Resources/FORD_BRONCO_1970-1975.fbx
  artifactKey: Guid(0b73532d36774f4438baaa5cd7ec2876) Importer(815301076,1909f56bfc062723c751e8b465ee728b)
Start importing Assets/Resources/FORD_BRONCO_1970-1975.fbx using Guid(0b73532d36774f4438baaa5cd7ec2876) Importer(815301076,1909f56bfc062723c751e8b465ee728b)  -> (artifact id: '1a97618c6b2c3f42efbcfb65eaf513bb') in 0.869448 seconds 
  Import took 1.154244 seconds .

========================================================================
Received Import Request.
  Time since last request: 48.051125 seconds.
  path: Assets/Resources/FORD_BRONCO_1970-1975.fbx
  artifactKey: Guid(0b73532d36774f4438baaa5cd7ec2876) Importer(815301076,1909f56bfc062723c751e8b465ee728b)
Start importing Assets/Resources/FORD_BRONCO_1970-1975.fbx using Guid(0b73532d36774f4438baaa5cd7ec2876) Importer(815301076,1909f56bfc062723c751e8b465ee728b)  -> (artifact id: '3348f3fb9ea8752bb1a18b96a75b2c92') in 0.752242 seconds 
  Import took 0.810601 seconds .

========================================================================
Received Prepare
Registering precompiled user dll's ...
Registered in 0.177457 seconds.
Begin MonoManager ReloadAssembly
Native extension for WindowsStandalone target not found
Native extension for WebGL target not found
Refreshing native plugins compatible for Editor in 0.65 ms, found 2 plugins.
Preloading 0 native plugins for Editor in 0.00 ms.
Mono: successfully reloaded assembly
- Completed reload, in  2.327 seconds
Domain Reload Profiling:
	ReloadAssembly (2342ms)
		BeginReloadAssembly (656ms)
			ExecutionOrderSort (0ms)
			DisableScriptedObjects (85ms)
			BackupInstance (0ms)
			ReleaseScriptingObjects (1ms)
			CreateAndSetChildDomain (378ms)
		EndReloadAssembly (1548ms)
			LoadAssemblies (187ms)
			RebuildTransferFunctionScriptingTraits (0ms)
			SetupTypeCache (541ms)
			ReleaseScriptCaches (4ms)
			RebuildScriptCaches (63ms)
			SetupLoadedEditorAssemblies (603ms)
				LogAssemblyErrors (0ms)
				InitializePlatformSupportModulesInManaged (12ms)
				SetLoadedEditorAssemblies (1ms)
				RefreshPlugins (1ms)
				BeforeProcessingInitializeOnLoad (219ms)
				ProcessInitializeOnLoadAttributes (350ms)
				ProcessInitializeOnLoadMethodAttributes (8ms)
				AfterProcessingInitializeOnLoad (11ms)
				EditorAssembliesLoaded (1ms)
			ExecutionOrderSort2 (0ms)
			AwakeInstancesAfterBackupRestoration (26ms)
Platform modules already initialized, skipping
Refreshing native plugins compatible for Editor in 0.76 ms, found 2 plugins.
Preloading 0 native plugins for Editor in 0.00 ms.
Unloading 2216 Unused Serialized files (Serialized files now loaded: 0)
System memory in use before: 184.0 MB.
System memory in use after: 184.2 MB.

Unloading 20 unused Assets to reduce memory usage. Loaded Objects now: 2804.
Total: 3.954100 ms (FindLiveObjects: 0.302000 ms CreateObjectMapping: 0.067600 ms MarkObjects: 3.500400 ms  DeleteObjects: 0.081700 ms)

AssetImportParameters requested are different than current active one (requested -> active):
  custom:framework-win-MediaFoundation: 216162199b28c13a410421893ffa2e32 -> 
  custom:video-decoder-ogg-theora: a1e56fd34408186e4bbccfd4996cb3dc -> 
  custom:container-muxer-webm: aa71ff27fc2769a1b78a27578f13a17b -> 
  custom:container-demuxer-webm: 4f35f7cbe854078d1ac9338744f61a02 -> 
  custom:container-demuxer-ogg: 62fdf1f143b41e24485cea50d1cbac27 -> 
  custom:video-encoder-webm-vp8: eb34c28f22e8b96e1ab97ce403110664 -> 
  custom:video-decoder-webm-vp8: 9c59270c3fd7afecdb556c50c9e8de78 -> 
  custom:audio-decoder-ogg-vorbis: bf7c407c2cedff20999df2af8eb42d56 -> 
  custom:audio-encoder-webm-vorbis: bf7c407c2cedff20999df2af8eb42d56 -> 
========================================================================
Received Prepare
Registering precompiled user dll's ...
Registered in 0.006621 seconds.
Begin MonoManager ReloadAssembly
Native extension for WindowsStandalone target not found
Native extension for WebGL target not found
Refreshing native plugins compatible for Editor in 1.04 ms, found 2 plugins.
Preloading 0 native plugins for Editor in 0.00 ms.
Mono: successfully reloaded assembly
- Completed reload, in  1.631 seconds
Domain Reload Profiling:
	ReloadAssembly (1632ms)
		BeginReloadAssembly (176ms)
			ExecutionOrderSort (0ms)
			DisableScriptedObjects (6ms)
			BackupInstance (0ms)
			ReleaseScriptingObjects (0ms)
			CreateAndSetChildDomain (53ms)
		EndReloadAssembly (1346ms)
			LoadAssemblies (160ms)
			RebuildTransferFunctionScriptingTraits (0ms)
			SetupTypeCache (559ms)
			ReleaseScriptCaches (1ms)
			RebuildScriptCaches (62ms)
			SetupLoadedEditorAssemblies (438ms)
				LogAssemblyErrors (0ms)
				InitializePlatformSupportModulesInManaged (11ms)
				SetLoadedEditorAssemblies (1ms)
				RefreshPlugins (1ms)
				BeforeProcessingInitializeOnLoad (102ms)
				ProcessInitializeOnLoadAttributes (308ms)
				ProcessInitializeOnLoadMethodAttributes (5ms)
				AfterProcessingInitializeOnLoad (10ms)
				EditorAssembliesLoaded (0ms)
			ExecutionOrderSort2 (0ms)
			AwakeInstancesAfterBackupRestoration (9ms)
Platform modules already initialized, skipping
Refreshing native plugins compatible for Editor in 0.73 ms, found 2 plugins.
Preloading 0 native plugins for Editor in 0.00 ms.
Unloading 2216 Unused Serialized files (Serialized files now loaded: 0)
System memory in use before: 184.0 MB.
System memory in use after: 184.2 MB.

Unloading 19 unused Assets to reduce memory usage. Loaded Objects now: 2806.
Total: 4.169300 ms (FindLiveObjects: 0.302500 ms CreateObjectMapping: 0.067100 ms MarkObjects: 3.771700 ms  DeleteObjects: 0.025900 ms)

AssetImportParameters requested are different than current active one (requested -> active):
  custom:framework-win-MediaFoundation: 216162199b28c13a410421893ffa2e32 -> 
  custom:video-decoder-ogg-theora: a1e56fd34408186e4bbccfd4996cb3dc -> 
  custom:container-muxer-webm: aa71ff27fc2769a1b78a27578f13a17b -> 
  custom:container-demuxer-webm: 4f35f7cbe854078d1ac9338744f61a02 -> 
  custom:container-demuxer-ogg: 62fdf1f143b41e24485cea50d1cbac27 -> 
  custom:video-encoder-webm-vp8: eb34c28f22e8b96e1ab97ce403110664 -> 
  custom:video-decoder-webm-vp8: 9c59270c3fd7afecdb556c50c9e8de78 -> 
  custom:audio-decoder-ogg-vorbis: bf7c407c2cedff20999df2af8eb42d56 -> 
  custom:audio-encoder-webm-vorbis: bf7c407c2cedff20999df2af8eb42d56 -> 
========================================================================
Received Prepare
Registering precompiled user dll's ...
Registered in 0.006427 seconds.
Begin MonoManager ReloadAssembly
Native extension for WindowsStandalone target not found
Native extension for WebGL target not found
Refreshing native plugins compatible for Editor in 0.84 ms, found 2 plugins.
Preloading 0 native plugins for Editor in 0.00 ms.
Mono: successfully reloaded assembly
- Completed reload, in  1.625 seconds
Domain Reload Profiling:
	ReloadAssembly (1625ms)
		BeginReloadAssembly (182ms)
			ExecutionOrderSort (0ms)
			DisableScriptedObjects (6ms)
			BackupInstance (0ms)
			ReleaseScriptingObjects (0ms)
			CreateAndSetChildDomain (64ms)
		EndReloadAssembly (1323ms)
			LoadAssemblies (168ms)
			RebuildTransferFunctionScriptingTraits (0ms)
			SetupTypeCache (506ms)
			ReleaseScriptCaches (1ms)
			RebuildScriptCaches (56ms)
			SetupLoadedEditorAssemblies (456ms)
				LogAssemblyErrors (0ms)
				InitializePlatformSupportModulesInManaged (8ms)
				SetLoadedEditorAssemblies (1ms)
				RefreshPlugins (1ms)
				BeforeProcessingInitializeOnLoad (105ms)
				ProcessInitializeOnLoadAttributes (320ms)
				ProcessInitializeOnLoadMethodAttributes (10ms)
				AfterProcessingInitializeOnLoad (11ms)
				EditorAssembliesLoaded (0ms)
			ExecutionOrderSort2 (0ms)
			AwakeInstancesAfterBackupRestoration (10ms)
Platform modules already initialized, skipping
Refreshing native plugins compatible for Editor in 0.68 ms, found 2 plugins.
Preloading 0 native plugins for Editor in 0.00 ms.
Unloading 2216 Unused Serialized files (Serialized files now loaded: 0)
System memory in use before: 184.0 MB.
System memory in use after: 184.2 MB.

Unloading 19 unused Assets to reduce memory usage. Loaded Objects now: 2808.
Total: 5.510700 ms (FindLiveObjects: 0.412400 ms CreateObjectMapping: 0.103700 ms MarkObjects: 4.961300 ms  DeleteObjects: 0.030900 ms)

AssetImportParameters requested are different than current active one (requested -> active):
  custom:framework-win-MediaFoundation: 216162199b28c13a410421893ffa2e32 -> 
  custom:video-decoder-ogg-theora: a1e56fd34408186e4bbccfd4996cb3dc -> 
  custom:container-muxer-webm: aa71ff27fc2769a1b78a27578f13a17b -> 
  custom:container-demuxer-webm: 4f35f7cbe854078d1ac9338744f61a02 -> 
  custom:container-demuxer-ogg: 62fdf1f143b41e24485cea50d1cbac27 -> 
  custom:video-encoder-webm-vp8: eb34c28f22e8b96e1ab97ce403110664 -> 
  custom:video-decoder-webm-vp8: 9c59270c3fd7afecdb556c50c9e8de78 -> 
  custom:audio-decoder-ogg-vorbis: bf7c407c2cedff20999df2af8eb42d56 -> 
  custom:audio-encoder-webm-vorbis: bf7c407c2cedff20999df2af8eb42d56 -> 
========================================================================
Received Prepare
Registering precompiled user dll's ...
Registered in 0.004907 seconds.
Begin MonoManager ReloadAssembly
Native extension for WindowsStandalone target not found
Native extension for WebGL target not found
Refreshing native plugins compatible for Editor in 0.63 ms, found 2 plugins.
Preloading 0 native plugins for Editor in 0.00 ms.
Mono: successfully reloaded assembly
- Completed reload, in  1.534 seconds
Domain Reload Profiling:
	ReloadAssembly (1534ms)
		BeginReloadAssembly (199ms)
			ExecutionOrderSort (0ms)
			DisableScriptedObjects (7ms)
			BackupInstance (0ms)
			ReleaseScriptingObjects (0ms)
			CreateAndSetChildDomain (75ms)
		EndReloadAssembly (1241ms)
			LoadAssemblies (141ms)
			RebuildTransferFunctionScriptingTraits (0ms)
			SetupTypeCache (446ms)
			ReleaseScriptCaches (1ms)
			RebuildScriptCaches (59ms)
			SetupLoadedEditorAssemblies (468ms)
				LogAssemblyErrors (0ms)
				InitializePlatformSupportModulesInManaged (10ms)
				SetLoadedEditorAssemblies (1ms)
				RefreshPlugins (1ms)
				BeforeProcessingInitializeOnLoad (121ms)
				ProcessInitializeOnLoadAttributes (321ms)
				ProcessInitializeOnLoadMethodAttributes (5ms)
				AfterProcessingInitializeOnLoad (9ms)
				EditorAssembliesLoaded (1ms)
			ExecutionOrderSort2 (0ms)
			AwakeInstancesAfterBackupRestoration (11ms)
Platform modules already initialized, skipping
Refreshing native plugins compatible for Editor in 0.67 ms, found 2 plugins.
Preloading 0 native plugins for Editor in 0.00 ms.
Unloading 2216 Unused Serialized files (Serialized files now loaded: 0)
System memory in use before: 183.9 MB.
System memory in use after: 184.1 MB.

Unloading 19 unused Assets to reduce memory usage. Loaded Objects now: 2810.
Total: 5.527700 ms (FindLiveObjects: 0.387400 ms CreateObjectMapping: 0.181600 ms MarkObjects: 4.928100 ms  DeleteObjects: 0.028400 ms)

AssetImportParameters requested are different than current active one (requested -> active):
  custom:framework-win-MediaFoundation: 216162199b28c13a410421893ffa2e32 -> 
  custom:video-decoder-ogg-theora: a1e56fd34408186e4bbccfd4996cb3dc -> 
  custom:container-muxer-webm: aa71ff27fc2769a1b78a27578f13a17b -> 
  custom:container-demuxer-webm: 4f35f7cbe854078d1ac9338744f61a02 -> 
  custom:container-demuxer-ogg: 62fdf1f143b41e24485cea50d1cbac27 -> 
  custom:video-encoder-webm-vp8: eb34c28f22e8b96e1ab97ce403110664 -> 
  custom:video-decoder-webm-vp8: 9c59270c3fd7afecdb556c50c9e8de78 -> 
  custom:audio-decoder-ogg-vorbis: bf7c407c2cedff20999df2af8eb42d56 -> 
  custom:audio-encoder-webm-vorbis: bf7c407c2cedff20999df2af8eb42d56 -> 
AssetImportWorkerClient::OnTransportError - code=2 error=End of file
